{"/Users/cairui/Desktop/CSE110/cse110-w21-group5/source/js/pomodoro.js": {"path":"/Users/cairui/Desktop/CSE110/cse110-w21-group5/source/js/pomodoro.js","statementMap":{"0":{"start":{"line":8,"column":4},"end":{"line":15,"column":5}},"1":{"start":{"line":9,"column":21},"end":{"line":9,"column":35}},"2":{"start":{"line":10,"column":28},"end":{"line":10,"column":49}},"3":{"start":{"line":11,"column":27},"end":{"line":11,"column":47}},"4":{"start":{"line":12,"column":24},"end":{"line":12,"column":41}},"5":{"start":{"line":13,"column":22},"end":{"line":13,"column":37}},"6":{"start":{"line":14,"column":17},"end":{"line":14,"column":34}},"7":{"start":{"line":18,"column":0},"end":{"line":22,"column":1}},"8":{"start":{"line":20,"column":4},"end":{"line":20,"column":25}},"9":{"start":{"line":21,"column":4},"end":{"line":21,"column":21}},"10":{"start":{"line":26,"column":26},"end":{"line":26,"column":58}},"11":{"start":{"line":27,"column":26},"end":{"line":27,"column":57}},"12":{"start":{"line":28,"column":26},"end":{"line":28,"column":58}},"13":{"start":{"line":31,"column":26},"end":{"line":31,"column":57}},"14":{"start":{"line":32,"column":26},"end":{"line":32,"column":68}},"15":{"start":{"line":33,"column":26},"end":{"line":33,"column":66}},"16":{"start":{"line":34,"column":26},"end":{"line":34,"column":66}},"17":{"start":{"line":35,"column":26},"end":{"line":35,"column":72}},"18":{"start":{"line":36,"column":26},"end":{"line":36,"column":72}},"19":{"start":{"line":39,"column":26},"end":{"line":39,"column":62}},"20":{"start":{"line":40,"column":26},"end":{"line":40,"column":65}},"21":{"start":{"line":41,"column":26},"end":{"line":41,"column":65}},"22":{"start":{"line":42,"column":26},"end":{"line":42,"column":64}},"23":{"start":{"line":43,"column":26},"end":{"line":43,"column":65}},"24":{"start":{"line":44,"column":26},"end":{"line":44,"column":68}},"25":{"start":{"line":45,"column":26},"end":{"line":45,"column":70}},"26":{"start":{"line":46,"column":26},"end":{"line":46,"column":63}},"27":{"start":{"line":47,"column":26},"end":{"line":47,"column":71}},"28":{"start":{"line":48,"column":26},"end":{"line":48,"column":70}},"29":{"start":{"line":49,"column":26},"end":{"line":49,"column":65}},"30":{"start":{"line":52,"column":4},"end":{"line":53,"column":74}},"31":{"start":{"line":55,"column":4},"end":{"line":66,"column":7}},"32":{"start":{"line":57,"column":8},"end":{"line":57,"column":36}},"33":{"start":{"line":58,"column":8},"end":{"line":58,"column":42}},"34":{"start":{"line":59,"column":8},"end":{"line":59,"column":41}},"35":{"start":{"line":62,"column":8},"end":{"line":62,"column":35}},"36":{"start":{"line":63,"column":8},"end":{"line":63,"column":40}},"37":{"start":{"line":64,"column":8},"end":{"line":64,"column":40}},"38":{"start":{"line":65,"column":8},"end":{"line":65,"column":41}},"39":{"start":{"line":68,"column":4},"end":{"line":70,"column":7}},"40":{"start":{"line":69,"column":8},"end":{"line":69,"column":31}},"41":{"start":{"line":72,"column":4},"end":{"line":79,"column":7}},"42":{"start":{"line":73,"column":8},"end":{"line":73,"column":32}},"43":{"start":{"line":76,"column":8},"end":{"line":76,"column":41}},"44":{"start":{"line":77,"column":8},"end":{"line":77,"column":39}},"45":{"start":{"line":78,"column":8},"end":{"line":78,"column":40}},"46":{"start":{"line":81,"column":4},"end":{"line":89,"column":7}},"47":{"start":{"line":82,"column":8},"end":{"line":88,"column":9}},"48":{"start":{"line":83,"column":12},"end":{"line":83,"column":44}},"49":{"start":{"line":84,"column":12},"end":{"line":84,"column":52}},"50":{"start":{"line":86,"column":12},"end":{"line":86,"column":44}},"51":{"start":{"line":87,"column":12},"end":{"line":87,"column":53}},"52":{"start":{"line":91,"column":4},"end":{"line":93,"column":7}},"53":{"start":{"line":92,"column":8},"end":{"line":92,"column":42}},"54":{"start":{"line":95,"column":4},"end":{"line":106,"column":7}},"55":{"start":{"line":96,"column":8},"end":{"line":105,"column":9}},"56":{"start":{"line":97,"column":12},"end":{"line":101,"column":15}},"57":{"start":{"line":102,"column":12},"end":{"line":102,"column":49}},"58":{"start":{"line":104,"column":12},"end":{"line":104,"column":50}},"59":{"start":{"line":108,"column":4},"end":{"line":110,"column":7}},"60":{"start":{"line":109,"column":8},"end":{"line":109,"column":45}},"61":{"start":{"line":112,"column":4},"end":{"line":114,"column":7}},"62":{"start":{"line":113,"column":8},"end":{"line":113,"column":43}},"63":{"start":{"line":116,"column":4},"end":{"line":129,"column":7}},"64":{"start":{"line":117,"column":28},"end":{"line":117,"column":67}},"65":{"start":{"line":119,"column":8},"end":{"line":128,"column":9}},"66":{"start":{"line":120,"column":12},"end":{"line":124,"column":15}},"67":{"start":{"line":125,"column":12},"end":{"line":125,"column":47}},"68":{"start":{"line":127,"column":12},"end":{"line":127,"column":50}},"69":{"start":{"line":137,"column":4},"end":{"line":137,"column":60}},"70":{"start":{"line":138,"column":4},"end":{"line":142,"column":7}},"71":{"start":{"line":143,"column":21},"end":{"line":143,"column":37}},"72":{"start":{"line":144,"column":4},"end":{"line":144,"column":60}},"73":{"start":{"line":145,"column":4},"end":{"line":148,"column":7}}},"fnMap":{"0":{"name":"convertStatusTextToState","decl":{"start":{"line":7,"column":9},"end":{"line":7,"column":33}},"loc":{"start":{"line":7,"column":46},"end":{"line":16,"column":1}},"line":7},"1":{"name":"(anonymous_1)","decl":{"start":{"line":18,"column":16},"end":{"line":18,"column":17}},"loc":{"start":{"line":18,"column":27},"end":{"line":22,"column":1}},"line":18},"2":{"name":"initializePage","decl":{"start":{"line":24,"column":9},"end":{"line":24,"column":23}},"loc":{"start":{"line":24,"column":26},"end":{"line":130,"column":1}},"line":24},"3":{"name":"(anonymous_3)","decl":{"start":{"line":55,"column":39},"end":{"line":55,"column":40}},"loc":{"start":{"line":55,"column":44},"end":{"line":66,"column":5}},"line":55},"4":{"name":"(anonymous_4)","decl":{"start":{"line":68,"column":38},"end":{"line":68,"column":39}},"loc":{"start":{"line":68,"column":43},"end":{"line":70,"column":5}},"line":68},"5":{"name":"(anonymous_5)","decl":{"start":{"line":72,"column":39},"end":{"line":72,"column":40}},"loc":{"start":{"line":72,"column":44},"end":{"line":79,"column":5}},"line":72},"6":{"name":"(anonymous_6)","decl":{"start":{"line":81,"column":40},"end":{"line":81,"column":41}},"loc":{"start":{"line":81,"column":46},"end":{"line":89,"column":5}},"line":81},"7":{"name":"(anonymous_7)","decl":{"start":{"line":91,"column":41},"end":{"line":91,"column":42}},"loc":{"start":{"line":91,"column":47},"end":{"line":93,"column":5}},"line":91},"8":{"name":"(anonymous_8)","decl":{"start":{"line":95,"column":44},"end":{"line":95,"column":45}},"loc":{"start":{"line":95,"column":50},"end":{"line":106,"column":5}},"line":95},"9":{"name":"(anonymous_9)","decl":{"start":{"line":108,"column":46},"end":{"line":108,"column":47}},"loc":{"start":{"line":108,"column":52},"end":{"line":110,"column":5}},"line":108},"10":{"name":"(anonymous_10)","decl":{"start":{"line":112,"column":45},"end":{"line":112,"column":46}},"loc":{"start":{"line":112,"column":51},"end":{"line":114,"column":5}},"line":112},"11":{"name":"(anonymous_11)","decl":{"start":{"line":116,"column":42},"end":{"line":116,"column":43}},"loc":{"start":{"line":116,"column":48},"end":{"line":129,"column":5}},"line":116},"12":{"name":"changeProject","decl":{"start":{"line":136,"column":9},"end":{"line":136,"column":22}},"loc":{"start":{"line":136,"column":29},"end":{"line":149,"column":1}},"line":136}},"branchMap":{"0":{"loc":{"start":{"line":8,"column":4},"end":{"line":15,"column":5}},"type":"switch","locations":[{"start":{"line":9,"column":8},"end":{"line":9,"column":35}},{"start":{"line":10,"column":8},"end":{"line":10,"column":49}},{"start":{"line":11,"column":8},"end":{"line":11,"column":47}},{"start":{"line":12,"column":8},"end":{"line":12,"column":41}},{"start":{"line":13,"column":8},"end":{"line":13,"column":37}},{"start":{"line":14,"column":8},"end":{"line":14,"column":34}}],"line":8},"1":{"loc":{"start":{"line":82,"column":8},"end":{"line":88,"column":9}},"type":"if","locations":[{"start":{"line":82,"column":8},"end":{"line":88,"column":9}},{"start":{"line":82,"column":8},"end":{"line":88,"column":9}}],"line":82},"2":{"loc":{"start":{"line":82,"column":12},"end":{"line":82,"column":81}},"type":"binary-expr","locations":[{"start":{"line":82,"column":12},"end":{"line":82,"column":45}},{"start":{"line":82,"column":49},"end":{"line":82,"column":81}}],"line":82},"3":{"loc":{"start":{"line":96,"column":8},"end":{"line":105,"column":9}},"type":"if","locations":[{"start":{"line":96,"column":8},"end":{"line":105,"column":9}},{"start":{"line":96,"column":8},"end":{"line":105,"column":9}}],"line":96},"4":{"loc":{"start":{"line":119,"column":8},"end":{"line":128,"column":9}},"type":"if","locations":[{"start":{"line":119,"column":8},"end":{"line":128,"column":9}},{"start":{"line":119,"column":8},"end":{"line":128,"column":9}}],"line":119}},"s":{"0":0,"1":0,"2":0,"3":0,"4":0,"5":0,"6":0,"7":17,"8":17,"9":17,"10":17,"11":17,"12":17,"13":17,"14":17,"15":17,"16":17,"17":17,"18":17,"19":17,"20":17,"21":17,"22":17,"23":17,"24":17,"25":17,"26":17,"27":17,"28":17,"29":17,"30":17,"31":17,"32":3,"33":3,"34":3,"35":3,"36":3,"37":3,"38":3,"39":17,"40":0,"41":17,"42":1,"43":1,"44":1,"45":1,"46":17,"47":12,"48":10,"49":10,"50":2,"51":2,"52":17,"53":7,"54":17,"55":6,"56":6,"57":6,"58":0,"59":17,"60":0,"61":17,"62":0,"63":17,"64":2,"65":2,"66":2,"67":2,"68":0,"69":0,"70":0,"71":0,"72":0,"73":0},"f":{"0":0,"1":17,"2":17,"3":3,"4":0,"5":1,"6":12,"7":7,"8":6,"9":0,"10":0,"11":2,"12":0},"b":{"0":[0,0,0,0,0,0],"1":[10,2],"2":[12,12],"3":[6,0],"4":[2,0]},"_coverageSchema":"1a1c01bbd47fc00a2c39e90264f33305004495a9","hash":"b18952a2fccc01831dbf476bbdf625fb1723f5cb"}
,"/Users/cairui/Desktop/CSE110/cse110-w21-group5/source/js/project.js": {"path":"/Users/cairui/Desktop/CSE110/cse110-w21-group5/source/js/project.js","statementMap":{"0":{"start":{"line":5,"column":21},"end":{"line":5,"column":80}},"1":{"start":{"line":6,"column":4},"end":{"line":6,"column":52}},"2":{"start":{"line":7,"column":4},"end":{"line":7,"column":57}},"3":{"start":{"line":14,"column":4},"end":{"line":14,"column":78}},"4":{"start":{"line":14,"column":53},"end":{"line":14,"column":78}},"5":{"start":{"line":15,"column":4},"end":{"line":15,"column":59}},"6":{"start":{"line":23,"column":4},"end":{"line":23,"column":78}},"7":{"start":{"line":23,"column":53},"end":{"line":23,"column":78}},"8":{"start":{"line":24,"column":4},"end":{"line":24,"column":98}},"9":{"start":{"line":24,"column":75},"end":{"line":24,"column":96}},"10":{"start":{"line":32,"column":4},"end":{"line":32,"column":78}},"11":{"start":{"line":32,"column":53},"end":{"line":32,"column":78}},"12":{"start":{"line":33,"column":22},"end":{"line":33,"column":69}},"13":{"start":{"line":34,"column":4},"end":{"line":42,"column":5}},"14":{"start":{"line":34,"column":30},"end":{"line":34,"column":53}},"15":{"start":{"line":35,"column":8},"end":{"line":35,"column":56}},"16":{"start":{"line":36,"column":8},"end":{"line":36,"column":21}},"17":{"start":{"line":38,"column":8},"end":{"line":38,"column":34}},"18":{"start":{"line":39,"column":8},"end":{"line":39,"column":73}},"19":{"start":{"line":40,"column":8},"end":{"line":40,"column":29}},"20":{"start":{"line":41,"column":8},"end":{"line":41,"column":20}},"21":{"start":{"line":50,"column":4},"end":{"line":53,"column":5}},"22":{"start":{"line":51,"column":8},"end":{"line":51,"column":33}},"23":{"start":{"line":52,"column":8},"end":{"line":52,"column":21}},"24":{"start":{"line":54,"column":22},"end":{"line":54,"column":69}},"25":{"start":{"line":55,"column":4},"end":{"line":55,"column":110}},"26":{"start":{"line":55,"column":85},"end":{"line":55,"column":106}},"27":{"start":{"line":56,"column":4},"end":{"line":56,"column":25}},"28":{"start":{"line":57,"column":4},"end":{"line":57,"column":16}},"29":{"start":{"line":66,"column":4},"end":{"line":66,"column":24}},"30":{"start":{"line":67,"column":4},"end":{"line":67,"column":28}},"31":{"start":{"line":75,"column":4},"end":{"line":75,"column":64}},"32":{"start":{"line":76,"column":4},"end":{"line":76,"column":83}},"33":{"start":{"line":77,"column":4},"end":{"line":77,"column":62}},"34":{"start":{"line":84,"column":4},"end":{"line":84,"column":78}},"35":{"start":{"line":84,"column":53},"end":{"line":84,"column":78}},"36":{"start":{"line":86,"column":26},"end":{"line":86,"column":65}},"37":{"start":{"line":87,"column":20},"end":{"line":87,"column":66}},"38":{"start":{"line":89,"column":4},"end":{"line":91,"column":5}},"39":{"start":{"line":90,"column":8},"end":{"line":90,"column":64}},"40":{"start":{"line":93,"column":22},"end":{"line":93,"column":69}},"41":{"start":{"line":94,"column":4},"end":{"line":103,"column":7}},"42":{"start":{"line":95,"column":26},"end":{"line":95,"column":54}},"43":{"start":{"line":96,"column":8},"end":{"line":101,"column":16}},"44":{"start":{"line":102,"column":8},"end":{"line":102,"column":61}}},"fnMap":{"0":{"name":"initializeLocalStorage","decl":{"start":{"line":4,"column":9},"end":{"line":4,"column":31}},"loc":{"start":{"line":4,"column":34},"end":{"line":8,"column":1}},"line":4},"1":{"name":"getAllProjects","decl":{"start":{"line":13,"column":9},"end":{"line":13,"column":23}},"loc":{"start":{"line":13,"column":26},"end":{"line":16,"column":1}},"line":13},"2":{"name":"getProject","decl":{"start":{"line":22,"column":9},"end":{"line":22,"column":19}},"loc":{"start":{"line":22,"column":26},"end":{"line":25,"column":1}},"line":22},"3":{"name":"(anonymous_3)","decl":{"start":{"line":24,"column":64},"end":{"line":24,"column":65}},"loc":{"start":{"line":24,"column":75},"end":{"line":24,"column":96}},"line":24},"4":{"name":"createProject","decl":{"start":{"line":31,"column":9},"end":{"line":31,"column":22}},"loc":{"start":{"line":31,"column":32},"end":{"line":43,"column":1}},"line":31},"5":{"name":"(anonymous_5)","decl":{"start":{"line":34,"column":25},"end":{"line":34,"column":26}},"loc":{"start":{"line":34,"column":30},"end":{"line":34,"column":53}},"line":34},"6":{"name":"deleteProject","decl":{"start":{"line":49,"column":9},"end":{"line":49,"column":22}},"loc":{"start":{"line":49,"column":29},"end":{"line":58,"column":1}},"line":49},"7":{"name":"(anonymous_7)","decl":{"start":{"line":55,"column":74},"end":{"line":55,"column":75}},"loc":{"start":{"line":55,"column":85},"end":{"line":55,"column":106}},"line":55},"8":{"name":"updateProject","decl":{"start":{"line":65,"column":9},"end":{"line":65,"column":22}},"loc":{"start":{"line":65,"column":39},"end":{"line":68,"column":1}},"line":65},"9":{"name":"editProject","decl":{"start":{"line":74,"column":9},"end":{"line":74,"column":20}},"loc":{"start":{"line":74,"column":27},"end":{"line":78,"column":1}},"line":74},"10":{"name":"refreshProjectList","decl":{"start":{"line":83,"column":9},"end":{"line":83,"column":27}},"loc":{"start":{"line":83,"column":30},"end":{"line":104,"column":1}},"line":83},"11":{"name":"(anonymous_11)","decl":{"start":{"line":94,"column":24},"end":{"line":94,"column":25}},"loc":{"start":{"line":94,"column":37},"end":{"line":103,"column":5}},"line":94}},"branchMap":{"0":{"loc":{"start":{"line":14,"column":4},"end":{"line":14,"column":78}},"type":"if","locations":[{"start":{"line":14,"column":4},"end":{"line":14,"column":78}},{"start":{"line":14,"column":4},"end":{"line":14,"column":78}}],"line":14},"1":{"loc":{"start":{"line":23,"column":4},"end":{"line":23,"column":78}},"type":"if","locations":[{"start":{"line":23,"column":4},"end":{"line":23,"column":78}},{"start":{"line":23,"column":4},"end":{"line":23,"column":78}}],"line":23},"2":{"loc":{"start":{"line":32,"column":4},"end":{"line":32,"column":78}},"type":"if","locations":[{"start":{"line":32,"column":4},"end":{"line":32,"column":78}},{"start":{"line":32,"column":4},"end":{"line":32,"column":78}}],"line":32},"3":{"loc":{"start":{"line":34,"column":4},"end":{"line":42,"column":5}},"type":"if","locations":[{"start":{"line":34,"column":4},"end":{"line":42,"column":5}},{"start":{"line":34,"column":4},"end":{"line":42,"column":5}}],"line":34},"4":{"loc":{"start":{"line":50,"column":4},"end":{"line":53,"column":5}},"type":"if","locations":[{"start":{"line":50,"column":4},"end":{"line":53,"column":5}},{"start":{"line":50,"column":4},"end":{"line":53,"column":5}}],"line":50},"5":{"loc":{"start":{"line":84,"column":4},"end":{"line":84,"column":78}},"type":"if","locations":[{"start":{"line":84,"column":4},"end":{"line":84,"column":78}},{"start":{"line":84,"column":4},"end":{"line":84,"column":78}}],"line":84}},"s":{"0":17,"1":17,"2":17,"3":0,"4":0,"5":0,"6":2,"7":0,"8":2,"9":4,"10":8,"11":0,"12":8,"13":8,"14":8,"15":0,"16":0,"17":8,"18":8,"19":8,"20":8,"21":4,"22":0,"23":0,"24":4,"25":4,"26":8,"27":4,"28":4,"29":2,"30":2,"31":2,"32":2,"33":2,"34":29,"35":17,"36":29,"37":29,"38":29,"39":33,"40":29,"41":29,"42":37,"43":37,"44":37},"f":{"0":17,"1":0,"2":2,"3":4,"4":8,"5":8,"6":4,"7":8,"8":2,"9":2,"10":29,"11":37},"b":{"0":[0,0],"1":[0,2],"2":[0,8],"3":[0,8],"4":[0,4],"5":[17,12]},"_coverageSchema":"1a1c01bbd47fc00a2c39e90264f33305004495a9","hash":"e499463e2fc1da68fdcb45d9a715b471c6567194"}
,"/Users/cairui/Desktop/CSE110/cse110-w21-group5/source/js/timer.js": {"path":"/Users/cairui/Desktop/CSE110/cse110-w21-group5/source/js/timer.js","statementMap":{"0":{"start":{"line":3,"column":20},"end":{"line":6,"column":1}},"1":{"start":{"line":18,"column":4},"end":{"line":18,"column":25}},"2":{"start":{"line":19,"column":4},"end":{"line":19,"column":21}},"3":{"start":{"line":22,"column":4},"end":{"line":22,"column":30}},"4":{"start":{"line":23,"column":4},"end":{"line":23,"column":33}},"5":{"start":{"line":24,"column":4},"end":{"line":24,"column":29}},"6":{"start":{"line":25,"column":4},"end":{"line":25,"column":41}},"7":{"start":{"line":26,"column":4},"end":{"line":26,"column":39}},"8":{"start":{"line":27,"column":4},"end":{"line":27,"column":47}},"9":{"start":{"line":30,"column":4},"end":{"line":30,"column":35}},"10":{"start":{"line":31,"column":4},"end":{"line":31,"column":41}},"11":{"start":{"line":32,"column":4},"end":{"line":32,"column":37}},"12":{"start":{"line":33,"column":4},"end":{"line":33,"column":37}},"13":{"start":{"line":34,"column":4},"end":{"line":34,"column":35}},"14":{"start":{"line":35,"column":4},"end":{"line":35,"column":37}},"15":{"start":{"line":38,"column":4},"end":{"line":38,"column":27}},"16":{"start":{"line":39,"column":4},"end":{"line":39,"column":25}},"17":{"start":{"line":40,"column":4},"end":{"line":40,"column":25}},"18":{"start":{"line":47,"column":0},"end":{"line":67,"column":1}},"19":{"start":{"line":48,"column":4},"end":{"line":48,"column":59}},"20":{"start":{"line":48,"column":43},"end":{"line":48,"column":59}},"21":{"start":{"line":49,"column":4},"end":{"line":49,"column":25}},"22":{"start":{"line":51,"column":4},"end":{"line":51,"column":30}},"23":{"start":{"line":52,"column":4},"end":{"line":52,"column":33}},"24":{"start":{"line":53,"column":4},"end":{"line":53,"column":25}},"25":{"start":{"line":54,"column":4},"end":{"line":54,"column":25}},"26":{"start":{"line":55,"column":4},"end":{"line":55,"column":27}},"27":{"start":{"line":57,"column":4},"end":{"line":57,"column":41}},"28":{"start":{"line":60,"column":4},"end":{"line":66,"column":5}},"29":{"start":{"line":61,"column":8},"end":{"line":61,"column":23}},"30":{"start":{"line":62,"column":8},"end":{"line":62,"column":53}},"31":{"start":{"line":63,"column":8},"end":{"line":63,"column":57}},"32":{"start":{"line":64,"column":8},"end":{"line":64,"column":39}},"33":{"start":{"line":65,"column":8},"end":{"line":65,"column":62}},"34":{"start":{"line":73,"column":0},"end":{"line":92,"column":1}},"35":{"start":{"line":74,"column":4},"end":{"line":74,"column":68}},"36":{"start":{"line":74,"column":31},"end":{"line":74,"column":68}},"37":{"start":{"line":75,"column":4},"end":{"line":75,"column":48}},"38":{"start":{"line":78,"column":4},"end":{"line":91,"column":5}},"39":{"start":{"line":79,"column":8},"end":{"line":79,"column":31}},"40":{"start":{"line":80,"column":8},"end":{"line":80,"column":32}},"41":{"start":{"line":81,"column":8},"end":{"line":81,"column":60}},"42":{"start":{"line":82,"column":11},"end":{"line":91,"column":5}},"43":{"start":{"line":83,"column":8},"end":{"line":83,"column":21}},"44":{"start":{"line":84,"column":8},"end":{"line":84,"column":30}},"45":{"start":{"line":85,"column":11},"end":{"line":91,"column":5}},"46":{"start":{"line":86,"column":8},"end":{"line":86,"column":21}},"47":{"start":{"line":87,"column":8},"end":{"line":87,"column":31}},"48":{"start":{"line":88,"column":11},"end":{"line":91,"column":5}},"49":{"start":{"line":89,"column":8},"end":{"line":89,"column":21}},"50":{"start":{"line":90,"column":8},"end":{"line":90,"column":28}},"51":{"start":{"line":98,"column":0},"end":{"line":112,"column":1}},"52":{"start":{"line":99,"column":16},"end":{"line":99,"column":26}},"53":{"start":{"line":100,"column":28},"end":{"line":100,"column":62}},"54":{"start":{"line":101,"column":4},"end":{"line":101,"column":67}},"55":{"start":{"line":102,"column":4},"end":{"line":102,"column":39}},"56":{"start":{"line":105,"column":4},"end":{"line":105,"column":67}},"57":{"start":{"line":106,"column":4},"end":{"line":106,"column":37}},"58":{"start":{"line":109,"column":4},"end":{"line":109,"column":21}},"59":{"start":{"line":110,"column":4},"end":{"line":110,"column":72}},"60":{"start":{"line":111,"column":4},"end":{"line":111,"column":28}},"61":{"start":{"line":117,"column":0},"end":{"line":133,"column":1}},"62":{"start":{"line":119,"column":8},"end":{"line":119,"column":54}},"63":{"start":{"line":122,"column":14},"end":{"line":122,"column":24}},"64":{"start":{"line":124,"column":19},"end":{"line":124,"column":77}},"65":{"start":{"line":125,"column":4},"end":{"line":125,"column":49}},"66":{"start":{"line":126,"column":4},"end":{"line":126,"column":37}},"67":{"start":{"line":128,"column":4},"end":{"line":128,"column":95}},"68":{"start":{"line":129,"column":4},"end":{"line":132,"column":5}},"69":{"start":{"line":130,"column":8},"end":{"line":130,"column":45}},"70":{"start":{"line":131,"column":8},"end":{"line":131,"column":20}},"71":{"start":{"line":138,"column":0},"end":{"line":149,"column":1}},"72":{"start":{"line":140,"column":4},"end":{"line":140,"column":49}},"73":{"start":{"line":141,"column":4},"end":{"line":141,"column":53}},"74":{"start":{"line":144,"column":4},"end":{"line":144,"column":19}},"75":{"start":{"line":145,"column":4},"end":{"line":145,"column":30}},"76":{"start":{"line":147,"column":4},"end":{"line":147,"column":24}},"77":{"start":{"line":148,"column":4},"end":{"line":148,"column":30}},"78":{"start":{"line":154,"column":0},"end":{"line":161,"column":1}},"79":{"start":{"line":156,"column":4},"end":{"line":156,"column":49}},"80":{"start":{"line":157,"column":4},"end":{"line":157,"column":53}},"81":{"start":{"line":159,"column":4},"end":{"line":159,"column":31}},"82":{"start":{"line":160,"column":4},"end":{"line":160,"column":36}},"83":{"start":{"line":166,"column":0},"end":{"line":173,"column":1}},"84":{"start":{"line":168,"column":4},"end":{"line":168,"column":49}},"85":{"start":{"line":169,"column":4},"end":{"line":169,"column":53}},"86":{"start":{"line":171,"column":4},"end":{"line":171,"column":30}},"87":{"start":{"line":172,"column":4},"end":{"line":172,"column":35}},"88":{"start":{"line":185,"column":0},"end":{"line":207,"column":1}},"89":{"start":{"line":187,"column":4},"end":{"line":204,"column":5}},"90":{"start":{"line":189,"column":12},"end":{"line":189,"column":31}},"91":{"start":{"line":190,"column":12},"end":{"line":190,"column":18}},"92":{"start":{"line":192,"column":12},"end":{"line":192,"column":38}},"93":{"start":{"line":193,"column":12},"end":{"line":193,"column":18}},"94":{"start":{"line":195,"column":12},"end":{"line":195,"column":37}},"95":{"start":{"line":196,"column":12},"end":{"line":196,"column":18}},"96":{"start":{"line":198,"column":12},"end":{"line":198,"column":34}},"97":{"start":{"line":199,"column":12},"end":{"line":199,"column":18}},"98":{"start":{"line":201,"column":12},"end":{"line":201,"column":32}},"99":{"start":{"line":203,"column":12},"end":{"line":203,"column":34}},"100":{"start":{"line":205,"column":4},"end":{"line":205,"column":48}},"101":{"start":{"line":206,"column":4},"end":{"line":206,"column":46}},"102":{"start":{"line":212,"column":0},"end":{"line":216,"column":1}},"103":{"start":{"line":213,"column":4},"end":{"line":213,"column":37}},"104":{"start":{"line":214,"column":4},"end":{"line":214,"column":32}},"105":{"start":{"line":215,"column":4},"end":{"line":215,"column":28}}},"fnMap":{"0":{"name":"timer","decl":{"start":{"line":15,"column":9},"end":{"line":15,"column":14}},"loc":{"start":{"line":16,"column":93},"end":{"line":41,"column":1}},"line":16},"1":{"name":"(anonymous_1)","decl":{"start":{"line":47,"column":24},"end":{"line":47,"column":25}},"loc":{"start":{"line":47,"column":48},"end":{"line":67,"column":1}},"line":47},"2":{"name":"(anonymous_2)","decl":{"start":{"line":73,"column":23},"end":{"line":73,"column":24}},"loc":{"start":{"line":73,"column":47},"end":{"line":92,"column":1}},"line":73},"3":{"name":"(anonymous_3)","decl":{"start":{"line":98,"column":24},"end":{"line":98,"column":25}},"loc":{"start":{"line":98,"column":48},"end":{"line":112,"column":1}},"line":98},"4":{"name":"(anonymous_4)","decl":{"start":{"line":117,"column":28},"end":{"line":117,"column":29}},"loc":{"start":{"line":117,"column":39},"end":{"line":133,"column":1}},"line":117},"5":{"name":"timerPad","decl":{"start":{"line":118,"column":13},"end":{"line":118,"column":21}},"loc":{"start":{"line":118,"column":34},"end":{"line":120,"column":5}},"line":118},"6":{"name":"(anonymous_6)","decl":{"start":{"line":138,"column":31},"end":{"line":138,"column":32}},"loc":{"start":{"line":138,"column":42},"end":{"line":149,"column":1}},"line":138},"7":{"name":"(anonymous_7)","decl":{"start":{"line":154,"column":34},"end":{"line":154,"column":35}},"loc":{"start":{"line":154,"column":45},"end":{"line":161,"column":1}},"line":154},"8":{"name":"(anonymous_8)","decl":{"start":{"line":166,"column":33},"end":{"line":166,"column":34}},"loc":{"start":{"line":166,"column":44},"end":{"line":173,"column":1}},"line":166},"9":{"name":"(anonymous_9)","decl":{"start":{"line":185,"column":35},"end":{"line":185,"column":36}},"loc":{"start":{"line":185,"column":46},"end":{"line":207,"column":1}},"line":185},"10":{"name":"(anonymous_10)","decl":{"start":{"line":212,"column":30},"end":{"line":212,"column":31}},"loc":{"start":{"line":212,"column":49},"end":{"line":216,"column":1}},"line":212}},"branchMap":{"0":{"loc":{"start":{"line":16,"column":15},"end":{"line":16,"column":28}},"type":"default-arg","locations":[{"start":{"line":16,"column":26},"end":{"line":16,"column":28}}],"line":16},"1":{"loc":{"start":{"line":16,"column":30},"end":{"line":16,"column":48}},"type":"default-arg","locations":[{"start":{"line":16,"column":47},"end":{"line":16,"column":48}}],"line":16},"2":{"loc":{"start":{"line":16,"column":50},"end":{"line":16,"column":68}},"type":"default-arg","locations":[{"start":{"line":16,"column":66},"end":{"line":16,"column":68}}],"line":16},"3":{"loc":{"start":{"line":16,"column":70},"end":{"line":16,"column":91}},"type":"default-arg","locations":[{"start":{"line":16,"column":90},"end":{"line":16,"column":91}}],"line":16},"4":{"loc":{"start":{"line":47,"column":33},"end":{"line":47,"column":46}},"type":"default-arg","locations":[{"start":{"line":47,"column":41},"end":{"line":47,"column":46}}],"line":47},"5":{"loc":{"start":{"line":48,"column":4},"end":{"line":48,"column":59}},"type":"if","locations":[{"start":{"line":48,"column":4},"end":{"line":48,"column":59}},{"start":{"line":48,"column":4},"end":{"line":48,"column":59}}],"line":48},"6":{"loc":{"start":{"line":48,"column":8},"end":{"line":48,"column":41}},"type":"binary-expr","locations":[{"start":{"line":48,"column":8},"end":{"line":48,"column":13}},{"start":{"line":48,"column":17},"end":{"line":48,"column":41}}],"line":48},"7":{"loc":{"start":{"line":60,"column":4},"end":{"line":66,"column":5}},"type":"if","locations":[{"start":{"line":60,"column":4},"end":{"line":66,"column":5}},{"start":{"line":60,"column":4},"end":{"line":66,"column":5}}],"line":60},"8":{"loc":{"start":{"line":73,"column":32},"end":{"line":73,"column":45}},"type":"default-arg","locations":[{"start":{"line":73,"column":40},"end":{"line":73,"column":45}}],"line":73},"9":{"loc":{"start":{"line":74,"column":4},"end":{"line":74,"column":68}},"type":"if","locations":[{"start":{"line":74,"column":4},"end":{"line":74,"column":68}},{"start":{"line":74,"column":4},"end":{"line":74,"column":68}}],"line":74},"10":{"loc":{"start":{"line":78,"column":4},"end":{"line":91,"column":5}},"type":"if","locations":[{"start":{"line":78,"column":4},"end":{"line":91,"column":5}},{"start":{"line":78,"column":4},"end":{"line":91,"column":5}}],"line":78},"11":{"loc":{"start":{"line":82,"column":11},"end":{"line":91,"column":5}},"type":"if","locations":[{"start":{"line":82,"column":11},"end":{"line":91,"column":5}},{"start":{"line":82,"column":11},"end":{"line":91,"column":5}}],"line":82},"12":{"loc":{"start":{"line":82,"column":15},"end":{"line":82,"column":81}},"type":"binary-expr","locations":[{"start":{"line":82,"column":15},"end":{"line":82,"column":35}},{"start":{"line":82,"column":39},"end":{"line":82,"column":81}}],"line":82},"13":{"loc":{"start":{"line":85,"column":11},"end":{"line":91,"column":5}},"type":"if","locations":[{"start":{"line":85,"column":11},"end":{"line":91,"column":5}},{"start":{"line":85,"column":11},"end":{"line":91,"column":5}}],"line":85},"14":{"loc":{"start":{"line":88,"column":11},"end":{"line":91,"column":5}},"type":"if","locations":[{"start":{"line":88,"column":11},"end":{"line":91,"column":5}},{"start":{"line":88,"column":11},"end":{"line":91,"column":5}}],"line":88},"15":{"loc":{"start":{"line":88,"column":15},"end":{"line":88,"column":72}},"type":"binary-expr","locations":[{"start":{"line":88,"column":15},"end":{"line":88,"column":42}},{"start":{"line":88,"column":46},"end":{"line":88,"column":72}}],"line":88},"16":{"loc":{"start":{"line":129,"column":4},"end":{"line":132,"column":5}},"type":"if","locations":[{"start":{"line":129,"column":4},"end":{"line":132,"column":5}},{"start":{"line":129,"column":4},"end":{"line":132,"column":5}}],"line":129},"17":{"loc":{"start":{"line":129,"column":8},"end":{"line":129,"column":46}},"type":"binary-expr","locations":[{"start":{"line":129,"column":8},"end":{"line":129,"column":25}},{"start":{"line":129,"column":29},"end":{"line":129,"column":46}}],"line":129},"18":{"loc":{"start":{"line":187,"column":4},"end":{"line":204,"column":5}},"type":"switch","locations":[{"start":{"line":188,"column":8},"end":{"line":190,"column":18}},{"start":{"line":191,"column":8},"end":{"line":193,"column":18}},{"start":{"line":194,"column":8},"end":{"line":196,"column":18}},{"start":{"line":197,"column":8},"end":{"line":199,"column":18}},{"start":{"line":200,"column":8},"end":{"line":201,"column":32}},{"start":{"line":202,"column":8},"end":{"line":203,"column":34}}],"line":187}},"s":{"0":17,"1":17,"2":17,"3":17,"4":17,"5":17,"6":17,"7":17,"8":17,"9":17,"10":17,"11":17,"12":17,"13":17,"14":17,"15":17,"16":17,"17":17,"18":17,"19":1,"20":1,"21":1,"22":1,"23":1,"24":1,"25":1,"26":1,"27":1,"28":1,"29":1,"30":1,"31":1,"32":1,"33":1,"34":17,"35":1,"36":1,"37":1,"38":1,"39":1,"40":1,"41":1,"42":0,"43":0,"44":0,"45":0,"46":0,"47":0,"48":0,"49":0,"50":0,"51":17,"52":3,"53":3,"54":3,"55":3,"56":3,"57":3,"58":3,"59":3,"60":3,"61":17,"62":16,"63":8,"64":8,"65":8,"66":8,"67":8,"68":8,"69":0,"70":0,"71":17,"72":3,"73":3,"74":3,"75":3,"76":3,"77":3,"78":17,"79":0,"80":0,"81":0,"82":0,"83":17,"84":0,"85":0,"86":0,"87":0,"88":17,"89":4,"90":3,"91":3,"92":0,"93":0,"94":0,"95":0,"96":1,"97":1,"98":0,"99":0,"100":4,"101":4,"102":17,"103":0,"104":0,"105":0},"f":{"0":17,"1":1,"2":1,"3":3,"4":8,"5":16,"6":3,"7":0,"8":0,"9":4,"10":0},"b":{"0":[0],"1":[0],"2":[0],"3":[17],"4":[0],"5":[1,0],"6":[1,1],"7":[1,0],"8":[0],"9":[1,0],"10":[1,0],"11":[0,0],"12":[0,0],"13":[0,0],"14":[0,0],"15":[0,0],"16":[0,8],"17":[8,8],"18":[3,0,0,1,0,0]},"_coverageSchema":"1a1c01bbd47fc00a2c39e90264f33305004495a9","hash":"d71cc97d882511c547286583bfaf0653ef14aa8a"}
}
