{"total": {"lines":{"total":351,"covered":338,"skipped":0,"pct":96.3},"statements":{"total":376,"covered":357,"skipped":0,"pct":94.95},"functions":{"total":52,"covered":50,"skipped":0,"pct":96.15},"branches":{"total":111,"covered":77,"skipped":0,"pct":69.37}}
,"/Users/cairui/Desktop/CSE110/cse110-w21-group5/source/js/pomodoro.js": {"lines":{"total":163,"covered":156,"skipped":0,"pct":95.71},"functions":{"total":24,"covered":22,"skipped":0,"pct":91.67},"statements":{"total":174,"covered":166,"skipped":0,"pct":95.4},"branches":{"total":41,"covered":24,"skipped":0,"pct":58.54}}
,"/Users/cairui/Desktop/CSE110/cse110-w21-group5/source/js/project.js": {"lines":{"total":64,"covered":60,"skipped":0,"pct":93.75},"functions":{"total":16,"covered":16,"skipped":0,"pct":100},"statements":{"total":76,"covered":67,"skipped":0,"pct":88.16},"branches":{"total":22,"covered":15,"skipped":0,"pct":68.18}}
,"/Users/cairui/Desktop/CSE110/cse110-w21-group5/source/js/timer.js": {"lines":{"total":124,"covered":122,"skipped":0,"pct":98.39},"functions":{"total":12,"covered":12,"skipped":0,"pct":100},"statements":{"total":126,"covered":124,"skipped":0,"pct":98.41},"branches":{"total":48,"covered":38,"skipped":0,"pct":79.17}}
}
