{"/Users/cairui/Desktop/CSE110/cse110-w21-group5/source/js/pomodoro.js": {"path":"/Users/cairui/Desktop/CSE110/cse110-w21-group5/source/js/pomodoro.js","statementMap":{"0":{"start":{"line":7,"column":0},"end":{"line":10,"column":1}},"1":{"start":{"line":8,"column":4},"end":{"line":8,"column":25}},"2":{"start":{"line":9,"column":4},"end":{"line":9,"column":21}},"3":{"start":{"line":14,"column":19},"end":{"line":14,"column":51}},"4":{"start":{"line":15,"column":18},"end":{"line":15,"column":49}},"5":{"start":{"line":16,"column":19},"end":{"line":16,"column":51}},"6":{"start":{"line":19,"column":22},"end":{"line":19,"column":53}},"7":{"start":{"line":20,"column":25},"end":{"line":20,"column":67}},"8":{"start":{"line":21,"column":23},"end":{"line":21,"column":63}},"9":{"start":{"line":22,"column":23},"end":{"line":22,"column":63}},"10":{"start":{"line":23,"column":22},"end":{"line":23,"column":68}},"11":{"start":{"line":24,"column":23},"end":{"line":24,"column":69}},"12":{"start":{"line":25,"column":18},"end":{"line":25,"column":56}},"13":{"start":{"line":26,"column":20},"end":{"line":26,"column":60}},"14":{"start":{"line":29,"column":20},"end":{"line":29,"column":56}},"15":{"start":{"line":30,"column":22},"end":{"line":30,"column":61}},"16":{"start":{"line":31,"column":22},"end":{"line":31,"column":61}},"17":{"start":{"line":32,"column":21},"end":{"line":32,"column":59}},"18":{"start":{"line":33,"column":22},"end":{"line":33,"column":61}},"19":{"start":{"line":34,"column":24},"end":{"line":34,"column":66}},"20":{"start":{"line":35,"column":26},"end":{"line":35,"column":70}},"21":{"start":{"line":36,"column":20},"end":{"line":36,"column":57}},"22":{"start":{"line":37,"column":25},"end":{"line":37,"column":70}},"23":{"start":{"line":38,"column":26},"end":{"line":38,"column":70}},"24":{"start":{"line":39,"column":22},"end":{"line":39,"column":61}},"25":{"start":{"line":42,"column":18},"end":{"line":42,"column":53}},"26":{"start":{"line":43,"column":24},"end":{"line":43,"column":65}},"27":{"start":{"line":44,"column":24},"end":{"line":44,"column":65}},"28":{"start":{"line":45,"column":29},"end":{"line":45,"column":76}},"29":{"start":{"line":46,"column":26},"end":{"line":46,"column":70}},"30":{"start":{"line":47,"column":29},"end":{"line":47,"column":76}},"31":{"start":{"line":48,"column":21},"end":{"line":48,"column":59}},"32":{"start":{"line":51,"column":20},"end":{"line":51,"column":57}},"33":{"start":{"line":52,"column":22},"end":{"line":52,"column":61}},"34":{"start":{"line":53,"column":21},"end":{"line":53,"column":59}},"35":{"start":{"line":54,"column":22},"end":{"line":54,"column":61}},"36":{"start":{"line":55,"column":22},"end":{"line":55,"column":61}},"37":{"start":{"line":56,"column":23},"end":{"line":56,"column":63}},"38":{"start":{"line":57,"column":21},"end":{"line":57,"column":59}},"39":{"start":{"line":58,"column":23},"end":{"line":58,"column":63}},"40":{"start":{"line":61,"column":31},"end":{"line":61,"column":79}},"41":{"start":{"line":62,"column":19},"end":{"line":62,"column":55}},"42":{"start":{"line":63,"column":24},"end":{"line":63,"column":66}},"43":{"start":{"line":64,"column":22},"end":{"line":64,"column":60}},"44":{"start":{"line":65,"column":17},"end":{"line":65,"column":51}},"45":{"start":{"line":68,"column":4},"end":{"line":68,"column":90}},"46":{"start":{"line":68,"column":52},"end":{"line":68,"column":90}},"47":{"start":{"line":69,"column":4},"end":{"line":69,"column":93}},"48":{"start":{"line":69,"column":54},"end":{"line":69,"column":93}},"49":{"start":{"line":70,"column":4},"end":{"line":70,"column":92}},"50":{"start":{"line":70,"column":53},"end":{"line":70,"column":92}},"51":{"start":{"line":71,"column":4},"end":{"line":71,"column":93}},"52":{"start":{"line":71,"column":54},"end":{"line":71,"column":93}},"53":{"start":{"line":72,"column":4},"end":{"line":72,"column":99}},"54":{"start":{"line":72,"column":55},"end":{"line":72,"column":99}},"55":{"start":{"line":73,"column":4},"end":{"line":73,"column":94}},"56":{"start":{"line":73,"column":53},"end":{"line":73,"column":94}},"57":{"start":{"line":74,"column":4},"end":{"line":74,"column":98}},"58":{"start":{"line":74,"column":55},"end":{"line":74,"column":98}},"59":{"start":{"line":77,"column":4},"end":{"line":77,"column":56}},"60":{"start":{"line":78,"column":4},"end":{"line":78,"column":60}},"61":{"start":{"line":79,"column":4},"end":{"line":79,"column":58}},"62":{"start":{"line":80,"column":4},"end":{"line":80,"column":60}},"63":{"start":{"line":81,"column":4},"end":{"line":81,"column":77}},"64":{"start":{"line":82,"column":4},"end":{"line":82,"column":73}},"65":{"start":{"line":83,"column":4},"end":{"line":83,"column":77}},"66":{"start":{"line":86,"column":4},"end":{"line":86,"column":93}},"67":{"start":{"line":89,"column":4},"end":{"line":103,"column":7}},"68":{"start":{"line":90,"column":8},"end":{"line":90,"column":27}},"69":{"start":{"line":91,"column":8},"end":{"line":102,"column":9}},"70":{"start":{"line":92,"column":12},"end":{"line":92,"column":63}},"71":{"start":{"line":93,"column":12},"end":{"line":93,"column":67}},"72":{"start":{"line":94,"column":12},"end":{"line":94,"column":65}},"73":{"start":{"line":95,"column":12},"end":{"line":95,"column":67}},"74":{"start":{"line":96,"column":12},"end":{"line":96,"column":71}},"75":{"start":{"line":98,"column":12},"end":{"line":98,"column":67}},"76":{"start":{"line":99,"column":12},"end":{"line":99,"column":71}},"77":{"start":{"line":101,"column":12},"end":{"line":101,"column":101}},"78":{"start":{"line":107,"column":4},"end":{"line":119,"column":6}},"79":{"start":{"line":121,"column":4},"end":{"line":121,"column":28}},"80":{"start":{"line":123,"column":4},"end":{"line":142,"column":7}},"81":{"start":{"line":124,"column":22},"end":{"line":124,"column":54}},"82":{"start":{"line":125,"column":8},"end":{"line":125,"column":27}},"83":{"start":{"line":126,"column":8},"end":{"line":141,"column":9}},"84":{"start":{"line":128,"column":16},"end":{"line":128,"column":47}},"85":{"start":{"line":128,"column":30},"end":{"line":128,"column":47}},"86":{"start":{"line":129,"column":16},"end":{"line":129,"column":22}},"87":{"start":{"line":131,"column":16},"end":{"line":131,"column":45}},"88":{"start":{"line":131,"column":29},"end":{"line":131,"column":45}},"89":{"start":{"line":132,"column":16},"end":{"line":132,"column":22}},"90":{"start":{"line":134,"column":16},"end":{"line":134,"column":46}},"91":{"start":{"line":134,"column":29},"end":{"line":134,"column":46}},"92":{"start":{"line":135,"column":16},"end":{"line":135,"column":22}},"93":{"start":{"line":137,"column":16},"end":{"line":137,"column":34}},"94":{"start":{"line":138,"column":16},"end":{"line":138,"column":22}},"95":{"start":{"line":140,"column":16},"end":{"line":140,"column":22}},"96":{"start":{"line":144,"column":4},"end":{"line":159,"column":7}},"97":{"start":{"line":146,"column":8},"end":{"line":146,"column":75}},"98":{"start":{"line":147,"column":8},"end":{"line":147,"column":83}},"99":{"start":{"line":148,"column":8},"end":{"line":148,"column":81}},"100":{"start":{"line":149,"column":8},"end":{"line":149,"column":86}},"101":{"start":{"line":151,"column":8},"end":{"line":151,"column":81}},"102":{"start":{"line":152,"column":8},"end":{"line":152,"column":85}},"103":{"start":{"line":155,"column":8},"end":{"line":155,"column":35}},"104":{"start":{"line":156,"column":8},"end":{"line":156,"column":40}},"105":{"start":{"line":157,"column":8},"end":{"line":157,"column":40}},"106":{"start":{"line":158,"column":8},"end":{"line":158,"column":41}},"107":{"start":{"line":161,"column":4},"end":{"line":168,"column":7}},"108":{"start":{"line":163,"column":8},"end":{"line":166,"column":46}},"109":{"start":{"line":164,"column":12},"end":{"line":164,"column":45}},"110":{"start":{"line":166,"column":12},"end":{"line":166,"column":46}},"111":{"start":{"line":170,"column":4},"end":{"line":172,"column":7}},"112":{"start":{"line":171,"column":8},"end":{"line":171,"column":39}},"113":{"start":{"line":174,"column":4},"end":{"line":177,"column":7}},"114":{"start":{"line":175,"column":8},"end":{"line":175,"column":42}},"115":{"start":{"line":176,"column":8},"end":{"line":176,"column":42}},"116":{"start":{"line":179,"column":4},"end":{"line":181,"column":7}},"117":{"start":{"line":180,"column":8},"end":{"line":180,"column":42}},"118":{"start":{"line":183,"column":4},"end":{"line":190,"column":7}},"119":{"start":{"line":184,"column":8},"end":{"line":184,"column":32}},"120":{"start":{"line":187,"column":8},"end":{"line":187,"column":41}},"121":{"start":{"line":188,"column":8},"end":{"line":188,"column":39}},"122":{"start":{"line":189,"column":8},"end":{"line":189,"column":40}},"123":{"start":{"line":192,"column":4},"end":{"line":194,"column":7}},"124":{"start":{"line":193,"column":8},"end":{"line":193,"column":44}},"125":{"start":{"line":196,"column":4},"end":{"line":199,"column":7}},"126":{"start":{"line":197,"column":8},"end":{"line":197,"column":47}},"127":{"start":{"line":198,"column":8},"end":{"line":198,"column":44}},"128":{"start":{"line":201,"column":4},"end":{"line":209,"column":7}},"129":{"start":{"line":202,"column":8},"end":{"line":208,"column":9}},"130":{"start":{"line":203,"column":12},"end":{"line":203,"column":44}},"131":{"start":{"line":204,"column":12},"end":{"line":204,"column":52}},"132":{"start":{"line":206,"column":12},"end":{"line":206,"column":44}},"133":{"start":{"line":207,"column":12},"end":{"line":207,"column":53}},"134":{"start":{"line":211,"column":4},"end":{"line":214,"column":7}},"135":{"start":{"line":212,"column":8},"end":{"line":212,"column":42}},"136":{"start":{"line":213,"column":8},"end":{"line":213,"column":31}},"137":{"start":{"line":216,"column":4},"end":{"line":227,"column":7}},"138":{"start":{"line":217,"column":8},"end":{"line":226,"column":9}},"139":{"start":{"line":218,"column":12},"end":{"line":222,"column":15}},"140":{"start":{"line":223,"column":12},"end":{"line":223,"column":49}},"141":{"start":{"line":225,"column":12},"end":{"line":225,"column":50}},"142":{"start":{"line":229,"column":4},"end":{"line":231,"column":7}},"143":{"start":{"line":230,"column":8},"end":{"line":230,"column":45}},"144":{"start":{"line":233,"column":4},"end":{"line":235,"column":7}},"145":{"start":{"line":234,"column":8},"end":{"line":234,"column":43}},"146":{"start":{"line":237,"column":4},"end":{"line":239,"column":7}},"147":{"start":{"line":238,"column":8},"end":{"line":238,"column":47}},"148":{"start":{"line":241,"column":4},"end":{"line":243,"column":7}},"149":{"start":{"line":242,"column":8},"end":{"line":242,"column":47}},"150":{"start":{"line":245,"column":4},"end":{"line":247,"column":7}},"151":{"start":{"line":246,"column":8},"end":{"line":246,"column":47}},"152":{"start":{"line":249,"column":4},"end":{"line":262,"column":7}},"153":{"start":{"line":250,"column":28},"end":{"line":250,"column":67}},"154":{"start":{"line":252,"column":8},"end":{"line":261,"column":9}},"155":{"start":{"line":253,"column":12},"end":{"line":257,"column":15}},"156":{"start":{"line":258,"column":12},"end":{"line":258,"column":47}},"157":{"start":{"line":260,"column":12},"end":{"line":260,"column":50}},"158":{"start":{"line":265,"column":4},"end":{"line":267,"column":7}},"159":{"start":{"line":265,"column":53},"end":{"line":267,"column":5}},"160":{"start":{"line":266,"column":8},"end":{"line":266,"column":28}},"161":{"start":{"line":275,"column":19},"end":{"line":275,"column":51}},"162":{"start":{"line":276,"column":18},"end":{"line":276,"column":49}},"163":{"start":{"line":277,"column":19},"end":{"line":277,"column":51}},"164":{"start":{"line":279,"column":4},"end":{"line":279,"column":60}},"165":{"start":{"line":280,"column":21},"end":{"line":280,"column":37}},"166":{"start":{"line":281,"column":4},"end":{"line":281,"column":60}},"167":{"start":{"line":282,"column":4},"end":{"line":286,"column":7}},"168":{"start":{"line":287,"column":4},"end":{"line":287,"column":28}},"169":{"start":{"line":288,"column":4},"end":{"line":291,"column":7}},"170":{"start":{"line":292,"column":4},"end":{"line":292,"column":35}},"171":{"start":{"line":294,"column":4},"end":{"line":294,"column":37}},"172":{"start":{"line":295,"column":4},"end":{"line":295,"column":35}},"173":{"start":{"line":296,"column":4},"end":{"line":296,"column":36}}},"fnMap":{"0":{"name":"(anonymous_0)","decl":{"start":{"line":7,"column":16},"end":{"line":7,"column":17}},"loc":{"start":{"line":7,"column":28},"end":{"line":10,"column":1}},"line":7},"1":{"name":"initializePage","decl":{"start":{"line":12,"column":9},"end":{"line":12,"column":23}},"loc":{"start":{"line":12,"column":26},"end":{"line":268,"column":1}},"line":12},"2":{"name":"(anonymous_2)","decl":{"start":{"line":89,"column":42},"end":{"line":89,"column":43}},"loc":{"start":{"line":89,"column":47},"end":{"line":103,"column":5}},"line":89},"3":{"name":"(anonymous_3)","decl":{"start":{"line":123,"column":40},"end":{"line":123,"column":41}},"loc":{"start":{"line":123,"column":45},"end":{"line":142,"column":5}},"line":123},"4":{"name":"(anonymous_4)","decl":{"start":{"line":144,"column":39},"end":{"line":144,"column":40}},"loc":{"start":{"line":144,"column":44},"end":{"line":159,"column":5}},"line":144},"5":{"name":"(anonymous_5)","decl":{"start":{"line":161,"column":38},"end":{"line":161,"column":39}},"loc":{"start":{"line":161,"column":43},"end":{"line":168,"column":5}},"line":161},"6":{"name":"(anonymous_6)","decl":{"start":{"line":170,"column":38},"end":{"line":170,"column":39}},"loc":{"start":{"line":170,"column":43},"end":{"line":172,"column":5}},"line":170},"7":{"name":"(anonymous_7)","decl":{"start":{"line":174,"column":37},"end":{"line":174,"column":38}},"loc":{"start":{"line":174,"column":42},"end":{"line":177,"column":5}},"line":174},"8":{"name":"(anonymous_8)","decl":{"start":{"line":179,"column":44},"end":{"line":179,"column":45}},"loc":{"start":{"line":179,"column":49},"end":{"line":181,"column":5}},"line":179},"9":{"name":"(anonymous_9)","decl":{"start":{"line":183,"column":39},"end":{"line":183,"column":40}},"loc":{"start":{"line":183,"column":44},"end":{"line":190,"column":5}},"line":183},"10":{"name":"(anonymous_10)","decl":{"start":{"line":192,"column":38},"end":{"line":192,"column":39}},"loc":{"start":{"line":192,"column":44},"end":{"line":194,"column":5}},"line":192},"11":{"name":"(anonymous_11)","decl":{"start":{"line":196,"column":46},"end":{"line":196,"column":47}},"loc":{"start":{"line":196,"column":52},"end":{"line":199,"column":5}},"line":196},"12":{"name":"(anonymous_12)","decl":{"start":{"line":201,"column":40},"end":{"line":201,"column":41}},"loc":{"start":{"line":201,"column":46},"end":{"line":209,"column":5}},"line":201},"13":{"name":"(anonymous_13)","decl":{"start":{"line":211,"column":41},"end":{"line":211,"column":42}},"loc":{"start":{"line":211,"column":47},"end":{"line":214,"column":5}},"line":211},"14":{"name":"(anonymous_14)","decl":{"start":{"line":216,"column":44},"end":{"line":216,"column":45}},"loc":{"start":{"line":216,"column":50},"end":{"line":227,"column":5}},"line":216},"15":{"name":"(anonymous_15)","decl":{"start":{"line":229,"column":46},"end":{"line":229,"column":47}},"loc":{"start":{"line":229,"column":52},"end":{"line":231,"column":5}},"line":229},"16":{"name":"(anonymous_16)","decl":{"start":{"line":233,"column":45},"end":{"line":233,"column":46}},"loc":{"start":{"line":233,"column":51},"end":{"line":235,"column":5}},"line":233},"17":{"name":"(anonymous_17)","decl":{"start":{"line":237,"column":49},"end":{"line":237,"column":50}},"loc":{"start":{"line":237,"column":55},"end":{"line":239,"column":5}},"line":237},"18":{"name":"(anonymous_18)","decl":{"start":{"line":241,"column":49},"end":{"line":241,"column":50}},"loc":{"start":{"line":241,"column":55},"end":{"line":243,"column":5}},"line":241},"19":{"name":"(anonymous_19)","decl":{"start":{"line":245,"column":41},"end":{"line":245,"column":42}},"loc":{"start":{"line":245,"column":47},"end":{"line":247,"column":5}},"line":245},"20":{"name":"(anonymous_20)","decl":{"start":{"line":249,"column":42},"end":{"line":249,"column":43}},"loc":{"start":{"line":249,"column":48},"end":{"line":262,"column":5}},"line":249},"21":{"name":"(anonymous_21)","decl":{"start":{"line":265,"column":47},"end":{"line":265,"column":48}},"loc":{"start":{"line":265,"column":53},"end":{"line":267,"column":5}},"line":265},"22":{"name":"(anonymous_22)","decl":{"start":{"line":265,"column":69},"end":{"line":265,"column":70}},"loc":{"start":{"line":265,"column":82},"end":{"line":267,"column":5}},"line":265},"23":{"name":"changeProject","decl":{"start":{"line":274,"column":9},"end":{"line":274,"column":22}},"loc":{"start":{"line":274,"column":29},"end":{"line":297,"column":1}},"line":274}},"branchMap":{"0":{"loc":{"start":{"line":68,"column":4},"end":{"line":68,"column":90}},"type":"if","locations":[{"start":{"line":68,"column":4},"end":{"line":68,"column":90}},{"start":{"line":68,"column":4},"end":{"line":68,"column":90}}],"line":68},"1":{"loc":{"start":{"line":69,"column":4},"end":{"line":69,"column":93}},"type":"if","locations":[{"start":{"line":69,"column":4},"end":{"line":69,"column":93}},{"start":{"line":69,"column":4},"end":{"line":69,"column":93}}],"line":69},"2":{"loc":{"start":{"line":70,"column":4},"end":{"line":70,"column":92}},"type":"if","locations":[{"start":{"line":70,"column":4},"end":{"line":70,"column":92}},{"start":{"line":70,"column":4},"end":{"line":70,"column":92}}],"line":70},"3":{"loc":{"start":{"line":71,"column":4},"end":{"line":71,"column":93}},"type":"if","locations":[{"start":{"line":71,"column":4},"end":{"line":71,"column":93}},{"start":{"line":71,"column":4},"end":{"line":71,"column":93}}],"line":71},"4":{"loc":{"start":{"line":72,"column":4},"end":{"line":72,"column":99}},"type":"if","locations":[{"start":{"line":72,"column":4},"end":{"line":72,"column":99}},{"start":{"line":72,"column":4},"end":{"line":72,"column":99}}],"line":72},"5":{"loc":{"start":{"line":73,"column":4},"end":{"line":73,"column":94}},"type":"if","locations":[{"start":{"line":73,"column":4},"end":{"line":73,"column":94}},{"start":{"line":73,"column":4},"end":{"line":73,"column":94}}],"line":73},"6":{"loc":{"start":{"line":74,"column":4},"end":{"line":74,"column":98}},"type":"if","locations":[{"start":{"line":74,"column":4},"end":{"line":74,"column":98}},{"start":{"line":74,"column":4},"end":{"line":74,"column":98}}],"line":74},"7":{"loc":{"start":{"line":86,"column":53},"end":{"line":86,"column":92}},"type":"cond-expr","locations":[{"start":{"line":86,"column":76},"end":{"line":86,"column":82}},{"start":{"line":86,"column":85},"end":{"line":86,"column":92}}],"line":86},"8":{"loc":{"start":{"line":91,"column":8},"end":{"line":102,"column":9}},"type":"if","locations":[{"start":{"line":91,"column":8},"end":{"line":102,"column":9}},{"start":{"line":91,"column":8},"end":{"line":102,"column":9}}],"line":91},"9":{"loc":{"start":{"line":101,"column":61},"end":{"line":101,"column":100}},"type":"cond-expr","locations":[{"start":{"line":101,"column":84},"end":{"line":101,"column":90}},{"start":{"line":101,"column":93},"end":{"line":101,"column":100}}],"line":101},"10":{"loc":{"start":{"line":126,"column":8},"end":{"line":141,"column":9}},"type":"switch","locations":[{"start":{"line":127,"column":12},"end":{"line":129,"column":22}},{"start":{"line":130,"column":12},"end":{"line":132,"column":22}},{"start":{"line":133,"column":12},"end":{"line":135,"column":22}},{"start":{"line":136,"column":12},"end":{"line":138,"column":22}},{"start":{"line":139,"column":12},"end":{"line":140,"column":22}}],"line":126},"11":{"loc":{"start":{"line":128,"column":16},"end":{"line":128,"column":47}},"type":"if","locations":[{"start":{"line":128,"column":16},"end":{"line":128,"column":47}},{"start":{"line":128,"column":16},"end":{"line":128,"column":47}}],"line":128},"12":{"loc":{"start":{"line":131,"column":16},"end":{"line":131,"column":45}},"type":"if","locations":[{"start":{"line":131,"column":16},"end":{"line":131,"column":45}},{"start":{"line":131,"column":16},"end":{"line":131,"column":45}}],"line":131},"13":{"loc":{"start":{"line":134,"column":16},"end":{"line":134,"column":46}},"type":"if","locations":[{"start":{"line":134,"column":16},"end":{"line":134,"column":46}},{"start":{"line":134,"column":16},"end":{"line":134,"column":46}}],"line":134},"14":{"loc":{"start":{"line":163,"column":8},"end":{"line":166,"column":46}},"type":"if","locations":[{"start":{"line":163,"column":8},"end":{"line":166,"column":46}},{"start":{"line":163,"column":8},"end":{"line":166,"column":46}}],"line":163},"15":{"loc":{"start":{"line":202,"column":8},"end":{"line":208,"column":9}},"type":"if","locations":[{"start":{"line":202,"column":8},"end":{"line":208,"column":9}},{"start":{"line":202,"column":8},"end":{"line":208,"column":9}}],"line":202},"16":{"loc":{"start":{"line":202,"column":12},"end":{"line":202,"column":81}},"type":"binary-expr","locations":[{"start":{"line":202,"column":12},"end":{"line":202,"column":45}},{"start":{"line":202,"column":49},"end":{"line":202,"column":81}}],"line":202},"17":{"loc":{"start":{"line":217,"column":8},"end":{"line":226,"column":9}},"type":"if","locations":[{"start":{"line":217,"column":8},"end":{"line":226,"column":9}},{"start":{"line":217,"column":8},"end":{"line":226,"column":9}}],"line":217},"18":{"loc":{"start":{"line":252,"column":8},"end":{"line":261,"column":9}},"type":"if","locations":[{"start":{"line":252,"column":8},"end":{"line":261,"column":9}},{"start":{"line":252,"column":8},"end":{"line":261,"column":9}}],"line":252}},"s":{"0":68,"1":68,"2":68,"3":68,"4":68,"5":68,"6":68,"7":68,"8":68,"9":68,"10":68,"11":68,"12":68,"13":68,"14":68,"15":68,"16":68,"17":68,"18":68,"19":68,"20":68,"21":68,"22":68,"23":68,"24":68,"25":68,"26":68,"27":68,"28":68,"29":68,"30":68,"31":68,"32":68,"33":68,"34":68,"35":68,"36":68,"37":68,"38":68,"39":68,"40":68,"41":68,"42":68,"43":68,"44":68,"45":68,"46":68,"47":68,"48":68,"49":68,"50":68,"51":68,"52":68,"53":68,"54":68,"55":68,"56":68,"57":68,"58":68,"59":68,"60":68,"61":68,"62":68,"63":68,"64":68,"65":68,"66":68,"67":68,"68":36,"69":36,"70":36,"71":36,"72":36,"73":36,"74":36,"75":36,"76":36,"77":36,"78":68,"79":68,"80":68,"81":6,"82":6,"83":6,"84":0,"85":0,"86":0,"87":2,"88":2,"89":2,"90":2,"91":2,"92":2,"93":2,"94":2,"95":0,"96":68,"97":28,"98":28,"99":28,"100":28,"101":28,"102":28,"103":28,"104":28,"105":28,"106":28,"107":68,"108":36,"109":2,"110":34,"111":68,"112":15,"113":68,"114":9,"115":9,"116":68,"117":2,"118":68,"119":4,"120":4,"121":4,"122":4,"123":68,"124":5,"125":68,"126":4,"127":4,"128":68,"129":21,"130":19,"131":19,"132":2,"133":2,"134":68,"135":19,"136":19,"137":68,"138":18,"139":18,"140":18,"141":0,"142":68,"143":0,"144":68,"145":0,"146":68,"147":1,"148":68,"149":2,"150":68,"151":2,"152":68,"153":2,"154":2,"155":2,"156":2,"157":0,"158":68,"159":680,"160":229,"161":4,"162":4,"163":4,"164":4,"165":4,"166":4,"167":4,"168":4,"169":4,"170":4,"171":4,"172":4,"173":4},"f":{"0":68,"1":68,"2":36,"3":6,"4":28,"5":36,"6":15,"7":9,"8":2,"9":4,"10":5,"11":4,"12":21,"13":19,"14":18,"15":0,"16":0,"17":1,"18":2,"19":2,"20":2,"21":680,"22":229,"23":4},"b":{"0":[68,0],"1":[68,0],"2":[68,0],"3":[68,0],"4":[68,0],"5":[68,0],"6":[68,0],"7":[0,68],"8":[36,0],"9":[4,32],"10":[0,2,2,2,0],"11":[0,0],"12":[2,0],"13":[2,0],"14":[2,34],"15":[19,2],"16":[21,21],"17":[18,0],"18":[2,0]},"_coverageSchema":"1a1c01bbd47fc00a2c39e90264f33305004495a9","hash":"694e23ef647a90390be9ac01f7efb66046745498"}
,"/Users/cairui/Desktop/CSE110/cse110-w21-group5/source/js/project.js": {"path":"/Users/cairui/Desktop/CSE110/cse110-w21-group5/source/js/project.js","statementMap":{"0":{"start":{"line":5,"column":21},"end":{"line":5,"column":80}},"1":{"start":{"line":6,"column":4},"end":{"line":6,"column":52}},"2":{"start":{"line":7,"column":4},"end":{"line":7,"column":57}},"3":{"start":{"line":8,"column":4},"end":{"line":8,"column":49}},"4":{"start":{"line":24,"column":4},"end":{"line":24,"column":78}},"5":{"start":{"line":24,"column":53},"end":{"line":24,"column":78}},"6":{"start":{"line":25,"column":4},"end":{"line":25,"column":98}},"7":{"start":{"line":25,"column":75},"end":{"line":25,"column":96}},"8":{"start":{"line":33,"column":4},"end":{"line":33,"column":78}},"9":{"start":{"line":33,"column":53},"end":{"line":33,"column":78}},"10":{"start":{"line":34,"column":22},"end":{"line":34,"column":69}},"11":{"start":{"line":35,"column":4},"end":{"line":43,"column":5}},"12":{"start":{"line":35,"column":30},"end":{"line":35,"column":53}},"13":{"start":{"line":36,"column":8},"end":{"line":36,"column":56}},"14":{"start":{"line":37,"column":8},"end":{"line":37,"column":21}},"15":{"start":{"line":39,"column":8},"end":{"line":39,"column":34}},"16":{"start":{"line":40,"column":8},"end":{"line":40,"column":73}},"17":{"start":{"line":41,"column":8},"end":{"line":41,"column":29}},"18":{"start":{"line":42,"column":8},"end":{"line":42,"column":20}},"19":{"start":{"line":51,"column":4},"end":{"line":54,"column":5}},"20":{"start":{"line":52,"column":8},"end":{"line":52,"column":33}},"21":{"start":{"line":53,"column":8},"end":{"line":53,"column":21}},"22":{"start":{"line":55,"column":22},"end":{"line":55,"column":69}},"23":{"start":{"line":56,"column":4},"end":{"line":56,"column":110}},"24":{"start":{"line":56,"column":85},"end":{"line":56,"column":106}},"25":{"start":{"line":57,"column":4},"end":{"line":57,"column":25}},"26":{"start":{"line":58,"column":4},"end":{"line":58,"column":16}},"27":{"start":{"line":67,"column":4},"end":{"line":67,"column":78}},"28":{"start":{"line":67,"column":53},"end":{"line":67,"column":78}},"29":{"start":{"line":68,"column":22},"end":{"line":68,"column":69}},"30":{"start":{"line":69,"column":4},"end":{"line":78,"column":5}},"31":{"start":{"line":69,"column":30},"end":{"line":69,"column":44}},"32":{"start":{"line":70,"column":27},"end":{"line":70,"column":69}},"33":{"start":{"line":70,"column":54},"end":{"line":70,"column":68}},"34":{"start":{"line":71,"column":8},"end":{"line":71,"column":45}},"35":{"start":{"line":72,"column":8},"end":{"line":72,"column":73}},"36":{"start":{"line":73,"column":8},"end":{"line":73,"column":29}},"37":{"start":{"line":74,"column":8},"end":{"line":74,"column":20}},"38":{"start":{"line":76,"column":8},"end":{"line":76,"column":50}},"39":{"start":{"line":77,"column":8},"end":{"line":77,"column":21}},"40":{"start":{"line":86,"column":4},"end":{"line":86,"column":64}},"41":{"start":{"line":87,"column":4},"end":{"line":87,"column":83}},"42":{"start":{"line":88,"column":4},"end":{"line":88,"column":62}},"43":{"start":{"line":95,"column":4},"end":{"line":95,"column":78}},"44":{"start":{"line":95,"column":53},"end":{"line":95,"column":78}},"45":{"start":{"line":97,"column":26},"end":{"line":97,"column":65}},"46":{"start":{"line":98,"column":20},"end":{"line":98,"column":66}},"47":{"start":{"line":100,"column":4},"end":{"line":102,"column":5}},"48":{"start":{"line":101,"column":8},"end":{"line":101,"column":64}},"49":{"start":{"line":104,"column":25},"end":{"line":104,"column":63}},"50":{"start":{"line":105,"column":22},"end":{"line":105,"column":69}},"51":{"start":{"line":106,"column":4},"end":{"line":125,"column":7}},"52":{"start":{"line":107,"column":26},"end":{"line":107,"column":54}},"53":{"start":{"line":108,"column":8},"end":{"line":122,"column":9}},"54":{"start":{"line":109,"column":12},"end":{"line":114,"column":20}},"55":{"start":{"line":116,"column":12},"end":{"line":121,"column":20}},"56":{"start":{"line":123,"column":8},"end":{"line":123,"column":50}},"57":{"start":{"line":124,"column":8},"end":{"line":124,"column":61}},"58":{"start":{"line":141,"column":4},"end":{"line":141,"column":81}},"59":{"start":{"line":141,"column":56},"end":{"line":141,"column":81}},"60":{"start":{"line":142,"column":25},"end":{"line":142,"column":75}},"61":{"start":{"line":143,"column":4},"end":{"line":143,"column":59}},"62":{"start":{"line":143,"column":36},"end":{"line":143,"column":59}},"63":{"start":{"line":144,"column":4},"end":{"line":144,"column":37}},"64":{"start":{"line":145,"column":4},"end":{"line":145,"column":75}},"65":{"start":{"line":146,"column":4},"end":{"line":146,"column":28}},"66":{"start":{"line":153,"column":4},"end":{"line":153,"column":81}},"67":{"start":{"line":153,"column":56},"end":{"line":153,"column":81}},"68":{"start":{"line":154,"column":25},"end":{"line":154,"column":75}},"69":{"start":{"line":155,"column":18},"end":{"line":155,"column":53}},"70":{"start":{"line":157,"column":4},"end":{"line":157,"column":27}},"71":{"start":{"line":159,"column":4},"end":{"line":164,"column":7}},"72":{"start":{"line":160,"column":30},"end":{"line":160,"column":58}},"73":{"start":{"line":161,"column":8},"end":{"line":161,"column":48}},"74":{"start":{"line":162,"column":8},"end":{"line":162,"column":50}},"75":{"start":{"line":163,"column":8},"end":{"line":163,"column":45}}},"fnMap":{"0":{"name":"initializeLocalStorage","decl":{"start":{"line":4,"column":9},"end":{"line":4,"column":31}},"loc":{"start":{"line":4,"column":34},"end":{"line":9,"column":1}},"line":4},"1":{"name":"getProject","decl":{"start":{"line":23,"column":9},"end":{"line":23,"column":19}},"loc":{"start":{"line":23,"column":26},"end":{"line":26,"column":1}},"line":23},"2":{"name":"(anonymous_2)","decl":{"start":{"line":25,"column":64},"end":{"line":25,"column":65}},"loc":{"start":{"line":25,"column":75},"end":{"line":25,"column":96}},"line":25},"3":{"name":"createProject","decl":{"start":{"line":32,"column":9},"end":{"line":32,"column":22}},"loc":{"start":{"line":32,"column":32},"end":{"line":44,"column":1}},"line":32},"4":{"name":"(anonymous_4)","decl":{"start":{"line":35,"column":25},"end":{"line":35,"column":26}},"loc":{"start":{"line":35,"column":30},"end":{"line":35,"column":53}},"line":35},"5":{"name":"deleteProject","decl":{"start":{"line":50,"column":9},"end":{"line":50,"column":22}},"loc":{"start":{"line":50,"column":29},"end":{"line":59,"column":1}},"line":50},"6":{"name":"(anonymous_6)","decl":{"start":{"line":56,"column":74},"end":{"line":56,"column":75}},"loc":{"start":{"line":56,"column":85},"end":{"line":56,"column":106}},"line":56},"7":{"name":"updateProject","decl":{"start":{"line":66,"column":9},"end":{"line":66,"column":22}},"loc":{"start":{"line":66,"column":39},"end":{"line":79,"column":1}},"line":66},"8":{"name":"(anonymous_8)","decl":{"start":{"line":69,"column":25},"end":{"line":69,"column":26}},"loc":{"start":{"line":69,"column":30},"end":{"line":69,"column":44}},"line":69},"9":{"name":"(anonymous_9)","decl":{"start":{"line":70,"column":49},"end":{"line":70,"column":50}},"loc":{"start":{"line":70,"column":54},"end":{"line":70,"column":68}},"line":70},"10":{"name":"editProject","decl":{"start":{"line":85,"column":9},"end":{"line":85,"column":20}},"loc":{"start":{"line":85,"column":27},"end":{"line":89,"column":1}},"line":85},"11":{"name":"refreshProjectList","decl":{"start":{"line":94,"column":9},"end":{"line":94,"column":27}},"loc":{"start":{"line":94,"column":30},"end":{"line":126,"column":1}},"line":94},"12":{"name":"(anonymous_12)","decl":{"start":{"line":106,"column":24},"end":{"line":106,"column":25}},"loc":{"start":{"line":106,"column":37},"end":{"line":125,"column":5}},"line":106},"13":{"name":"logDistraction","decl":{"start":{"line":140,"column":9},"end":{"line":140,"column":23}},"loc":{"start":{"line":140,"column":37},"end":{"line":147,"column":1}},"line":140},"14":{"name":"refreshDistractionLog","decl":{"start":{"line":152,"column":9},"end":{"line":152,"column":30}},"loc":{"start":{"line":152,"column":33},"end":{"line":165,"column":1}},"line":152},"15":{"name":"(anonymous_15)","decl":{"start":{"line":159,"column":27},"end":{"line":159,"column":28}},"loc":{"start":{"line":159,"column":44},"end":{"line":164,"column":5}},"line":159}},"branchMap":{"0":{"loc":{"start":{"line":24,"column":4},"end":{"line":24,"column":78}},"type":"if","locations":[{"start":{"line":24,"column":4},"end":{"line":24,"column":78}},{"start":{"line":24,"column":4},"end":{"line":24,"column":78}}],"line":24},"1":{"loc":{"start":{"line":33,"column":4},"end":{"line":33,"column":78}},"type":"if","locations":[{"start":{"line":33,"column":4},"end":{"line":33,"column":78}},{"start":{"line":33,"column":4},"end":{"line":33,"column":78}}],"line":33},"2":{"loc":{"start":{"line":35,"column":4},"end":{"line":43,"column":5}},"type":"if","locations":[{"start":{"line":35,"column":4},"end":{"line":43,"column":5}},{"start":{"line":35,"column":4},"end":{"line":43,"column":5}}],"line":35},"3":{"loc":{"start":{"line":51,"column":4},"end":{"line":54,"column":5}},"type":"if","locations":[{"start":{"line":51,"column":4},"end":{"line":54,"column":5}},{"start":{"line":51,"column":4},"end":{"line":54,"column":5}}],"line":51},"4":{"loc":{"start":{"line":67,"column":4},"end":{"line":67,"column":78}},"type":"if","locations":[{"start":{"line":67,"column":4},"end":{"line":67,"column":78}},{"start":{"line":67,"column":4},"end":{"line":67,"column":78}}],"line":67},"5":{"loc":{"start":{"line":69,"column":4},"end":{"line":78,"column":5}},"type":"if","locations":[{"start":{"line":69,"column":4},"end":{"line":78,"column":5}},{"start":{"line":69,"column":4},"end":{"line":78,"column":5}}],"line":69},"6":{"loc":{"start":{"line":95,"column":4},"end":{"line":95,"column":78}},"type":"if","locations":[{"start":{"line":95,"column":4},"end":{"line":95,"column":78}},{"start":{"line":95,"column":4},"end":{"line":95,"column":78}}],"line":95},"7":{"loc":{"start":{"line":108,"column":8},"end":{"line":122,"column":9}},"type":"if","locations":[{"start":{"line":108,"column":8},"end":{"line":122,"column":9}},{"start":{"line":108,"column":8},"end":{"line":122,"column":9}}],"line":108},"8":{"loc":{"start":{"line":141,"column":4},"end":{"line":141,"column":81}},"type":"if","locations":[{"start":{"line":141,"column":4},"end":{"line":141,"column":81}},{"start":{"line":141,"column":4},"end":{"line":141,"column":81}}],"line":141},"9":{"loc":{"start":{"line":143,"column":4},"end":{"line":143,"column":59}},"type":"if","locations":[{"start":{"line":143,"column":4},"end":{"line":143,"column":59}},{"start":{"line":143,"column":4},"end":{"line":143,"column":59}}],"line":143},"10":{"loc":{"start":{"line":153,"column":4},"end":{"line":153,"column":81}},"type":"if","locations":[{"start":{"line":153,"column":4},"end":{"line":153,"column":81}},{"start":{"line":153,"column":4},"end":{"line":153,"column":81}}],"line":153}},"s":{"0":68,"1":68,"2":68,"3":68,"4":6,"5":0,"6":6,"7":10,"8":18,"9":0,"10":18,"11":18,"12":26,"13":2,"14":2,"15":16,"16":16,"17":16,"18":16,"19":2,"20":0,"21":0,"22":2,"23":2,"24":4,"25":2,"26":2,"27":6,"28":0,"29":6,"30":6,"31":10,"32":6,"33":10,"34":6,"35":6,"36":6,"37":6,"38":0,"39":0,"40":2,"41":2,"42":2,"43":92,"44":68,"45":92,"46":92,"47":92,"48":106,"49":92,"50":92,"51":92,"52":120,"53":120,"54":92,"55":28,"56":120,"57":120,"58":9,"59":0,"60":9,"61":9,"62":2,"63":9,"64":9,"65":9,"66":77,"67":0,"68":77,"69":77,"70":77,"71":77,"72":27,"73":27,"74":27,"75":27},"f":{"0":68,"1":6,"2":10,"3":18,"4":26,"5":2,"6":4,"7":6,"8":10,"9":10,"10":2,"11":92,"12":120,"13":9,"14":77,"15":27},"b":{"0":[0,6],"1":[0,18],"2":[2,16],"3":[0,2],"4":[0,6],"5":[6,0],"6":[68,24],"7":[92,28],"8":[0,9],"9":[2,7],"10":[0,77]},"_coverageSchema":"1a1c01bbd47fc00a2c39e90264f33305004495a9","hash":"8841bb6f2d31b1b3b4ad055f97abbb6b8ac47a6d"}
,"/Users/cairui/Desktop/CSE110/cse110-w21-group5/source/js/timer.js": {"path":"/Users/cairui/Desktop/CSE110/cse110-w21-group5/source/js/timer.js","statementMap":{"0":{"start":{"line":3,"column":20},"end":{"line":6,"column":1}},"1":{"start":{"line":8,"column":24},"end":{"line":11,"column":1}},"2":{"start":{"line":37,"column":4},"end":{"line":37,"column":25}},"3":{"start":{"line":38,"column":4},"end":{"line":38,"column":21}},"4":{"start":{"line":41,"column":4},"end":{"line":41,"column":30}},"5":{"start":{"line":42,"column":4},"end":{"line":42,"column":33}},"6":{"start":{"line":43,"column":4},"end":{"line":43,"column":32}},"7":{"start":{"line":44,"column":4},"end":{"line":44,"column":29}},"8":{"start":{"line":45,"column":4},"end":{"line":45,"column":41}},"9":{"start":{"line":46,"column":4},"end":{"line":46,"column":39}},"10":{"start":{"line":47,"column":4},"end":{"line":47,"column":47}},"11":{"start":{"line":48,"column":4},"end":{"line":48,"column":37}},"12":{"start":{"line":49,"column":4},"end":{"line":49,"column":41}},"13":{"start":{"line":52,"column":4},"end":{"line":52,"column":35}},"14":{"start":{"line":53,"column":4},"end":{"line":53,"column":41}},"15":{"start":{"line":54,"column":4},"end":{"line":54,"column":41}},"16":{"start":{"line":55,"column":4},"end":{"line":55,"column":37}},"17":{"start":{"line":56,"column":4},"end":{"line":56,"column":37}},"18":{"start":{"line":57,"column":4},"end":{"line":57,"column":35}},"19":{"start":{"line":58,"column":4},"end":{"line":58,"column":37}},"20":{"start":{"line":61,"column":4},"end":{"line":61,"column":27}},"21":{"start":{"line":62,"column":4},"end":{"line":62,"column":25}},"22":{"start":{"line":63,"column":4},"end":{"line":63,"column":25}},"23":{"start":{"line":70,"column":0},"end":{"line":94,"column":1}},"24":{"start":{"line":71,"column":4},"end":{"line":71,"column":59}},"25":{"start":{"line":71,"column":43},"end":{"line":71,"column":59}},"26":{"start":{"line":72,"column":4},"end":{"line":72,"column":25}},"27":{"start":{"line":74,"column":4},"end":{"line":74,"column":30}},"28":{"start":{"line":75,"column":4},"end":{"line":75,"column":33}},"29":{"start":{"line":77,"column":4},"end":{"line":77,"column":40}},"30":{"start":{"line":78,"column":4},"end":{"line":78,"column":32}},"31":{"start":{"line":80,"column":4},"end":{"line":80,"column":25}},"32":{"start":{"line":81,"column":4},"end":{"line":81,"column":25}},"33":{"start":{"line":82,"column":4},"end":{"line":82,"column":27}},"34":{"start":{"line":84,"column":4},"end":{"line":84,"column":41}},"35":{"start":{"line":87,"column":4},"end":{"line":93,"column":5}},"36":{"start":{"line":88,"column":8},"end":{"line":88,"column":23}},"37":{"start":{"line":89,"column":8},"end":{"line":89,"column":53}},"38":{"start":{"line":90,"column":8},"end":{"line":90,"column":57}},"39":{"start":{"line":91,"column":8},"end":{"line":91,"column":39}},"40":{"start":{"line":92,"column":8},"end":{"line":92,"column":62}},"41":{"start":{"line":100,"column":0},"end":{"line":119,"column":1}},"42":{"start":{"line":101,"column":4},"end":{"line":101,"column":68}},"43":{"start":{"line":101,"column":31},"end":{"line":101,"column":68}},"44":{"start":{"line":105,"column":4},"end":{"line":118,"column":5}},"45":{"start":{"line":106,"column":8},"end":{"line":106,"column":31}},"46":{"start":{"line":107,"column":8},"end":{"line":107,"column":32}},"47":{"start":{"line":108,"column":8},"end":{"line":108,"column":60}},"48":{"start":{"line":109,"column":11},"end":{"line":118,"column":5}},"49":{"start":{"line":110,"column":8},"end":{"line":110,"column":21}},"50":{"start":{"line":111,"column":8},"end":{"line":111,"column":30}},"51":{"start":{"line":112,"column":11},"end":{"line":118,"column":5}},"52":{"start":{"line":113,"column":8},"end":{"line":113,"column":21}},"53":{"start":{"line":114,"column":8},"end":{"line":114,"column":31}},"54":{"start":{"line":115,"column":11},"end":{"line":118,"column":5}},"55":{"start":{"line":116,"column":8},"end":{"line":116,"column":21}},"56":{"start":{"line":117,"column":8},"end":{"line":117,"column":28}},"57":{"start":{"line":125,"column":0},"end":{"line":139,"column":1}},"58":{"start":{"line":126,"column":16},"end":{"line":126,"column":26}},"59":{"start":{"line":127,"column":28},"end":{"line":127,"column":62}},"60":{"start":{"line":128,"column":4},"end":{"line":128,"column":67}},"61":{"start":{"line":129,"column":4},"end":{"line":129,"column":39}},"62":{"start":{"line":132,"column":4},"end":{"line":132,"column":21}},"63":{"start":{"line":133,"column":4},"end":{"line":133,"column":72}},"64":{"start":{"line":134,"column":4},"end":{"line":134,"column":28}},"65":{"start":{"line":137,"column":4},"end":{"line":137,"column":67}},"66":{"start":{"line":138,"column":4},"end":{"line":138,"column":37}},"67":{"start":{"line":144,"column":0},"end":{"line":160,"column":1}},"68":{"start":{"line":146,"column":8},"end":{"line":146,"column":54}},"69":{"start":{"line":149,"column":14},"end":{"line":149,"column":24}},"70":{"start":{"line":151,"column":19},"end":{"line":151,"column":77}},"71":{"start":{"line":152,"column":4},"end":{"line":152,"column":49}},"72":{"start":{"line":153,"column":4},"end":{"line":153,"column":37}},"73":{"start":{"line":155,"column":4},"end":{"line":155,"column":95}},"74":{"start":{"line":156,"column":4},"end":{"line":159,"column":5}},"75":{"start":{"line":157,"column":8},"end":{"line":157,"column":45}},"76":{"start":{"line":158,"column":8},"end":{"line":158,"column":20}},"77":{"start":{"line":165,"column":0},"end":{"line":172,"column":1}},"78":{"start":{"line":166,"column":4},"end":{"line":169,"column":5}},"79":{"start":{"line":167,"column":8},"end":{"line":167,"column":44}},"80":{"start":{"line":168,"column":8},"end":{"line":168,"column":15}},"81":{"start":{"line":171,"column":4},"end":{"line":171,"column":51}},"82":{"start":{"line":177,"column":0},"end":{"line":197,"column":1}},"83":{"start":{"line":178,"column":4},"end":{"line":178,"column":24}},"84":{"start":{"line":179,"column":4},"end":{"line":179,"column":30}},"85":{"start":{"line":182,"column":4},"end":{"line":182,"column":49}},"86":{"start":{"line":183,"column":4},"end":{"line":183,"column":53}},"87":{"start":{"line":184,"column":4},"end":{"line":184,"column":47}},"88":{"start":{"line":187,"column":4},"end":{"line":187,"column":19}},"89":{"start":{"line":190,"column":4},"end":{"line":192,"column":5}},"90":{"start":{"line":191,"column":8},"end":{"line":191,"column":53}},"91":{"start":{"line":194,"column":4},"end":{"line":196,"column":5}},"92":{"start":{"line":195,"column":8},"end":{"line":195,"column":75}},"93":{"start":{"line":202,"column":0},"end":{"line":214,"column":1}},"94":{"start":{"line":204,"column":4},"end":{"line":204,"column":49}},"95":{"start":{"line":205,"column":4},"end":{"line":205,"column":53}},"96":{"start":{"line":206,"column":4},"end":{"line":206,"column":48}},"97":{"start":{"line":208,"column":4},"end":{"line":210,"column":5}},"98":{"start":{"line":209,"column":8},"end":{"line":209,"column":53}},"99":{"start":{"line":212,"column":4},"end":{"line":212,"column":31}},"100":{"start":{"line":213,"column":4},"end":{"line":213,"column":36}},"101":{"start":{"line":219,"column":0},"end":{"line":231,"column":1}},"102":{"start":{"line":221,"column":4},"end":{"line":221,"column":49}},"103":{"start":{"line":222,"column":4},"end":{"line":222,"column":53}},"104":{"start":{"line":223,"column":4},"end":{"line":223,"column":48}},"105":{"start":{"line":225,"column":4},"end":{"line":227,"column":5}},"106":{"start":{"line":226,"column":8},"end":{"line":226,"column":53}},"107":{"start":{"line":229,"column":4},"end":{"line":229,"column":30}},"108":{"start":{"line":230,"column":4},"end":{"line":230,"column":35}},"109":{"start":{"line":243,"column":0},"end":{"line":265,"column":1}},"110":{"start":{"line":245,"column":4},"end":{"line":262,"column":5}},"111":{"start":{"line":247,"column":12},"end":{"line":247,"column":141}},"112":{"start":{"line":248,"column":12},"end":{"line":248,"column":18}},"113":{"start":{"line":250,"column":12},"end":{"line":250,"column":144}},"114":{"start":{"line":251,"column":12},"end":{"line":251,"column":18}},"115":{"start":{"line":253,"column":12},"end":{"line":253,"column":143}},"116":{"start":{"line":254,"column":12},"end":{"line":254,"column":18}},"117":{"start":{"line":256,"column":12},"end":{"line":256,"column":141}},"118":{"start":{"line":257,"column":12},"end":{"line":257,"column":18}},"119":{"start":{"line":259,"column":12},"end":{"line":259,"column":141}},"120":{"start":{"line":261,"column":12},"end":{"line":261,"column":141}},"121":{"start":{"line":264,"column":4},"end":{"line":264,"column":44}},"122":{"start":{"line":270,"column":0},"end":{"line":274,"column":1}},"123":{"start":{"line":271,"column":4},"end":{"line":271,"column":37}},"124":{"start":{"line":272,"column":4},"end":{"line":272,"column":32}},"125":{"start":{"line":273,"column":4},"end":{"line":273,"column":28}}},"fnMap":{"0":{"name":"timer","decl":{"start":{"line":21,"column":9},"end":{"line":21,"column":14}},"loc":{"start":{"line":35,"column":2},"end":{"line":64,"column":1}},"line":35},"1":{"name":"(anonymous_1)","decl":{"start":{"line":70,"column":24},"end":{"line":70,"column":25}},"loc":{"start":{"line":70,"column":49},"end":{"line":94,"column":1}},"line":70},"2":{"name":"(anonymous_2)","decl":{"start":{"line":100,"column":23},"end":{"line":100,"column":24}},"loc":{"start":{"line":100,"column":48},"end":{"line":119,"column":1}},"line":100},"3":{"name":"(anonymous_3)","decl":{"start":{"line":125,"column":24},"end":{"line":125,"column":25}},"loc":{"start":{"line":125,"column":49},"end":{"line":139,"column":1}},"line":125},"4":{"name":"(anonymous_4)","decl":{"start":{"line":144,"column":28},"end":{"line":144,"column":29}},"loc":{"start":{"line":144,"column":40},"end":{"line":160,"column":1}},"line":144},"5":{"name":"timerPad","decl":{"start":{"line":145,"column":13},"end":{"line":145,"column":21}},"loc":{"start":{"line":145,"column":34},"end":{"line":147,"column":5}},"line":145},"6":{"name":"(anonymous_6)","decl":{"start":{"line":165,"column":27},"end":{"line":165,"column":28}},"loc":{"start":{"line":165,"column":38},"end":{"line":172,"column":1}},"line":165},"7":{"name":"(anonymous_7)","decl":{"start":{"line":177,"column":31},"end":{"line":177,"column":32}},"loc":{"start":{"line":177,"column":43},"end":{"line":197,"column":1}},"line":177},"8":{"name":"(anonymous_8)","decl":{"start":{"line":202,"column":34},"end":{"line":202,"column":35}},"loc":{"start":{"line":202,"column":46},"end":{"line":214,"column":1}},"line":202},"9":{"name":"(anonymous_9)","decl":{"start":{"line":219,"column":33},"end":{"line":219,"column":34}},"loc":{"start":{"line":219,"column":45},"end":{"line":231,"column":1}},"line":219},"10":{"name":"(anonymous_10)","decl":{"start":{"line":243,"column":35},"end":{"line":243,"column":36}},"loc":{"start":{"line":243,"column":47},"end":{"line":265,"column":1}},"line":243},"11":{"name":"(anonymous_11)","decl":{"start":{"line":270,"column":30},"end":{"line":270,"column":31}},"loc":{"start":{"line":270,"column":50},"end":{"line":274,"column":1}},"line":270}},"branchMap":{"0":{"loc":{"start":{"line":29,"column":4},"end":{"line":29,"column":17}},"type":"default-arg","locations":[{"start":{"line":29,"column":15},"end":{"line":29,"column":17}}],"line":29},"1":{"loc":{"start":{"line":30,"column":4},"end":{"line":30,"column":22}},"type":"default-arg","locations":[{"start":{"line":30,"column":21},"end":{"line":30,"column":22}}],"line":30},"2":{"loc":{"start":{"line":31,"column":4},"end":{"line":31,"column":22}},"type":"default-arg","locations":[{"start":{"line":31,"column":20},"end":{"line":31,"column":22}}],"line":31},"3":{"loc":{"start":{"line":32,"column":4},"end":{"line":32,"column":25}},"type":"default-arg","locations":[{"start":{"line":32,"column":24},"end":{"line":32,"column":25}}],"line":32},"4":{"loc":{"start":{"line":33,"column":4},"end":{"line":33,"column":23}},"type":"default-arg","locations":[{"start":{"line":33,"column":19},"end":{"line":33,"column":23}}],"line":33},"5":{"loc":{"start":{"line":34,"column":4},"end":{"line":34,"column":25}},"type":"default-arg","locations":[{"start":{"line":34,"column":21},"end":{"line":34,"column":25}}],"line":34},"6":{"loc":{"start":{"line":70,"column":34},"end":{"line":70,"column":47}},"type":"default-arg","locations":[{"start":{"line":70,"column":42},"end":{"line":70,"column":47}}],"line":70},"7":{"loc":{"start":{"line":71,"column":4},"end":{"line":71,"column":59}},"type":"if","locations":[{"start":{"line":71,"column":4},"end":{"line":71,"column":59}},{"start":{"line":71,"column":4},"end":{"line":71,"column":59}}],"line":71},"8":{"loc":{"start":{"line":71,"column":8},"end":{"line":71,"column":41}},"type":"binary-expr","locations":[{"start":{"line":71,"column":8},"end":{"line":71,"column":13}},{"start":{"line":71,"column":17},"end":{"line":71,"column":41}}],"line":71},"9":{"loc":{"start":{"line":87,"column":4},"end":{"line":93,"column":5}},"type":"if","locations":[{"start":{"line":87,"column":4},"end":{"line":93,"column":5}},{"start":{"line":87,"column":4},"end":{"line":93,"column":5}}],"line":87},"10":{"loc":{"start":{"line":100,"column":33},"end":{"line":100,"column":46}},"type":"default-arg","locations":[{"start":{"line":100,"column":41},"end":{"line":100,"column":46}}],"line":100},"11":{"loc":{"start":{"line":101,"column":4},"end":{"line":101,"column":68}},"type":"if","locations":[{"start":{"line":101,"column":4},"end":{"line":101,"column":68}},{"start":{"line":101,"column":4},"end":{"line":101,"column":68}}],"line":101},"12":{"loc":{"start":{"line":105,"column":4},"end":{"line":118,"column":5}},"type":"if","locations":[{"start":{"line":105,"column":4},"end":{"line":118,"column":5}},{"start":{"line":105,"column":4},"end":{"line":118,"column":5}}],"line":105},"13":{"loc":{"start":{"line":109,"column":11},"end":{"line":118,"column":5}},"type":"if","locations":[{"start":{"line":109,"column":11},"end":{"line":118,"column":5}},{"start":{"line":109,"column":11},"end":{"line":118,"column":5}}],"line":109},"14":{"loc":{"start":{"line":109,"column":15},"end":{"line":109,"column":81}},"type":"binary-expr","locations":[{"start":{"line":109,"column":15},"end":{"line":109,"column":35}},{"start":{"line":109,"column":39},"end":{"line":109,"column":81}}],"line":109},"15":{"loc":{"start":{"line":112,"column":11},"end":{"line":118,"column":5}},"type":"if","locations":[{"start":{"line":112,"column":11},"end":{"line":118,"column":5}},{"start":{"line":112,"column":11},"end":{"line":118,"column":5}}],"line":112},"16":{"loc":{"start":{"line":115,"column":11},"end":{"line":118,"column":5}},"type":"if","locations":[{"start":{"line":115,"column":11},"end":{"line":118,"column":5}},{"start":{"line":115,"column":11},"end":{"line":118,"column":5}}],"line":115},"17":{"loc":{"start":{"line":115,"column":15},"end":{"line":115,"column":72}},"type":"binary-expr","locations":[{"start":{"line":115,"column":15},"end":{"line":115,"column":42}},{"start":{"line":115,"column":46},"end":{"line":115,"column":72}}],"line":115},"18":{"loc":{"start":{"line":156,"column":4},"end":{"line":159,"column":5}},"type":"if","locations":[{"start":{"line":156,"column":4},"end":{"line":159,"column":5}},{"start":{"line":156,"column":4},"end":{"line":159,"column":5}}],"line":156},"19":{"loc":{"start":{"line":156,"column":8},"end":{"line":156,"column":46}},"type":"binary-expr","locations":[{"start":{"line":156,"column":8},"end":{"line":156,"column":25}},{"start":{"line":156,"column":29},"end":{"line":156,"column":46}}],"line":156},"20":{"loc":{"start":{"line":166,"column":4},"end":{"line":169,"column":5}},"type":"if","locations":[{"start":{"line":166,"column":4},"end":{"line":169,"column":5}},{"start":{"line":166,"column":4},"end":{"line":169,"column":5}}],"line":166},"21":{"loc":{"start":{"line":190,"column":4},"end":{"line":192,"column":5}},"type":"if","locations":[{"start":{"line":190,"column":4},"end":{"line":192,"column":5}},{"start":{"line":190,"column":4},"end":{"line":192,"column":5}}],"line":190},"22":{"loc":{"start":{"line":194,"column":4},"end":{"line":196,"column":5}},"type":"if","locations":[{"start":{"line":194,"column":4},"end":{"line":196,"column":5}},{"start":{"line":194,"column":4},"end":{"line":196,"column":5}}],"line":194},"23":{"loc":{"start":{"line":208,"column":4},"end":{"line":210,"column":5}},"type":"if","locations":[{"start":{"line":208,"column":4},"end":{"line":210,"column":5}},{"start":{"line":208,"column":4},"end":{"line":210,"column":5}}],"line":208},"24":{"loc":{"start":{"line":225,"column":4},"end":{"line":227,"column":5}},"type":"if","locations":[{"start":{"line":225,"column":4},"end":{"line":227,"column":5}},{"start":{"line":225,"column":4},"end":{"line":227,"column":5}}],"line":225},"25":{"loc":{"start":{"line":245,"column":4},"end":{"line":262,"column":5}},"type":"switch","locations":[{"start":{"line":246,"column":8},"end":{"line":248,"column":18}},{"start":{"line":249,"column":8},"end":{"line":251,"column":18}},{"start":{"line":252,"column":8},"end":{"line":254,"column":18}},{"start":{"line":255,"column":8},"end":{"line":257,"column":18}},{"start":{"line":258,"column":8},"end":{"line":259,"column":141}},{"start":{"line":260,"column":8},"end":{"line":261,"column":141}}],"line":245}},"s":{"0":68,"1":68,"2":68,"3":68,"4":68,"5":68,"6":68,"7":68,"8":68,"9":68,"10":68,"11":68,"12":68,"13":68,"14":68,"15":68,"16":68,"17":68,"18":68,"19":68,"20":68,"21":68,"22":68,"23":68,"24":31,"25":8,"26":31,"27":31,"28":31,"29":31,"30":31,"31":31,"32":31,"33":31,"34":31,"35":31,"36":8,"37":8,"38":8,"39":8,"40":8,"41":68,"42":31,"43":29,"44":31,"45":8,"46":8,"47":8,"48":23,"49":4,"50":4,"51":19,"52":11,"53":11,"54":8,"55":8,"56":8,"57":68,"58":51,"59":51,"60":51,"61":51,"62":51,"63":51,"64":51,"65":51,"66":51,"67":68,"68":10746,"69":5373,"70":5373,"71":5373,"72":5373,"73":5373,"74":5373,"75":23,"76":23,"77":68,"78":2039,"79":0,"80":0,"81":2039,"82":68,"83":36,"84":36,"85":36,"86":36,"87":36,"88":36,"89":36,"90":36,"91":36,"92":36,"93":68,"94":11,"95":11,"96":11,"97":11,"98":11,"99":11,"100":11,"101":68,"102":4,"103":4,"104":4,"105":4,"106":4,"107":4,"108":4,"109":68,"110":67,"111":40,"112":40,"113":11,"114":11,"115":4,"116":4,"117":8,"118":8,"119":4,"120":4,"121":67,"122":68,"123":4,"124":4,"125":4},"f":{"0":68,"1":31,"2":31,"3":51,"4":5373,"5":10746,"6":2039,"7":36,"8":11,"9":4,"10":67,"11":4},"b":{"0":[0],"1":[0],"2":[0],"3":[0],"4":[68],"5":[68],"6":[23],"7":[8,23],"8":[31,8],"9":[8,23],"10":[23],"11":[29,2],"12":[8,23],"13":[4,19],"14":[23,15],"15":[11,8],"16":[8,0],"17":[8,2],"18":[23,5350],"19":[5373,2752],"20":[0,2039],"21":[36,0],"22":[36,0],"23":[11,0],"24":[4,0],"25":[40,11,4,8,4,4]},"_coverageSchema":"1a1c01bbd47fc00a2c39e90264f33305004495a9","hash":"c7e56937340bf8b572aea9228fe7a95abb05519d"}
}
