{"total": {"lines":{"total":216,"covered":165,"skipped":0,"pct":76.39},"statements":{"total":225,"covered":171,"skipped":0,"pct":76},"functions":{"total":36,"covered":27,"skipped":0,"pct":75},"branches":{"total":62,"covered":24,"skipped":0,"pct":38.71}}
,"/Users/cairui/Desktop/CSE110/cse110-w21-group5/source/js/pomodoro.js": {"lines":{"total":74,"covered":57,"skipped":0,"pct":77.03},"functions":{"total":13,"covered":8,"skipped":0,"pct":61.54},"statements":{"total":74,"covered":57,"skipped":0,"pct":77.03},"branches":{"total":14,"covered":6,"skipped":0,"pct":42.86}}
,"/Users/cairui/Desktop/CSE110/cse110-w21-group5/source/js/project.js": {"lines":{"total":38,"covered":32,"skipped":0,"pct":84.21},"functions":{"total":12,"covered":11,"skipped":0,"pct":91.67},"statements":{"total":45,"covered":36,"skipped":0,"pct":80},"branches":{"total":12,"covered":6,"skipped":0,"pct":50}}
,"/Users/cairui/Desktop/CSE110/cse110-w21-group5/source/js/timer.js": {"lines":{"total":104,"covered":76,"skipped":0,"pct":73.08},"functions":{"total":11,"covered":8,"skipped":0,"pct":72.73},"statements":{"total":106,"covered":78,"skipped":0,"pct":73.58},"branches":{"total":36,"covered":12,"skipped":0,"pct":33.33}}
}
