TN:
SF:js/pomodoro.js
FN:7,convertStatusTextToState
FN:18,(anonymous_1)
FN:24,initializePage
FN:55,(anonymous_3)
FN:68,(anonymous_4)
FN:72,(anonymous_5)
FN:81,(anonymous_6)
FN:91,(anonymous_7)
FN:95,(anonymous_8)
FN:108,(anonymous_9)
FN:112,(anonymous_10)
FN:116,(anonymous_11)
FN:136,changeProject
FNF:13
FNH:8
FNDA:0,convertStatusTextToState
FNDA:17,(anonymous_1)
FNDA:17,initializePage
FNDA:3,(anonymous_3)
FNDA:0,(anonymous_4)
FNDA:1,(anonymous_5)
FNDA:12,(anonymous_6)
FNDA:7,(anonymous_7)
FNDA:6,(anonymous_8)
FNDA:0,(anonymous_9)
FNDA:0,(anonymous_10)
FNDA:2,(anonymous_11)
FNDA:0,changeProject
DA:8,0
DA:9,0
DA:10,0
DA:11,0
DA:12,0
DA:13,0
DA:14,0
DA:18,17
DA:20,17
DA:21,17
DA:26,17
DA:27,17
DA:28,17
DA:31,17
DA:32,17
DA:33,17
DA:34,17
DA:35,17
DA:36,17
DA:39,17
DA:40,17
DA:41,17
DA:42,17
DA:43,17
DA:44,17
DA:45,17
DA:46,17
DA:47,17
DA:48,17
DA:49,17
DA:52,17
DA:55,17
DA:57,3
DA:58,3
DA:59,3
DA:62,3
DA:63,3
DA:64,3
DA:65,3
DA:68,17
DA:69,0
DA:72,17
DA:73,1
DA:76,1
DA:77,1
DA:78,1
DA:81,17
DA:82,12
DA:83,10
DA:84,10
DA:86,2
DA:87,2
DA:91,17
DA:92,7
DA:95,17
DA:96,6
DA:97,6
DA:102,6
DA:104,0
DA:108,17
DA:109,0
DA:112,17
DA:113,0
DA:116,17
DA:117,2
DA:119,2
DA:120,2
DA:125,2
DA:127,0
DA:137,0
DA:138,0
DA:143,0
DA:144,0
DA:145,0
LF:74
LH:57
BRDA:8,0,0,0
BRDA:8,0,1,0
BRDA:8,0,2,0
BRDA:8,0,3,0
BRDA:8,0,4,0
BRDA:8,0,5,0
BRDA:82,1,0,10
BRDA:82,1,1,2
BRDA:82,2,0,12
BRDA:82,2,1,12
BRDA:96,3,0,6
BRDA:96,3,1,0
BRDA:119,4,0,2
BRDA:119,4,1,0
BRF:14
BRH:6
end_of_record
TN:
SF:js/project.js
FN:4,initializeLocalStorage
FN:13,getAllProjects
FN:22,getProject
FN:24,(anonymous_3)
FN:31,createProject
FN:34,(anonymous_5)
FN:49,deleteProject
FN:55,(anonymous_7)
FN:65,updateProject
FN:74,editProject
FN:83,refreshProjectList
FN:94,(anonymous_11)
FNF:12
FNH:11
FNDA:17,initializeLocalStorage
FNDA:0,getAllProjects
FNDA:2,getProject
FNDA:4,(anonymous_3)
FNDA:8,createProject
FNDA:8,(anonymous_5)
FNDA:4,deleteProject
FNDA:8,(anonymous_7)
FNDA:2,updateProject
FNDA:2,editProject
FNDA:29,refreshProjectList
FNDA:37,(anonymous_11)
DA:5,17
DA:6,17
DA:7,17
DA:14,0
DA:15,0
DA:23,2
DA:24,4
DA:32,8
DA:33,8
DA:34,8
DA:35,0
DA:36,0
DA:38,8
DA:39,8
DA:40,8
DA:41,8
DA:50,4
DA:51,0
DA:52,0
DA:54,4
DA:55,8
DA:56,4
DA:57,4
DA:66,2
DA:67,2
DA:75,2
DA:76,2
DA:77,2
DA:84,29
DA:86,29
DA:87,29
DA:89,29
DA:90,33
DA:93,29
DA:94,29
DA:95,37
DA:96,37
DA:102,37
LF:38
LH:32
BRDA:14,0,0,0
BRDA:14,0,1,0
BRDA:23,1,0,0
BRDA:23,1,1,2
BRDA:32,2,0,0
BRDA:32,2,1,8
BRDA:34,3,0,0
BRDA:34,3,1,8
BRDA:50,4,0,0
BRDA:50,4,1,4
BRDA:84,5,0,17
BRDA:84,5,1,12
BRF:12
BRH:6
end_of_record
TN:
SF:js/timer.js
FN:15,timer
FN:47,(anonymous_1)
FN:73,(anonymous_2)
FN:98,(anonymous_3)
FN:117,(anonymous_4)
FN:118,timerPad
FN:138,(anonymous_6)
FN:154,(anonymous_7)
FN:166,(anonymous_8)
FN:185,(anonymous_9)
FN:212,(anonymous_10)
FNF:11
FNH:8
FNDA:17,timer
FNDA:1,(anonymous_1)
FNDA:1,(anonymous_2)
FNDA:3,(anonymous_3)
FNDA:8,(anonymous_4)
FNDA:16,timerPad
FNDA:3,(anonymous_6)
FNDA:0,(anonymous_7)
FNDA:0,(anonymous_8)
FNDA:4,(anonymous_9)
FNDA:0,(anonymous_10)
DA:3,17
DA:18,17
DA:19,17
DA:22,17
DA:23,17
DA:24,17
DA:25,17
DA:26,17
DA:27,17
DA:30,17
DA:31,17
DA:32,17
DA:33,17
DA:34,17
DA:35,17
DA:38,17
DA:39,17
DA:40,17
DA:47,17
DA:48,1
DA:49,1
DA:51,1
DA:52,1
DA:53,1
DA:54,1
DA:55,1
DA:57,1
DA:60,1
DA:61,1
DA:62,1
DA:63,1
DA:64,1
DA:65,1
DA:73,17
DA:74,1
DA:75,1
DA:78,1
DA:79,1
DA:80,1
DA:81,1
DA:82,0
DA:83,0
DA:84,0
DA:85,0
DA:86,0
DA:87,0
DA:88,0
DA:89,0
DA:90,0
DA:98,17
DA:99,3
DA:100,3
DA:101,3
DA:102,3
DA:105,3
DA:106,3
DA:109,3
DA:110,3
DA:111,3
DA:117,17
DA:119,16
DA:122,8
DA:124,8
DA:125,8
DA:126,8
DA:128,8
DA:129,8
DA:130,0
DA:131,0
DA:138,17
DA:140,3
DA:141,3
DA:144,3
DA:145,3
DA:147,3
DA:148,3
DA:154,17
DA:156,0
DA:157,0
DA:159,0
DA:160,0
DA:166,17
DA:168,0
DA:169,0
DA:171,0
DA:172,0
DA:185,17
DA:187,4
DA:189,3
DA:190,3
DA:192,0
DA:193,0
DA:195,0
DA:196,0
DA:198,1
DA:199,1
DA:201,0
DA:203,0
DA:205,4
DA:206,4
DA:212,17
DA:213,0
DA:214,0
DA:215,0
LF:104
LH:76
BRDA:16,0,0,0
BRDA:16,1,0,0
BRDA:16,2,0,0
BRDA:16,3,0,17
BRDA:47,4,0,0
BRDA:48,5,0,1
BRDA:48,5,1,0
BRDA:48,6,0,1
BRDA:48,6,1,1
BRDA:60,7,0,1
BRDA:60,7,1,0
BRDA:73,8,0,0
BRDA:74,9,0,1
BRDA:74,9,1,0
BRDA:78,10,0,1
BRDA:78,10,1,0
BRDA:82,11,0,0
BRDA:82,11,1,0
BRDA:82,12,0,0
BRDA:82,12,1,0
BRDA:85,13,0,0
BRDA:85,13,1,0
BRDA:88,14,0,0
BRDA:88,14,1,0
BRDA:88,15,0,0
BRDA:88,15,1,0
BRDA:129,16,0,0
BRDA:129,16,1,8
BRDA:129,17,0,8
BRDA:129,17,1,8
BRDA:187,18,0,3
BRDA:187,18,1,0
BRDA:187,18,2,0
BRDA:187,18,3,1
BRDA:187,18,4,0
BRDA:187,18,5,0
BRF:36
BRH:12
end_of_record
