TN:
SF:js/pomodoro.js
FN:7,(anonymous_0)
FN:12,initializePage
FN:89,(anonymous_2)
FN:123,(anonymous_3)
FN:144,(anonymous_4)
FN:161,(anonymous_5)
FN:170,(anonymous_6)
FN:174,(anonymous_7)
FN:179,(anonymous_8)
FN:183,(anonymous_9)
FN:192,(anonymous_10)
FN:196,(anonymous_11)
FN:201,(anonymous_12)
FN:211,(anonymous_13)
FN:216,(anonymous_14)
FN:229,(anonymous_15)
FN:233,(anonymous_16)
FN:237,(anonymous_17)
FN:241,(anonymous_18)
FN:245,(anonymous_19)
FN:249,(anonymous_20)
FN:265,(anonymous_21)
FN:265,(anonymous_22)
FN:274,changeProject
FNF:24
FNH:22
FNDA:68,(anonymous_0)
FNDA:68,initializePage
FNDA:36,(anonymous_2)
FNDA:6,(anonymous_3)
FNDA:28,(anonymous_4)
FNDA:36,(anonymous_5)
FNDA:15,(anonymous_6)
FNDA:9,(anonymous_7)
FNDA:2,(anonymous_8)
FNDA:4,(anonymous_9)
FNDA:5,(anonymous_10)
FNDA:4,(anonymous_11)
FNDA:21,(anonymous_12)
FNDA:19,(anonymous_13)
FNDA:18,(anonymous_14)
FNDA:0,(anonymous_15)
FNDA:0,(anonymous_16)
FNDA:1,(anonymous_17)
FNDA:2,(anonymous_18)
FNDA:2,(anonymous_19)
FNDA:2,(anonymous_20)
FNDA:680,(anonymous_21)
FNDA:229,(anonymous_22)
FNDA:4,changeProject
DA:7,68
DA:8,68
DA:9,68
DA:14,68
DA:15,68
DA:16,68
DA:19,68
DA:20,68
DA:21,68
DA:22,68
DA:23,68
DA:24,68
DA:25,68
DA:26,68
DA:29,68
DA:30,68
DA:31,68
DA:32,68
DA:33,68
DA:34,68
DA:35,68
DA:36,68
DA:37,68
DA:38,68
DA:39,68
DA:42,68
DA:43,68
DA:44,68
DA:45,68
DA:46,68
DA:47,68
DA:48,68
DA:51,68
DA:52,68
DA:53,68
DA:54,68
DA:55,68
DA:56,68
DA:57,68
DA:58,68
DA:61,68
DA:62,68
DA:63,68
DA:64,68
DA:65,68
DA:68,68
DA:69,68
DA:70,68
DA:71,68
DA:72,68
DA:73,68
DA:74,68
DA:77,68
DA:78,68
DA:79,68
DA:80,68
DA:81,68
DA:82,68
DA:83,68
DA:86,68
DA:89,68
DA:90,36
DA:91,36
DA:92,36
DA:93,36
DA:94,36
DA:95,36
DA:96,36
DA:98,36
DA:99,36
DA:101,36
DA:107,68
DA:121,68
DA:123,68
DA:124,6
DA:125,6
DA:126,6
DA:128,0
DA:129,0
DA:131,2
DA:132,2
DA:134,2
DA:135,2
DA:137,2
DA:138,2
DA:140,0
DA:144,68
DA:146,28
DA:147,28
DA:148,28
DA:149,28
DA:151,28
DA:152,28
DA:155,28
DA:156,28
DA:157,28
DA:158,28
DA:161,68
DA:163,36
DA:164,2
DA:166,34
DA:170,68
DA:171,15
DA:174,68
DA:175,9
DA:176,9
DA:179,68
DA:180,2
DA:183,68
DA:184,4
DA:187,4
DA:188,4
DA:189,4
DA:192,68
DA:193,5
DA:196,68
DA:197,4
DA:198,4
DA:201,68
DA:202,21
DA:203,19
DA:204,19
DA:206,2
DA:207,2
DA:211,68
DA:212,19
DA:213,19
DA:216,68
DA:217,18
DA:218,18
DA:223,18
DA:225,0
DA:229,68
DA:230,0
DA:233,68
DA:234,0
DA:237,68
DA:238,1
DA:241,68
DA:242,2
DA:245,68
DA:246,2
DA:249,68
DA:250,2
DA:252,2
DA:253,2
DA:258,2
DA:260,0
DA:265,680
DA:266,229
DA:275,4
DA:276,4
DA:277,4
DA:279,4
DA:280,4
DA:281,4
DA:282,4
DA:287,4
DA:288,4
DA:292,4
DA:294,4
DA:295,4
DA:296,4
LF:163
LH:156
BRDA:68,0,0,68
BRDA:68,0,1,0
BRDA:69,1,0,68
BRDA:69,1,1,0
BRDA:70,2,0,68
BRDA:70,2,1,0
BRDA:71,3,0,68
BRDA:71,3,1,0
BRDA:72,4,0,68
BRDA:72,4,1,0
BRDA:73,5,0,68
BRDA:73,5,1,0
BRDA:74,6,0,68
BRDA:74,6,1,0
BRDA:86,7,0,0
BRDA:86,7,1,68
BRDA:91,8,0,36
BRDA:91,8,1,0
BRDA:101,9,0,4
BRDA:101,9,1,32
BRDA:126,10,0,0
BRDA:126,10,1,2
BRDA:126,10,2,2
BRDA:126,10,3,2
BRDA:126,10,4,0
BRDA:128,11,0,0
BRDA:128,11,1,0
BRDA:131,12,0,2
BRDA:131,12,1,0
BRDA:134,13,0,2
BRDA:134,13,1,0
BRDA:163,14,0,2
BRDA:163,14,1,34
BRDA:202,15,0,19
BRDA:202,15,1,2
BRDA:202,16,0,21
BRDA:202,16,1,21
BRDA:217,17,0,18
BRDA:217,17,1,0
BRDA:252,18,0,2
BRDA:252,18,1,0
BRF:41
BRH:24
end_of_record
TN:
SF:js/project.js
FN:4,initializeLocalStorage
FN:23,getProject
FN:25,(anonymous_2)
FN:32,createProject
FN:35,(anonymous_4)
FN:50,deleteProject
FN:56,(anonymous_6)
FN:66,updateProject
FN:69,(anonymous_8)
FN:70,(anonymous_9)
FN:85,editProject
FN:94,refreshProjectList
FN:106,(anonymous_12)
FN:140,logDistraction
FN:152,refreshDistractionLog
FN:159,(anonymous_15)
FNF:16
FNH:16
FNDA:68,initializeLocalStorage
FNDA:6,getProject
FNDA:10,(anonymous_2)
FNDA:18,createProject
FNDA:26,(anonymous_4)
FNDA:2,deleteProject
FNDA:4,(anonymous_6)
FNDA:6,updateProject
FNDA:10,(anonymous_8)
FNDA:10,(anonymous_9)
FNDA:2,editProject
FNDA:92,refreshProjectList
FNDA:120,(anonymous_12)
FNDA:9,logDistraction
FNDA:77,refreshDistractionLog
FNDA:27,(anonymous_15)
DA:5,68
DA:6,68
DA:7,68
DA:8,68
DA:24,6
DA:25,10
DA:33,18
DA:34,18
DA:35,26
DA:36,2
DA:37,2
DA:39,16
DA:40,16
DA:41,16
DA:42,16
DA:51,2
DA:52,0
DA:53,0
DA:55,2
DA:56,4
DA:57,2
DA:58,2
DA:67,6
DA:68,6
DA:69,10
DA:70,10
DA:71,6
DA:72,6
DA:73,6
DA:74,6
DA:76,0
DA:77,0
DA:86,2
DA:87,2
DA:88,2
DA:95,92
DA:97,92
DA:98,92
DA:100,92
DA:101,106
DA:104,92
DA:105,92
DA:106,92
DA:107,120
DA:108,120
DA:109,92
DA:116,28
DA:123,120
DA:124,120
DA:141,9
DA:142,9
DA:143,9
DA:144,9
DA:145,9
DA:146,9
DA:153,77
DA:154,77
DA:155,77
DA:157,77
DA:159,77
DA:160,27
DA:161,27
DA:162,27
DA:163,27
LF:64
LH:60
BRDA:24,0,0,0
BRDA:24,0,1,6
BRDA:33,1,0,0
BRDA:33,1,1,18
BRDA:35,2,0,2
BRDA:35,2,1,16
BRDA:51,3,0,0
BRDA:51,3,1,2
BRDA:67,4,0,0
BRDA:67,4,1,6
BRDA:69,5,0,6
BRDA:69,5,1,0
BRDA:95,6,0,68
BRDA:95,6,1,24
BRDA:108,7,0,92
BRDA:108,7,1,28
BRDA:141,8,0,0
BRDA:141,8,1,9
BRDA:143,9,0,2
BRDA:143,9,1,7
BRDA:153,10,0,0
BRDA:153,10,1,77
BRF:22
BRH:15
end_of_record
TN:
SF:js/timer.js
FN:21,timer
FN:70,(anonymous_1)
FN:100,(anonymous_2)
FN:125,(anonymous_3)
FN:144,(anonymous_4)
FN:145,timerPad
FN:165,(anonymous_6)
FN:177,(anonymous_7)
FN:202,(anonymous_8)
FN:219,(anonymous_9)
FN:243,(anonymous_10)
FN:270,(anonymous_11)
FNF:12
FNH:12
FNDA:68,timer
FNDA:31,(anonymous_1)
FNDA:31,(anonymous_2)
FNDA:51,(anonymous_3)
FNDA:5373,(anonymous_4)
FNDA:10746,timerPad
FNDA:2039,(anonymous_6)
FNDA:36,(anonymous_7)
FNDA:11,(anonymous_8)
FNDA:4,(anonymous_9)
FNDA:67,(anonymous_10)
FNDA:4,(anonymous_11)
DA:3,68
DA:8,68
DA:37,68
DA:38,68
DA:41,68
DA:42,68
DA:43,68
DA:44,68
DA:45,68
DA:46,68
DA:47,68
DA:48,68
DA:49,68
DA:52,68
DA:53,68
DA:54,68
DA:55,68
DA:56,68
DA:57,68
DA:58,68
DA:61,68
DA:62,68
DA:63,68
DA:70,68
DA:71,31
DA:72,31
DA:74,31
DA:75,31
DA:77,31
DA:78,31
DA:80,31
DA:81,31
DA:82,31
DA:84,31
DA:87,31
DA:88,8
DA:89,8
DA:90,8
DA:91,8
DA:92,8
DA:100,68
DA:101,31
DA:105,31
DA:106,8
DA:107,8
DA:108,8
DA:109,23
DA:110,4
DA:111,4
DA:112,19
DA:113,11
DA:114,11
DA:115,8
DA:116,8
DA:117,8
DA:125,68
DA:126,51
DA:127,51
DA:128,51
DA:129,51
DA:132,51
DA:133,51
DA:134,51
DA:137,51
DA:138,51
DA:144,68
DA:146,10746
DA:149,5373
DA:151,5373
DA:152,5373
DA:153,5373
DA:155,5373
DA:156,5373
DA:157,23
DA:158,23
DA:165,68
DA:166,2039
DA:167,0
DA:168,0
DA:171,2039
DA:177,68
DA:178,36
DA:179,36
DA:182,36
DA:183,36
DA:184,36
DA:187,36
DA:190,36
DA:191,36
DA:194,36
DA:195,36
DA:202,68
DA:204,11
DA:205,11
DA:206,11
DA:208,11
DA:209,11
DA:212,11
DA:213,11
DA:219,68
DA:221,4
DA:222,4
DA:223,4
DA:225,4
DA:226,4
DA:229,4
DA:230,4
DA:243,68
DA:245,67
DA:247,40
DA:248,40
DA:250,11
DA:251,11
DA:253,4
DA:254,4
DA:256,8
DA:257,8
DA:259,4
DA:261,4
DA:264,67
DA:270,68
DA:271,4
DA:272,4
DA:273,4
LF:124
LH:122
BRDA:29,0,0,0
BRDA:30,1,0,0
BRDA:31,2,0,0
BRDA:32,3,0,0
BRDA:33,4,0,68
BRDA:34,5,0,68
BRDA:70,6,0,23
BRDA:71,7,0,8
BRDA:71,7,1,23
BRDA:71,8,0,31
BRDA:71,8,1,8
BRDA:87,9,0,8
BRDA:87,9,1,23
BRDA:100,10,0,23
BRDA:101,11,0,29
BRDA:101,11,1,2
BRDA:105,12,0,8
BRDA:105,12,1,23
BRDA:109,13,0,4
BRDA:109,13,1,19
BRDA:109,14,0,23
BRDA:109,14,1,15
BRDA:112,15,0,11
BRDA:112,15,1,8
BRDA:115,16,0,8
BRDA:115,16,1,0
BRDA:115,17,0,8
BRDA:115,17,1,2
BRDA:156,18,0,23
BRDA:156,18,1,5350
BRDA:156,19,0,5373
BRDA:156,19,1,2752
BRDA:166,20,0,0
BRDA:166,20,1,2039
BRDA:190,21,0,36
BRDA:190,21,1,0
BRDA:194,22,0,36
BRDA:194,22,1,0
BRDA:208,23,0,11
BRDA:208,23,1,0
BRDA:225,24,0,4
BRDA:225,24,1,0
BRDA:245,25,0,40
BRDA:245,25,1,11
BRDA:245,25,2,4
BRDA:245,25,3,8
BRDA:245,25,4,4
BRDA:245,25,5,4
BRF:48
BRH:38
end_of_record
