<?xml version="1.0" encoding="UTF-8"?>
<coverage generated="1615955157745" clover="3.2.0">
  <project timestamp="1615955157745" name="All files">
    <metrics statements="351" coveredstatements="338" conditionals="111" coveredconditionals="77" methods="52" coveredmethods="50" elements="514" coveredelements="465" complexity="0" loc="351" ncloc="351" packages="1" files="3" classes="3"/>
    <file name="pomodoro.js" path="/Users/cairui/Desktop/CSE110/cse110-w21-group5/source/js/pomodoro.js">
      <metrics statements="163" coveredstatements="156" conditionals="41" coveredconditionals="24" methods="24" coveredmethods="22"/>
      <line num="7" count="68" type="stmt"/>
      <line num="8" count="68" type="stmt"/>
      <line num="9" count="68" type="stmt"/>
      <line num="14" count="68" type="stmt"/>
      <line num="15" count="68" type="stmt"/>
      <line num="16" count="68" type="stmt"/>
      <line num="19" count="68" type="stmt"/>
      <line num="20" count="68" type="stmt"/>
      <line num="21" count="68" type="stmt"/>
      <line num="22" count="68" type="stmt"/>
      <line num="23" count="68" type="stmt"/>
      <line num="24" count="68" type="stmt"/>
      <line num="25" count="68" type="stmt"/>
      <line num="26" count="68" type="stmt"/>
      <line num="29" count="68" type="stmt"/>
      <line num="30" count="68" type="stmt"/>
      <line num="31" count="68" type="stmt"/>
      <line num="32" count="68" type="stmt"/>
      <line num="33" count="68" type="stmt"/>
      <line num="34" count="68" type="stmt"/>
      <line num="35" count="68" type="stmt"/>
      <line num="36" count="68" type="stmt"/>
      <line num="37" count="68" type="stmt"/>
      <line num="38" count="68" type="stmt"/>
      <line num="39" count="68" type="stmt"/>
      <line num="42" count="68" type="stmt"/>
      <line num="43" count="68" type="stmt"/>
      <line num="44" count="68" type="stmt"/>
      <line num="45" count="68" type="stmt"/>
      <line num="46" count="68" type="stmt"/>
      <line num="47" count="68" type="stmt"/>
      <line num="48" count="68" type="stmt"/>
      <line num="51" count="68" type="stmt"/>
      <line num="52" count="68" type="stmt"/>
      <line num="53" count="68" type="stmt"/>
      <line num="54" count="68" type="stmt"/>
      <line num="55" count="68" type="stmt"/>
      <line num="56" count="68" type="stmt"/>
      <line num="57" count="68" type="stmt"/>
      <line num="58" count="68" type="stmt"/>
      <line num="61" count="68" type="stmt"/>
      <line num="62" count="68" type="stmt"/>
      <line num="63" count="68" type="stmt"/>
      <line num="64" count="68" type="stmt"/>
      <line num="65" count="68" type="stmt"/>
      <line num="68" count="68" type="cond" truecount="1" falsecount="1"/>
      <line num="69" count="68" type="cond" truecount="1" falsecount="1"/>
      <line num="70" count="68" type="cond" truecount="1" falsecount="1"/>
      <line num="71" count="68" type="cond" truecount="1" falsecount="1"/>
      <line num="72" count="68" type="cond" truecount="1" falsecount="1"/>
      <line num="73" count="68" type="cond" truecount="1" falsecount="1"/>
      <line num="74" count="68" type="cond" truecount="1" falsecount="1"/>
      <line num="77" count="68" type="stmt"/>
      <line num="78" count="68" type="stmt"/>
      <line num="79" count="68" type="stmt"/>
      <line num="80" count="68" type="stmt"/>
      <line num="81" count="68" type="stmt"/>
      <line num="82" count="68" type="stmt"/>
      <line num="83" count="68" type="stmt"/>
      <line num="86" count="68" type="cond" truecount="1" falsecount="1"/>
      <line num="89" count="68" type="stmt"/>
      <line num="90" count="36" type="stmt"/>
      <line num="91" count="36" type="cond" truecount="1" falsecount="1"/>
      <line num="92" count="36" type="stmt"/>
      <line num="93" count="36" type="stmt"/>
      <line num="94" count="36" type="stmt"/>
      <line num="95" count="36" type="stmt"/>
      <line num="96" count="36" type="stmt"/>
      <line num="98" count="36" type="stmt"/>
      <line num="99" count="36" type="stmt"/>
      <line num="101" count="36" type="cond" truecount="2" falsecount="0"/>
      <line num="107" count="68" type="stmt"/>
      <line num="121" count="68" type="stmt"/>
      <line num="123" count="68" type="stmt"/>
      <line num="124" count="6" type="stmt"/>
      <line num="125" count="6" type="stmt"/>
      <line num="126" count="6" type="cond" truecount="3" falsecount="2"/>
      <line num="128" count="0" type="cond" truecount="0" falsecount="2"/>
      <line num="129" count="0" type="stmt"/>
      <line num="131" count="2" type="cond" truecount="1" falsecount="1"/>
      <line num="132" count="2" type="stmt"/>
      <line num="134" count="2" type="cond" truecount="1" falsecount="1"/>
      <line num="135" count="2" type="stmt"/>
      <line num="137" count="2" type="stmt"/>
      <line num="138" count="2" type="stmt"/>
      <line num="140" count="0" type="stmt"/>
      <line num="144" count="68" type="stmt"/>
      <line num="146" count="28" type="stmt"/>
      <line num="147" count="28" type="stmt"/>
      <line num="148" count="28" type="stmt"/>
      <line num="149" count="28" type="stmt"/>
      <line num="151" count="28" type="stmt"/>
      <line num="152" count="28" type="stmt"/>
      <line num="155" count="28" type="stmt"/>
      <line num="156" count="28" type="stmt"/>
      <line num="157" count="28" type="stmt"/>
      <line num="158" count="28" type="stmt"/>
      <line num="161" count="68" type="stmt"/>
      <line num="163" count="36" type="cond" truecount="2" falsecount="0"/>
      <line num="164" count="2" type="stmt"/>
      <line num="166" count="34" type="stmt"/>
      <line num="170" count="68" type="stmt"/>
      <line num="171" count="15" type="stmt"/>
      <line num="174" count="68" type="stmt"/>
      <line num="175" count="9" type="stmt"/>
      <line num="176" count="9" type="stmt"/>
      <line num="179" count="68" type="stmt"/>
      <line num="180" count="2" type="stmt"/>
      <line num="183" count="68" type="stmt"/>
      <line num="184" count="4" type="stmt"/>
      <line num="187" count="4" type="stmt"/>
      <line num="188" count="4" type="stmt"/>
      <line num="189" count="4" type="stmt"/>
      <line num="192" count="68" type="stmt"/>
      <line num="193" count="5" type="stmt"/>
      <line num="196" count="68" type="stmt"/>
      <line num="197" count="4" type="stmt"/>
      <line num="198" count="4" type="stmt"/>
      <line num="201" count="68" type="stmt"/>
      <line num="202" count="21" type="cond" truecount="4" falsecount="0"/>
      <line num="203" count="19" type="stmt"/>
      <line num="204" count="19" type="stmt"/>
      <line num="206" count="2" type="stmt"/>
      <line num="207" count="2" type="stmt"/>
      <line num="211" count="68" type="stmt"/>
      <line num="212" count="19" type="stmt"/>
      <line num="213" count="19" type="stmt"/>
      <line num="216" count="68" type="stmt"/>
      <line num="217" count="18" type="cond" truecount="1" falsecount="1"/>
      <line num="218" count="18" type="stmt"/>
      <line num="223" count="18" type="stmt"/>
      <line num="225" count="0" type="stmt"/>
      <line num="229" count="68" type="stmt"/>
      <line num="230" count="0" type="stmt"/>
      <line num="233" count="68" type="stmt"/>
      <line num="234" count="0" type="stmt"/>
      <line num="237" count="68" type="stmt"/>
      <line num="238" count="1" type="stmt"/>
      <line num="241" count="68" type="stmt"/>
      <line num="242" count="2" type="stmt"/>
      <line num="245" count="68" type="stmt"/>
      <line num="246" count="2" type="stmt"/>
      <line num="249" count="68" type="stmt"/>
      <line num="250" count="2" type="stmt"/>
      <line num="252" count="2" type="cond" truecount="1" falsecount="1"/>
      <line num="253" count="2" type="stmt"/>
      <line num="258" count="2" type="stmt"/>
      <line num="260" count="0" type="stmt"/>
      <line num="265" count="680" type="stmt"/>
      <line num="266" count="229" type="stmt"/>
      <line num="275" count="4" type="stmt"/>
      <line num="276" count="4" type="stmt"/>
      <line num="277" count="4" type="stmt"/>
      <line num="279" count="4" type="stmt"/>
      <line num="280" count="4" type="stmt"/>
      <line num="281" count="4" type="stmt"/>
      <line num="282" count="4" type="stmt"/>
      <line num="287" count="4" type="stmt"/>
      <line num="288" count="4" type="stmt"/>
      <line num="292" count="4" type="stmt"/>
      <line num="294" count="4" type="stmt"/>
      <line num="295" count="4" type="stmt"/>
      <line num="296" count="4" type="stmt"/>
    </file>
    <file name="project.js" path="/Users/cairui/Desktop/CSE110/cse110-w21-group5/source/js/project.js">
      <metrics statements="64" coveredstatements="60" conditionals="22" coveredconditionals="15" methods="16" coveredmethods="16"/>
      <line num="5" count="68" type="stmt"/>
      <line num="6" count="68" type="stmt"/>
      <line num="7" count="68" type="stmt"/>
      <line num="8" count="68" type="stmt"/>
      <line num="24" count="6" type="cond" truecount="1" falsecount="1"/>
      <line num="25" count="10" type="stmt"/>
      <line num="33" count="18" type="cond" truecount="1" falsecount="1"/>
      <line num="34" count="18" type="stmt"/>
      <line num="35" count="26" type="cond" truecount="2" falsecount="0"/>
      <line num="36" count="2" type="stmt"/>
      <line num="37" count="2" type="stmt"/>
      <line num="39" count="16" type="stmt"/>
      <line num="40" count="16" type="stmt"/>
      <line num="41" count="16" type="stmt"/>
      <line num="42" count="16" type="stmt"/>
      <line num="51" count="2" type="cond" truecount="1" falsecount="1"/>
      <line num="52" count="0" type="stmt"/>
      <line num="53" count="0" type="stmt"/>
      <line num="55" count="2" type="stmt"/>
      <line num="56" count="4" type="stmt"/>
      <line num="57" count="2" type="stmt"/>
      <line num="58" count="2" type="stmt"/>
      <line num="67" count="6" type="cond" truecount="1" falsecount="1"/>
      <line num="68" count="6" type="stmt"/>
      <line num="69" count="10" type="cond" truecount="1" falsecount="1"/>
      <line num="70" count="10" type="stmt"/>
      <line num="71" count="6" type="stmt"/>
      <line num="72" count="6" type="stmt"/>
      <line num="73" count="6" type="stmt"/>
      <line num="74" count="6" type="stmt"/>
      <line num="76" count="0" type="stmt"/>
      <line num="77" count="0" type="stmt"/>
      <line num="86" count="2" type="stmt"/>
      <line num="87" count="2" type="stmt"/>
      <line num="88" count="2" type="stmt"/>
      <line num="95" count="92" type="cond" truecount="2" falsecount="0"/>
      <line num="97" count="92" type="stmt"/>
      <line num="98" count="92" type="stmt"/>
      <line num="100" count="92" type="stmt"/>
      <line num="101" count="106" type="stmt"/>
      <line num="104" count="92" type="stmt"/>
      <line num="105" count="92" type="stmt"/>
      <line num="106" count="92" type="stmt"/>
      <line num="107" count="120" type="stmt"/>
      <line num="108" count="120" type="cond" truecount="2" falsecount="0"/>
      <line num="109" count="92" type="stmt"/>
      <line num="116" count="28" type="stmt"/>
      <line num="123" count="120" type="stmt"/>
      <line num="124" count="120" type="stmt"/>
      <line num="141" count="9" type="cond" truecount="1" falsecount="1"/>
      <line num="142" count="9" type="stmt"/>
      <line num="143" count="9" type="cond" truecount="2" falsecount="0"/>
      <line num="144" count="9" type="stmt"/>
      <line num="145" count="9" type="stmt"/>
      <line num="146" count="9" type="stmt"/>
      <line num="153" count="77" type="cond" truecount="1" falsecount="1"/>
      <line num="154" count="77" type="stmt"/>
      <line num="155" count="77" type="stmt"/>
      <line num="157" count="77" type="stmt"/>
      <line num="159" count="77" type="stmt"/>
      <line num="160" count="27" type="stmt"/>
      <line num="161" count="27" type="stmt"/>
      <line num="162" count="27" type="stmt"/>
      <line num="163" count="27" type="stmt"/>
    </file>
    <file name="timer.js" path="/Users/cairui/Desktop/CSE110/cse110-w21-group5/source/js/timer.js">
      <metrics statements="124" coveredstatements="122" conditionals="48" coveredconditionals="38" methods="12" coveredmethods="12"/>
      <line num="3" count="68" type="stmt"/>
      <line num="8" count="68" type="stmt"/>
      <line num="37" count="68" type="stmt"/>
      <line num="38" count="68" type="stmt"/>
      <line num="41" count="68" type="stmt"/>
      <line num="42" count="68" type="stmt"/>
      <line num="43" count="68" type="stmt"/>
      <line num="44" count="68" type="stmt"/>
      <line num="45" count="68" type="stmt"/>
      <line num="46" count="68" type="stmt"/>
      <line num="47" count="68" type="stmt"/>
      <line num="48" count="68" type="stmt"/>
      <line num="49" count="68" type="stmt"/>
      <line num="52" count="68" type="stmt"/>
      <line num="53" count="68" type="stmt"/>
      <line num="54" count="68" type="stmt"/>
      <line num="55" count="68" type="stmt"/>
      <line num="56" count="68" type="stmt"/>
      <line num="57" count="68" type="stmt"/>
      <line num="58" count="68" type="stmt"/>
      <line num="61" count="68" type="stmt"/>
      <line num="62" count="68" type="stmt"/>
      <line num="63" count="68" type="stmt"/>
      <line num="70" count="68" type="cond" truecount="1" falsecount="0"/>
      <line num="71" count="31" type="cond" truecount="4" falsecount="0"/>
      <line num="72" count="31" type="stmt"/>
      <line num="74" count="31" type="stmt"/>
      <line num="75" count="31" type="stmt"/>
      <line num="77" count="31" type="stmt"/>
      <line num="78" count="31" type="stmt"/>
      <line num="80" count="31" type="stmt"/>
      <line num="81" count="31" type="stmt"/>
      <line num="82" count="31" type="stmt"/>
      <line num="84" count="31" type="stmt"/>
      <line num="87" count="31" type="cond" truecount="2" falsecount="0"/>
      <line num="88" count="8" type="stmt"/>
      <line num="89" count="8" type="stmt"/>
      <line num="90" count="8" type="stmt"/>
      <line num="91" count="8" type="stmt"/>
      <line num="92" count="8" type="stmt"/>
      <line num="100" count="68" type="cond" truecount="1" falsecount="0"/>
      <line num="101" count="31" type="cond" truecount="2" falsecount="0"/>
      <line num="105" count="31" type="cond" truecount="2" falsecount="0"/>
      <line num="106" count="8" type="stmt"/>
      <line num="107" count="8" type="stmt"/>
      <line num="108" count="8" type="stmt"/>
      <line num="109" count="23" type="cond" truecount="4" falsecount="0"/>
      <line num="110" count="4" type="stmt"/>
      <line num="111" count="4" type="stmt"/>
      <line num="112" count="19" type="cond" truecount="2" falsecount="0"/>
      <line num="113" count="11" type="stmt"/>
      <line num="114" count="11" type="stmt"/>
      <line num="115" count="8" type="cond" truecount="3" falsecount="1"/>
      <line num="116" count="8" type="stmt"/>
      <line num="117" count="8" type="stmt"/>
      <line num="125" count="68" type="stmt"/>
      <line num="126" count="51" type="stmt"/>
      <line num="127" count="51" type="stmt"/>
      <line num="128" count="51" type="stmt"/>
      <line num="129" count="51" type="stmt"/>
      <line num="132" count="51" type="stmt"/>
      <line num="133" count="51" type="stmt"/>
      <line num="134" count="51" type="stmt"/>
      <line num="137" count="51" type="stmt"/>
      <line num="138" count="51" type="stmt"/>
      <line num="144" count="68" type="stmt"/>
      <line num="146" count="10746" type="stmt"/>
      <line num="149" count="5373" type="stmt"/>
      <line num="151" count="5373" type="stmt"/>
      <line num="152" count="5373" type="stmt"/>
      <line num="153" count="5373" type="stmt"/>
      <line num="155" count="5373" type="stmt"/>
      <line num="156" count="5373" type="cond" truecount="4" falsecount="0"/>
      <line num="157" count="23" type="stmt"/>
      <line num="158" count="23" type="stmt"/>
      <line num="165" count="68" type="stmt"/>
      <line num="166" count="2039" type="cond" truecount="1" falsecount="1"/>
      <line num="167" count="0" type="stmt"/>
      <line num="168" count="0" type="stmt"/>
      <line num="171" count="2039" type="stmt"/>
      <line num="177" count="68" type="stmt"/>
      <line num="178" count="36" type="stmt"/>
      <line num="179" count="36" type="stmt"/>
      <line num="182" count="36" type="stmt"/>
      <line num="183" count="36" type="stmt"/>
      <line num="184" count="36" type="stmt"/>
      <line num="187" count="36" type="stmt"/>
      <line num="190" count="36" type="cond" truecount="1" falsecount="1"/>
      <line num="191" count="36" type="stmt"/>
      <line num="194" count="36" type="cond" truecount="1" falsecount="1"/>
      <line num="195" count="36" type="stmt"/>
      <line num="202" count="68" type="stmt"/>
      <line num="204" count="11" type="stmt"/>
      <line num="205" count="11" type="stmt"/>
      <line num="206" count="11" type="stmt"/>
      <line num="208" count="11" type="cond" truecount="1" falsecount="1"/>
      <line num="209" count="11" type="stmt"/>
      <line num="212" count="11" type="stmt"/>
      <line num="213" count="11" type="stmt"/>
      <line num="219" count="68" type="stmt"/>
      <line num="221" count="4" type="stmt"/>
      <line num="222" count="4" type="stmt"/>
      <line num="223" count="4" type="stmt"/>
      <line num="225" count="4" type="cond" truecount="1" falsecount="1"/>
      <line num="226" count="4" type="stmt"/>
      <line num="229" count="4" type="stmt"/>
      <line num="230" count="4" type="stmt"/>
      <line num="243" count="68" type="stmt"/>
      <line num="245" count="67" type="cond" truecount="6" falsecount="0"/>
      <line num="247" count="40" type="stmt"/>
      <line num="248" count="40" type="stmt"/>
      <line num="250" count="11" type="stmt"/>
      <line num="251" count="11" type="stmt"/>
      <line num="253" count="4" type="stmt"/>
      <line num="254" count="4" type="stmt"/>
      <line num="256" count="8" type="stmt"/>
      <line num="257" count="8" type="stmt"/>
      <line num="259" count="4" type="stmt"/>
      <line num="261" count="4" type="stmt"/>
      <line num="264" count="67" type="stmt"/>
      <line num="270" count="68" type="stmt"/>
      <line num="271" count="4" type="stmt"/>
      <line num="272" count="4" type="stmt"/>
      <line num="273" count="4" type="stmt"/>
    </file>
  </project>
</coverage>
