{"C:\\Users\\Kevin Cao\\Desktop\\UCSD\\ACADEMICS\\WI21\\CSE 110\\cse110-w21-group5\\source\\js\\pomodoro.js": {"path":"C:\\Users\\Kevin Cao\\Desktop\\UCSD\\ACADEMICS\\WI21\\CSE 110\\cse110-w21-group5\\source\\js\\pomodoro.js","statementMap":{"0":{"start":{"line":7,"column":4},"end":{"line":20,"column":5}},"1":{"start":{"line":9,"column":12},"end":{"line":9,"column":26}},"2":{"start":{"line":11,"column":12},"end":{"line":11,"column":33}},"3":{"start":{"line":13,"column":12},"end":{"line":13,"column":32}},"4":{"start":{"line":15,"column":12},"end":{"line":15,"column":29}},"5":{"start":{"line":17,"column":12},"end":{"line":17,"column":27}},"6":{"start":{"line":19,"column":12},"end":{"line":19,"column":29}},"7":{"start":{"line":23,"column":0},"end":{"line":26,"column":1}},"8":{"start":{"line":24,"column":4},"end":{"line":24,"column":25}},"9":{"start":{"line":25,"column":4},"end":{"line":25,"column":21}},"10":{"start":{"line":30,"column":19},"end":{"line":30,"column":51}},"11":{"start":{"line":31,"column":18},"end":{"line":31,"column":49}},"12":{"start":{"line":32,"column":19},"end":{"line":32,"column":51}},"13":{"start":{"line":35,"column":22},"end":{"line":35,"column":53}},"14":{"start":{"line":36,"column":25},"end":{"line":36,"column":67}},"15":{"start":{"line":37,"column":23},"end":{"line":37,"column":63}},"16":{"start":{"line":38,"column":23},"end":{"line":38,"column":63}},"17":{"start":{"line":39,"column":22},"end":{"line":39,"column":68}},"18":{"start":{"line":40,"column":23},"end":{"line":40,"column":69}},"19":{"start":{"line":41,"column":18},"end":{"line":41,"column":56}},"20":{"start":{"line":42,"column":20},"end":{"line":42,"column":60}},"21":{"start":{"line":45,"column":20},"end":{"line":45,"column":56}},"22":{"start":{"line":46,"column":22},"end":{"line":46,"column":61}},"23":{"start":{"line":47,"column":22},"end":{"line":47,"column":61}},"24":{"start":{"line":48,"column":21},"end":{"line":48,"column":59}},"25":{"start":{"line":49,"column":22},"end":{"line":49,"column":61}},"26":{"start":{"line":50,"column":24},"end":{"line":50,"column":66}},"27":{"start":{"line":51,"column":26},"end":{"line":51,"column":70}},"28":{"start":{"line":52,"column":20},"end":{"line":52,"column":57}},"29":{"start":{"line":53,"column":25},"end":{"line":53,"column":70}},"30":{"start":{"line":54,"column":26},"end":{"line":54,"column":70}},"31":{"start":{"line":55,"column":22},"end":{"line":55,"column":61}},"32":{"start":{"line":58,"column":18},"end":{"line":58,"column":53}},"33":{"start":{"line":59,"column":24},"end":{"line":59,"column":65}},"34":{"start":{"line":60,"column":24},"end":{"line":60,"column":65}},"35":{"start":{"line":61,"column":29},"end":{"line":61,"column":76}},"36":{"start":{"line":62,"column":26},"end":{"line":62,"column":70}},"37":{"start":{"line":63,"column":29},"end":{"line":63,"column":76}},"38":{"start":{"line":64,"column":21},"end":{"line":64,"column":59}},"39":{"start":{"line":67,"column":20},"end":{"line":67,"column":57}},"40":{"start":{"line":68,"column":22},"end":{"line":68,"column":61}},"41":{"start":{"line":69,"column":21},"end":{"line":69,"column":59}},"42":{"start":{"line":70,"column":22},"end":{"line":70,"column":61}},"43":{"start":{"line":71,"column":22},"end":{"line":71,"column":61}},"44":{"start":{"line":72,"column":23},"end":{"line":72,"column":63}},"45":{"start":{"line":73,"column":21},"end":{"line":73,"column":59}},"46":{"start":{"line":74,"column":23},"end":{"line":74,"column":63}},"47":{"start":{"line":77,"column":31},"end":{"line":77,"column":79}},"48":{"start":{"line":78,"column":19},"end":{"line":78,"column":55}},"49":{"start":{"line":79,"column":24},"end":{"line":79,"column":66}},"50":{"start":{"line":80,"column":22},"end":{"line":80,"column":60}},"51":{"start":{"line":81,"column":17},"end":{"line":81,"column":51}},"52":{"start":{"line":84,"column":4},"end":{"line":84,"column":90}},"53":{"start":{"line":84,"column":52},"end":{"line":84,"column":90}},"54":{"start":{"line":85,"column":4},"end":{"line":85,"column":93}},"55":{"start":{"line":85,"column":54},"end":{"line":85,"column":93}},"56":{"start":{"line":86,"column":4},"end":{"line":86,"column":92}},"57":{"start":{"line":86,"column":53},"end":{"line":86,"column":92}},"58":{"start":{"line":87,"column":4},"end":{"line":87,"column":93}},"59":{"start":{"line":87,"column":54},"end":{"line":87,"column":93}},"60":{"start":{"line":88,"column":4},"end":{"line":88,"column":99}},"61":{"start":{"line":88,"column":55},"end":{"line":88,"column":99}},"62":{"start":{"line":89,"column":4},"end":{"line":89,"column":94}},"63":{"start":{"line":89,"column":53},"end":{"line":89,"column":94}},"64":{"start":{"line":90,"column":4},"end":{"line":90,"column":98}},"65":{"start":{"line":90,"column":55},"end":{"line":90,"column":98}},"66":{"start":{"line":93,"column":4},"end":{"line":93,"column":56}},"67":{"start":{"line":94,"column":4},"end":{"line":94,"column":60}},"68":{"start":{"line":95,"column":4},"end":{"line":95,"column":58}},"69":{"start":{"line":96,"column":4},"end":{"line":96,"column":60}},"70":{"start":{"line":97,"column":4},"end":{"line":97,"column":77}},"71":{"start":{"line":98,"column":4},"end":{"line":98,"column":73}},"72":{"start":{"line":99,"column":4},"end":{"line":99,"column":77}},"73":{"start":{"line":102,"column":4},"end":{"line":102,"column":93}},"74":{"start":{"line":105,"column":4},"end":{"line":119,"column":7}},"75":{"start":{"line":106,"column":8},"end":{"line":106,"column":27}},"76":{"start":{"line":107,"column":8},"end":{"line":118,"column":9}},"77":{"start":{"line":108,"column":12},"end":{"line":108,"column":63}},"78":{"start":{"line":109,"column":12},"end":{"line":109,"column":67}},"79":{"start":{"line":110,"column":12},"end":{"line":110,"column":65}},"80":{"start":{"line":111,"column":12},"end":{"line":111,"column":67}},"81":{"start":{"line":112,"column":12},"end":{"line":112,"column":71}},"82":{"start":{"line":114,"column":12},"end":{"line":114,"column":67}},"83":{"start":{"line":115,"column":12},"end":{"line":115,"column":71}},"84":{"start":{"line":117,"column":12},"end":{"line":117,"column":101}},"85":{"start":{"line":123,"column":4},"end":{"line":135,"column":6}},"86":{"start":{"line":137,"column":4},"end":{"line":137,"column":28}},"87":{"start":{"line":139,"column":4},"end":{"line":158,"column":7}},"88":{"start":{"line":140,"column":22},"end":{"line":140,"column":54}},"89":{"start":{"line":141,"column":8},"end":{"line":141,"column":27}},"90":{"start":{"line":142,"column":8},"end":{"line":157,"column":9}},"91":{"start":{"line":144,"column":16},"end":{"line":144,"column":47}},"92":{"start":{"line":144,"column":30},"end":{"line":144,"column":47}},"93":{"start":{"line":145,"column":16},"end":{"line":145,"column":22}},"94":{"start":{"line":147,"column":16},"end":{"line":147,"column":45}},"95":{"start":{"line":147,"column":29},"end":{"line":147,"column":45}},"96":{"start":{"line":148,"column":16},"end":{"line":148,"column":22}},"97":{"start":{"line":150,"column":16},"end":{"line":150,"column":46}},"98":{"start":{"line":150,"column":29},"end":{"line":150,"column":46}},"99":{"start":{"line":151,"column":16},"end":{"line":151,"column":22}},"100":{"start":{"line":153,"column":16},"end":{"line":153,"column":34}},"101":{"start":{"line":154,"column":16},"end":{"line":154,"column":22}},"102":{"start":{"line":156,"column":16},"end":{"line":156,"column":22}},"103":{"start":{"line":160,"column":4},"end":{"line":175,"column":7}},"104":{"start":{"line":162,"column":8},"end":{"line":162,"column":75}},"105":{"start":{"line":163,"column":8},"end":{"line":163,"column":83}},"106":{"start":{"line":164,"column":8},"end":{"line":164,"column":81}},"107":{"start":{"line":165,"column":8},"end":{"line":165,"column":86}},"108":{"start":{"line":167,"column":8},"end":{"line":167,"column":81}},"109":{"start":{"line":168,"column":8},"end":{"line":168,"column":85}},"110":{"start":{"line":171,"column":8},"end":{"line":171,"column":35}},"111":{"start":{"line":172,"column":8},"end":{"line":172,"column":40}},"112":{"start":{"line":173,"column":8},"end":{"line":173,"column":40}},"113":{"start":{"line":174,"column":8},"end":{"line":174,"column":41}},"114":{"start":{"line":177,"column":4},"end":{"line":184,"column":7}},"115":{"start":{"line":179,"column":8},"end":{"line":182,"column":46}},"116":{"start":{"line":180,"column":12},"end":{"line":180,"column":45}},"117":{"start":{"line":182,"column":12},"end":{"line":182,"column":46}},"118":{"start":{"line":186,"column":4},"end":{"line":188,"column":7}},"119":{"start":{"line":187,"column":8},"end":{"line":187,"column":39}},"120":{"start":{"line":190,"column":4},"end":{"line":193,"column":7}},"121":{"start":{"line":191,"column":8},"end":{"line":191,"column":42}},"122":{"start":{"line":192,"column":8},"end":{"line":192,"column":42}},"123":{"start":{"line":195,"column":4},"end":{"line":197,"column":7}},"124":{"start":{"line":196,"column":8},"end":{"line":196,"column":42}},"125":{"start":{"line":199,"column":4},"end":{"line":206,"column":7}},"126":{"start":{"line":200,"column":8},"end":{"line":200,"column":32}},"127":{"start":{"line":203,"column":8},"end":{"line":203,"column":41}},"128":{"start":{"line":204,"column":8},"end":{"line":204,"column":39}},"129":{"start":{"line":205,"column":8},"end":{"line":205,"column":40}},"130":{"start":{"line":208,"column":4},"end":{"line":210,"column":7}},"131":{"start":{"line":209,"column":8},"end":{"line":209,"column":44}},"132":{"start":{"line":212,"column":4},"end":{"line":215,"column":7}},"133":{"start":{"line":213,"column":8},"end":{"line":213,"column":47}},"134":{"start":{"line":214,"column":8},"end":{"line":214,"column":44}},"135":{"start":{"line":217,"column":4},"end":{"line":225,"column":7}},"136":{"start":{"line":218,"column":8},"end":{"line":224,"column":9}},"137":{"start":{"line":219,"column":12},"end":{"line":219,"column":44}},"138":{"start":{"line":220,"column":12},"end":{"line":220,"column":52}},"139":{"start":{"line":222,"column":12},"end":{"line":222,"column":44}},"140":{"start":{"line":223,"column":12},"end":{"line":223,"column":53}},"141":{"start":{"line":227,"column":4},"end":{"line":230,"column":7}},"142":{"start":{"line":228,"column":8},"end":{"line":228,"column":42}},"143":{"start":{"line":229,"column":8},"end":{"line":229,"column":31}},"144":{"start":{"line":232,"column":4},"end":{"line":243,"column":7}},"145":{"start":{"line":233,"column":8},"end":{"line":242,"column":9}},"146":{"start":{"line":234,"column":12},"end":{"line":238,"column":15}},"147":{"start":{"line":239,"column":12},"end":{"line":239,"column":49}},"148":{"start":{"line":241,"column":12},"end":{"line":241,"column":50}},"149":{"start":{"line":245,"column":4},"end":{"line":247,"column":7}},"150":{"start":{"line":246,"column":8},"end":{"line":246,"column":45}},"151":{"start":{"line":249,"column":4},"end":{"line":251,"column":7}},"152":{"start":{"line":250,"column":8},"end":{"line":250,"column":43}},"153":{"start":{"line":253,"column":4},"end":{"line":255,"column":7}},"154":{"start":{"line":254,"column":8},"end":{"line":254,"column":47}},"155":{"start":{"line":257,"column":4},"end":{"line":259,"column":7}},"156":{"start":{"line":258,"column":8},"end":{"line":258,"column":47}},"157":{"start":{"line":261,"column":4},"end":{"line":263,"column":7}},"158":{"start":{"line":262,"column":8},"end":{"line":262,"column":47}},"159":{"start":{"line":265,"column":4},"end":{"line":278,"column":7}},"160":{"start":{"line":266,"column":28},"end":{"line":266,"column":67}},"161":{"start":{"line":268,"column":8},"end":{"line":277,"column":9}},"162":{"start":{"line":269,"column":12},"end":{"line":273,"column":15}},"163":{"start":{"line":274,"column":12},"end":{"line":274,"column":47}},"164":{"start":{"line":276,"column":12},"end":{"line":276,"column":50}},"165":{"start":{"line":281,"column":4},"end":{"line":283,"column":7}},"166":{"start":{"line":281,"column":53},"end":{"line":283,"column":5}},"167":{"start":{"line":282,"column":8},"end":{"line":282,"column":28}},"168":{"start":{"line":291,"column":19},"end":{"line":291,"column":51}},"169":{"start":{"line":292,"column":18},"end":{"line":292,"column":49}},"170":{"start":{"line":293,"column":19},"end":{"line":293,"column":51}},"171":{"start":{"line":295,"column":4},"end":{"line":295,"column":60}},"172":{"start":{"line":296,"column":21},"end":{"line":296,"column":37}},"173":{"start":{"line":297,"column":4},"end":{"line":297,"column":60}},"174":{"start":{"line":298,"column":4},"end":{"line":302,"column":7}},"175":{"start":{"line":303,"column":4},"end":{"line":303,"column":28}},"176":{"start":{"line":304,"column":4},"end":{"line":307,"column":7}},"177":{"start":{"line":308,"column":4},"end":{"line":308,"column":35}},"178":{"start":{"line":310,"column":4},"end":{"line":310,"column":37}},"179":{"start":{"line":311,"column":4},"end":{"line":311,"column":35}},"180":{"start":{"line":312,"column":4},"end":{"line":312,"column":36}},"181":{"start":{"line":315,"column":0},"end":{"line":319,"column":1}}},"fnMap":{"0":{"name":"convertStatusTextToState","decl":{"start":{"line":6,"column":9},"end":{"line":6,"column":33}},"loc":{"start":{"line":6,"column":46},"end":{"line":21,"column":1}},"line":6},"1":{"name":"(anonymous_1)","decl":{"start":{"line":23,"column":16},"end":{"line":23,"column":17}},"loc":{"start":{"line":23,"column":28},"end":{"line":26,"column":1}},"line":23},"2":{"name":"initializePage","decl":{"start":{"line":28,"column":9},"end":{"line":28,"column":23}},"loc":{"start":{"line":28,"column":26},"end":{"line":284,"column":1}},"line":28},"3":{"name":"(anonymous_3)","decl":{"start":{"line":105,"column":42},"end":{"line":105,"column":43}},"loc":{"start":{"line":105,"column":47},"end":{"line":119,"column":5}},"line":105},"4":{"name":"(anonymous_4)","decl":{"start":{"line":139,"column":40},"end":{"line":139,"column":41}},"loc":{"start":{"line":139,"column":45},"end":{"line":158,"column":5}},"line":139},"5":{"name":"(anonymous_5)","decl":{"start":{"line":160,"column":39},"end":{"line":160,"column":40}},"loc":{"start":{"line":160,"column":44},"end":{"line":175,"column":5}},"line":160},"6":{"name":"(anonymous_6)","decl":{"start":{"line":177,"column":38},"end":{"line":177,"column":39}},"loc":{"start":{"line":177,"column":43},"end":{"line":184,"column":5}},"line":177},"7":{"name":"(anonymous_7)","decl":{"start":{"line":186,"column":38},"end":{"line":186,"column":39}},"loc":{"start":{"line":186,"column":43},"end":{"line":188,"column":5}},"line":186},"8":{"name":"(anonymous_8)","decl":{"start":{"line":190,"column":37},"end":{"line":190,"column":38}},"loc":{"start":{"line":190,"column":42},"end":{"line":193,"column":5}},"line":190},"9":{"name":"(anonymous_9)","decl":{"start":{"line":195,"column":44},"end":{"line":195,"column":45}},"loc":{"start":{"line":195,"column":49},"end":{"line":197,"column":5}},"line":195},"10":{"name":"(anonymous_10)","decl":{"start":{"line":199,"column":39},"end":{"line":199,"column":40}},"loc":{"start":{"line":199,"column":44},"end":{"line":206,"column":5}},"line":199},"11":{"name":"(anonymous_11)","decl":{"start":{"line":208,"column":38},"end":{"line":208,"column":39}},"loc":{"start":{"line":208,"column":44},"end":{"line":210,"column":5}},"line":208},"12":{"name":"(anonymous_12)","decl":{"start":{"line":212,"column":46},"end":{"line":212,"column":47}},"loc":{"start":{"line":212,"column":52},"end":{"line":215,"column":5}},"line":212},"13":{"name":"(anonymous_13)","decl":{"start":{"line":217,"column":40},"end":{"line":217,"column":41}},"loc":{"start":{"line":217,"column":46},"end":{"line":225,"column":5}},"line":217},"14":{"name":"(anonymous_14)","decl":{"start":{"line":227,"column":41},"end":{"line":227,"column":42}},"loc":{"start":{"line":227,"column":47},"end":{"line":230,"column":5}},"line":227},"15":{"name":"(anonymous_15)","decl":{"start":{"line":232,"column":44},"end":{"line":232,"column":45}},"loc":{"start":{"line":232,"column":50},"end":{"line":243,"column":5}},"line":232},"16":{"name":"(anonymous_16)","decl":{"start":{"line":245,"column":46},"end":{"line":245,"column":47}},"loc":{"start":{"line":245,"column":52},"end":{"line":247,"column":5}},"line":245},"17":{"name":"(anonymous_17)","decl":{"start":{"line":249,"column":45},"end":{"line":249,"column":46}},"loc":{"start":{"line":249,"column":51},"end":{"line":251,"column":5}},"line":249},"18":{"name":"(anonymous_18)","decl":{"start":{"line":253,"column":49},"end":{"line":253,"column":50}},"loc":{"start":{"line":253,"column":55},"end":{"line":255,"column":5}},"line":253},"19":{"name":"(anonymous_19)","decl":{"start":{"line":257,"column":49},"end":{"line":257,"column":50}},"loc":{"start":{"line":257,"column":55},"end":{"line":259,"column":5}},"line":257},"20":{"name":"(anonymous_20)","decl":{"start":{"line":261,"column":41},"end":{"line":261,"column":42}},"loc":{"start":{"line":261,"column":47},"end":{"line":263,"column":5}},"line":261},"21":{"name":"(anonymous_21)","decl":{"start":{"line":265,"column":42},"end":{"line":265,"column":43}},"loc":{"start":{"line":265,"column":48},"end":{"line":278,"column":5}},"line":265},"22":{"name":"(anonymous_22)","decl":{"start":{"line":281,"column":47},"end":{"line":281,"column":48}},"loc":{"start":{"line":281,"column":53},"end":{"line":283,"column":5}},"line":281},"23":{"name":"(anonymous_23)","decl":{"start":{"line":281,"column":69},"end":{"line":281,"column":70}},"loc":{"start":{"line":281,"column":82},"end":{"line":283,"column":5}},"line":281},"24":{"name":"changeProject","decl":{"start":{"line":290,"column":9},"end":{"line":290,"column":22}},"loc":{"start":{"line":290,"column":29},"end":{"line":313,"column":1}},"line":290}},"branchMap":{"0":{"loc":{"start":{"line":7,"column":4},"end":{"line":20,"column":5}},"type":"switch","locations":[{"start":{"line":8,"column":8},"end":{"line":9,"column":26}},{"start":{"line":10,"column":8},"end":{"line":11,"column":33}},{"start":{"line":12,"column":8},"end":{"line":13,"column":32}},{"start":{"line":14,"column":8},"end":{"line":15,"column":29}},{"start":{"line":16,"column":8},"end":{"line":17,"column":27}},{"start":{"line":18,"column":8},"end":{"line":19,"column":29}}],"line":7},"1":{"loc":{"start":{"line":84,"column":4},"end":{"line":84,"column":90}},"type":"if","locations":[{"start":{"line":84,"column":4},"end":{"line":84,"column":90}},{"start":{"line":84,"column":4},"end":{"line":84,"column":90}}],"line":84},"2":{"loc":{"start":{"line":85,"column":4},"end":{"line":85,"column":93}},"type":"if","locations":[{"start":{"line":85,"column":4},"end":{"line":85,"column":93}},{"start":{"line":85,"column":4},"end":{"line":85,"column":93}}],"line":85},"3":{"loc":{"start":{"line":86,"column":4},"end":{"line":86,"column":92}},"type":"if","locations":[{"start":{"line":86,"column":4},"end":{"line":86,"column":92}},{"start":{"line":86,"column":4},"end":{"line":86,"column":92}}],"line":86},"4":{"loc":{"start":{"line":87,"column":4},"end":{"line":87,"column":93}},"type":"if","locations":[{"start":{"line":87,"column":4},"end":{"line":87,"column":93}},{"start":{"line":87,"column":4},"end":{"line":87,"column":93}}],"line":87},"5":{"loc":{"start":{"line":88,"column":4},"end":{"line":88,"column":99}},"type":"if","locations":[{"start":{"line":88,"column":4},"end":{"line":88,"column":99}},{"start":{"line":88,"column":4},"end":{"line":88,"column":99}}],"line":88},"6":{"loc":{"start":{"line":89,"column":4},"end":{"line":89,"column":94}},"type":"if","locations":[{"start":{"line":89,"column":4},"end":{"line":89,"column":94}},{"start":{"line":89,"column":4},"end":{"line":89,"column":94}}],"line":89},"7":{"loc":{"start":{"line":90,"column":4},"end":{"line":90,"column":98}},"type":"if","locations":[{"start":{"line":90,"column":4},"end":{"line":90,"column":98}},{"start":{"line":90,"column":4},"end":{"line":90,"column":98}}],"line":90},"8":{"loc":{"start":{"line":102,"column":53},"end":{"line":102,"column":92}},"type":"cond-expr","locations":[{"start":{"line":102,"column":76},"end":{"line":102,"column":82}},{"start":{"line":102,"column":85},"end":{"line":102,"column":92}}],"line":102},"9":{"loc":{"start":{"line":107,"column":8},"end":{"line":118,"column":9}},"type":"if","locations":[{"start":{"line":107,"column":8},"end":{"line":118,"column":9}},{"start":{"line":107,"column":8},"end":{"line":118,"column":9}}],"line":107},"10":{"loc":{"start":{"line":117,"column":61},"end":{"line":117,"column":100}},"type":"cond-expr","locations":[{"start":{"line":117,"column":84},"end":{"line":117,"column":90}},{"start":{"line":117,"column":93},"end":{"line":117,"column":100}}],"line":117},"11":{"loc":{"start":{"line":142,"column":8},"end":{"line":157,"column":9}},"type":"switch","locations":[{"start":{"line":143,"column":12},"end":{"line":145,"column":22}},{"start":{"line":146,"column":12},"end":{"line":148,"column":22}},{"start":{"line":149,"column":12},"end":{"line":151,"column":22}},{"start":{"line":152,"column":12},"end":{"line":154,"column":22}},{"start":{"line":155,"column":12},"end":{"line":156,"column":22}}],"line":142},"12":{"loc":{"start":{"line":144,"column":16},"end":{"line":144,"column":47}},"type":"if","locations":[{"start":{"line":144,"column":16},"end":{"line":144,"column":47}},{"start":{"line":144,"column":16},"end":{"line":144,"column":47}}],"line":144},"13":{"loc":{"start":{"line":147,"column":16},"end":{"line":147,"column":45}},"type":"if","locations":[{"start":{"line":147,"column":16},"end":{"line":147,"column":45}},{"start":{"line":147,"column":16},"end":{"line":147,"column":45}}],"line":147},"14":{"loc":{"start":{"line":150,"column":16},"end":{"line":150,"column":46}},"type":"if","locations":[{"start":{"line":150,"column":16},"end":{"line":150,"column":46}},{"start":{"line":150,"column":16},"end":{"line":150,"column":46}}],"line":150},"15":{"loc":{"start":{"line":179,"column":8},"end":{"line":182,"column":46}},"type":"if","locations":[{"start":{"line":179,"column":8},"end":{"line":182,"column":46}},{"start":{"line":179,"column":8},"end":{"line":182,"column":46}}],"line":179},"16":{"loc":{"start":{"line":218,"column":8},"end":{"line":224,"column":9}},"type":"if","locations":[{"start":{"line":218,"column":8},"end":{"line":224,"column":9}},{"start":{"line":218,"column":8},"end":{"line":224,"column":9}}],"line":218},"17":{"loc":{"start":{"line":218,"column":12},"end":{"line":218,"column":81}},"type":"binary-expr","locations":[{"start":{"line":218,"column":12},"end":{"line":218,"column":45}},{"start":{"line":218,"column":49},"end":{"line":218,"column":81}}],"line":218},"18":{"loc":{"start":{"line":233,"column":8},"end":{"line":242,"column":9}},"type":"if","locations":[{"start":{"line":233,"column":8},"end":{"line":242,"column":9}},{"start":{"line":233,"column":8},"end":{"line":242,"column":9}}],"line":233},"19":{"loc":{"start":{"line":268,"column":8},"end":{"line":277,"column":9}},"type":"if","locations":[{"start":{"line":268,"column":8},"end":{"line":277,"column":9}},{"start":{"line":268,"column":8},"end":{"line":277,"column":9}}],"line":268}},"s":{"0":6,"1":1,"2":1,"3":1,"4":1,"5":1,"6":1,"7":2,"8":2,"9":0,"10":0,"11":0,"12":0,"13":0,"14":0,"15":0,"16":0,"17":0,"18":0,"19":0,"20":0,"21":0,"22":0,"23":0,"24":0,"25":0,"26":0,"27":0,"28":0,"29":0,"30":0,"31":0,"32":0,"33":0,"34":0,"35":0,"36":0,"37":0,"38":0,"39":0,"40":0,"41":0,"42":0,"43":0,"44":0,"45":0,"46":0,"47":0,"48":0,"49":0,"50":0,"51":0,"52":0,"53":0,"54":0,"55":0,"56":0,"57":0,"58":0,"59":0,"60":0,"61":0,"62":0,"63":0,"64":0,"65":0,"66":0,"67":0,"68":0,"69":0,"70":0,"71":0,"72":0,"73":0,"74":0,"75":0,"76":0,"77":0,"78":0,"79":0,"80":0,"81":0,"82":0,"83":0,"84":0,"85":0,"86":0,"87":0,"88":0,"89":0,"90":0,"91":0,"92":0,"93":0,"94":0,"95":0,"96":0,"97":0,"98":0,"99":0,"100":0,"101":0,"102":0,"103":0,"104":0,"105":0,"106":0,"107":0,"108":0,"109":0,"110":0,"111":0,"112":0,"113":0,"114":0,"115":0,"116":0,"117":0,"118":0,"119":0,"120":0,"121":0,"122":0,"123":0,"124":0,"125":0,"126":0,"127":0,"128":0,"129":0,"130":0,"131":0,"132":0,"133":0,"134":0,"135":0,"136":0,"137":0,"138":0,"139":0,"140":0,"141":0,"142":0,"143":0,"144":0,"145":0,"146":0,"147":0,"148":0,"149":0,"150":0,"151":0,"152":0,"153":0,"154":0,"155":0,"156":0,"157":0,"158":0,"159":0,"160":0,"161":0,"162":0,"163":0,"164":0,"165":0,"166":0,"167":0,"168":0,"169":0,"170":0,"171":0,"172":0,"173":0,"174":0,"175":0,"176":0,"177":0,"178":0,"179":0,"180":0,"181":2},"f":{"0":6,"1":2,"2":0,"3":0,"4":0,"5":0,"6":0,"7":0,"8":0,"9":0,"10":0,"11":0,"12":0,"13":0,"14":0,"15":0,"16":0,"17":0,"18":0,"19":0,"20":0,"21":0,"22":0,"23":0,"24":0},"b":{"0":[1,1,1,1,1,1],"1":[0,0],"2":[0,0],"3":[0,0],"4":[0,0],"5":[0,0],"6":[0,0],"7":[0,0],"8":[0,0],"9":[0,0],"10":[0,0],"11":[0,0,0,0,0],"12":[0,0],"13":[0,0],"14":[0,0],"15":[0,0],"16":[0,0],"17":[0,0],"18":[0,0],"19":[0,0]},"_coverageSchema":"1a1c01bbd47fc00a2c39e90264f33305004495a9","hash":"adabb72abbcc00b162445959f205309e3f427c94"}
,"C:\\Users\\Kevin Cao\\Desktop\\UCSD\\ACADEMICS\\WI21\\CSE 110\\cse110-w21-group5\\source\\js\\project.js": {"path":"C:\\Users\\Kevin Cao\\Desktop\\UCSD\\ACADEMICS\\WI21\\CSE 110\\cse110-w21-group5\\source\\js\\project.js","statementMap":{"0":{"start":{"line":5,"column":21},"end":{"line":5,"column":80}},"1":{"start":{"line":6,"column":4},"end":{"line":6,"column":52}},"2":{"start":{"line":7,"column":4},"end":{"line":7,"column":57}},"3":{"start":{"line":8,"column":4},"end":{"line":8,"column":49}},"4":{"start":{"line":24,"column":4},"end":{"line":24,"column":78}},"5":{"start":{"line":24,"column":53},"end":{"line":24,"column":78}},"6":{"start":{"line":25,"column":4},"end":{"line":25,"column":98}},"7":{"start":{"line":25,"column":75},"end":{"line":25,"column":96}},"8":{"start":{"line":33,"column":4},"end":{"line":33,"column":78}},"9":{"start":{"line":33,"column":53},"end":{"line":33,"column":78}},"10":{"start":{"line":34,"column":22},"end":{"line":34,"column":69}},"11":{"start":{"line":35,"column":4},"end":{"line":43,"column":5}},"12":{"start":{"line":35,"column":30},"end":{"line":35,"column":53}},"13":{"start":{"line":36,"column":8},"end":{"line":36,"column":56}},"14":{"start":{"line":37,"column":8},"end":{"line":37,"column":21}},"15":{"start":{"line":39,"column":8},"end":{"line":39,"column":34}},"16":{"start":{"line":40,"column":8},"end":{"line":40,"column":73}},"17":{"start":{"line":41,"column":8},"end":{"line":41,"column":29}},"18":{"start":{"line":42,"column":8},"end":{"line":42,"column":20}},"19":{"start":{"line":51,"column":4},"end":{"line":54,"column":5}},"20":{"start":{"line":52,"column":8},"end":{"line":52,"column":33}},"21":{"start":{"line":53,"column":8},"end":{"line":53,"column":21}},"22":{"start":{"line":55,"column":22},"end":{"line":55,"column":69}},"23":{"start":{"line":56,"column":4},"end":{"line":56,"column":110}},"24":{"start":{"line":56,"column":85},"end":{"line":56,"column":106}},"25":{"start":{"line":57,"column":4},"end":{"line":57,"column":25}},"26":{"start":{"line":58,"column":4},"end":{"line":58,"column":16}},"27":{"start":{"line":67,"column":4},"end":{"line":67,"column":78}},"28":{"start":{"line":67,"column":53},"end":{"line":67,"column":78}},"29":{"start":{"line":68,"column":22},"end":{"line":68,"column":69}},"30":{"start":{"line":69,"column":4},"end":{"line":77,"column":5}},"31":{"start":{"line":69,"column":30},"end":{"line":69,"column":44}},"32":{"start":{"line":70,"column":27},"end":{"line":70,"column":69}},"33":{"start":{"line":70,"column":54},"end":{"line":70,"column":68}},"34":{"start":{"line":71,"column":8},"end":{"line":71,"column":45}},"35":{"start":{"line":72,"column":8},"end":{"line":72,"column":29}},"36":{"start":{"line":73,"column":8},"end":{"line":73,"column":20}},"37":{"start":{"line":75,"column":8},"end":{"line":75,"column":50}},"38":{"start":{"line":76,"column":8},"end":{"line":76,"column":21}},"39":{"start":{"line":85,"column":4},"end":{"line":85,"column":64}},"40":{"start":{"line":86,"column":4},"end":{"line":86,"column":83}},"41":{"start":{"line":87,"column":4},"end":{"line":87,"column":62}},"42":{"start":{"line":94,"column":4},"end":{"line":94,"column":78}},"43":{"start":{"line":94,"column":53},"end":{"line":94,"column":78}},"44":{"start":{"line":96,"column":26},"end":{"line":96,"column":65}},"45":{"start":{"line":97,"column":20},"end":{"line":97,"column":66}},"46":{"start":{"line":99,"column":4},"end":{"line":101,"column":5}},"47":{"start":{"line":100,"column":8},"end":{"line":100,"column":64}},"48":{"start":{"line":103,"column":25},"end":{"line":103,"column":63}},"49":{"start":{"line":104,"column":22},"end":{"line":104,"column":69}},"50":{"start":{"line":105,"column":4},"end":{"line":124,"column":7}},"51":{"start":{"line":106,"column":26},"end":{"line":106,"column":54}},"52":{"start":{"line":107,"column":8},"end":{"line":121,"column":9}},"53":{"start":{"line":108,"column":12},"end":{"line":113,"column":20}},"54":{"start":{"line":115,"column":12},"end":{"line":120,"column":20}},"55":{"start":{"line":122,"column":8},"end":{"line":122,"column":50}},"56":{"start":{"line":123,"column":8},"end":{"line":123,"column":61}},"57":{"start":{"line":140,"column":4},"end":{"line":140,"column":81}},"58":{"start":{"line":140,"column":56},"end":{"line":140,"column":81}},"59":{"start":{"line":141,"column":25},"end":{"line":141,"column":75}},"60":{"start":{"line":142,"column":4},"end":{"line":142,"column":59}},"61":{"start":{"line":142,"column":36},"end":{"line":142,"column":59}},"62":{"start":{"line":143,"column":4},"end":{"line":143,"column":37}},"63":{"start":{"line":144,"column":4},"end":{"line":144,"column":75}},"64":{"start":{"line":145,"column":4},"end":{"line":145,"column":28}},"65":{"start":{"line":152,"column":4},"end":{"line":152,"column":81}},"66":{"start":{"line":152,"column":56},"end":{"line":152,"column":81}},"67":{"start":{"line":153,"column":25},"end":{"line":153,"column":75}},"68":{"start":{"line":154,"column":18},"end":{"line":154,"column":53}},"69":{"start":{"line":156,"column":4},"end":{"line":156,"column":27}},"70":{"start":{"line":158,"column":4},"end":{"line":163,"column":7}},"71":{"start":{"line":159,"column":30},"end":{"line":159,"column":58}},"72":{"start":{"line":160,"column":8},"end":{"line":160,"column":48}},"73":{"start":{"line":161,"column":8},"end":{"line":161,"column":50}},"74":{"start":{"line":162,"column":8},"end":{"line":162,"column":45}},"75":{"start":{"line":167,"column":0},"end":{"line":176,"column":2}}},"fnMap":{"0":{"name":"initializeLocalStorage","decl":{"start":{"line":4,"column":9},"end":{"line":4,"column":31}},"loc":{"start":{"line":4,"column":34},"end":{"line":9,"column":1}},"line":4},"1":{"name":"getProject","decl":{"start":{"line":23,"column":9},"end":{"line":23,"column":19}},"loc":{"start":{"line":23,"column":26},"end":{"line":26,"column":1}},"line":23},"2":{"name":"(anonymous_2)","decl":{"start":{"line":25,"column":64},"end":{"line":25,"column":65}},"loc":{"start":{"line":25,"column":75},"end":{"line":25,"column":96}},"line":25},"3":{"name":"createProject","decl":{"start":{"line":32,"column":9},"end":{"line":32,"column":22}},"loc":{"start":{"line":32,"column":32},"end":{"line":44,"column":1}},"line":32},"4":{"name":"(anonymous_4)","decl":{"start":{"line":35,"column":25},"end":{"line":35,"column":26}},"loc":{"start":{"line":35,"column":30},"end":{"line":35,"column":53}},"line":35},"5":{"name":"deleteProject","decl":{"start":{"line":50,"column":9},"end":{"line":50,"column":22}},"loc":{"start":{"line":50,"column":29},"end":{"line":59,"column":1}},"line":50},"6":{"name":"(anonymous_6)","decl":{"start":{"line":56,"column":74},"end":{"line":56,"column":75}},"loc":{"start":{"line":56,"column":85},"end":{"line":56,"column":106}},"line":56},"7":{"name":"updateProject","decl":{"start":{"line":66,"column":9},"end":{"line":66,"column":22}},"loc":{"start":{"line":66,"column":39},"end":{"line":78,"column":1}},"line":66},"8":{"name":"(anonymous_8)","decl":{"start":{"line":69,"column":25},"end":{"line":69,"column":26}},"loc":{"start":{"line":69,"column":30},"end":{"line":69,"column":44}},"line":69},"9":{"name":"(anonymous_9)","decl":{"start":{"line":70,"column":49},"end":{"line":70,"column":50}},"loc":{"start":{"line":70,"column":54},"end":{"line":70,"column":68}},"line":70},"10":{"name":"editProject","decl":{"start":{"line":84,"column":9},"end":{"line":84,"column":20}},"loc":{"start":{"line":84,"column":27},"end":{"line":88,"column":1}},"line":84},"11":{"name":"refreshProjectList","decl":{"start":{"line":93,"column":9},"end":{"line":93,"column":27}},"loc":{"start":{"line":93,"column":30},"end":{"line":125,"column":1}},"line":93},"12":{"name":"(anonymous_12)","decl":{"start":{"line":105,"column":24},"end":{"line":105,"column":25}},"loc":{"start":{"line":105,"column":37},"end":{"line":124,"column":5}},"line":105},"13":{"name":"logDistraction","decl":{"start":{"line":139,"column":9},"end":{"line":139,"column":23}},"loc":{"start":{"line":139,"column":37},"end":{"line":146,"column":1}},"line":139},"14":{"name":"refreshDistractionLog","decl":{"start":{"line":151,"column":9},"end":{"line":151,"column":30}},"loc":{"start":{"line":151,"column":33},"end":{"line":164,"column":1}},"line":151},"15":{"name":"(anonymous_15)","decl":{"start":{"line":158,"column":27},"end":{"line":158,"column":28}},"loc":{"start":{"line":158,"column":44},"end":{"line":163,"column":5}},"line":158}},"branchMap":{"0":{"loc":{"start":{"line":24,"column":4},"end":{"line":24,"column":78}},"type":"if","locations":[{"start":{"line":24,"column":4},"end":{"line":24,"column":78}},{"start":{"line":24,"column":4},"end":{"line":24,"column":78}}],"line":24},"1":{"loc":{"start":{"line":33,"column":4},"end":{"line":33,"column":78}},"type":"if","locations":[{"start":{"line":33,"column":4},"end":{"line":33,"column":78}},{"start":{"line":33,"column":4},"end":{"line":33,"column":78}}],"line":33},"2":{"loc":{"start":{"line":35,"column":4},"end":{"line":43,"column":5}},"type":"if","locations":[{"start":{"line":35,"column":4},"end":{"line":43,"column":5}},{"start":{"line":35,"column":4},"end":{"line":43,"column":5}}],"line":35},"3":{"loc":{"start":{"line":51,"column":4},"end":{"line":54,"column":5}},"type":"if","locations":[{"start":{"line":51,"column":4},"end":{"line":54,"column":5}},{"start":{"line":51,"column":4},"end":{"line":54,"column":5}}],"line":51},"4":{"loc":{"start":{"line":67,"column":4},"end":{"line":67,"column":78}},"type":"if","locations":[{"start":{"line":67,"column":4},"end":{"line":67,"column":78}},{"start":{"line":67,"column":4},"end":{"line":67,"column":78}}],"line":67},"5":{"loc":{"start":{"line":69,"column":4},"end":{"line":77,"column":5}},"type":"if","locations":[{"start":{"line":69,"column":4},"end":{"line":77,"column":5}},{"start":{"line":69,"column":4},"end":{"line":77,"column":5}}],"line":69},"6":{"loc":{"start":{"line":94,"column":4},"end":{"line":94,"column":78}},"type":"if","locations":[{"start":{"line":94,"column":4},"end":{"line":94,"column":78}},{"start":{"line":94,"column":4},"end":{"line":94,"column":78}}],"line":94},"7":{"loc":{"start":{"line":107,"column":8},"end":{"line":121,"column":9}},"type":"if","locations":[{"start":{"line":107,"column":8},"end":{"line":121,"column":9}},{"start":{"line":107,"column":8},"end":{"line":121,"column":9}}],"line":107},"8":{"loc":{"start":{"line":140,"column":4},"end":{"line":140,"column":81}},"type":"if","locations":[{"start":{"line":140,"column":4},"end":{"line":140,"column":81}},{"start":{"line":140,"column":4},"end":{"line":140,"column":81}}],"line":140},"9":{"loc":{"start":{"line":142,"column":4},"end":{"line":142,"column":59}},"type":"if","locations":[{"start":{"line":142,"column":4},"end":{"line":142,"column":59}},{"start":{"line":142,"column":4},"end":{"line":142,"column":59}}],"line":142},"10":{"loc":{"start":{"line":152,"column":4},"end":{"line":152,"column":81}},"type":"if","locations":[{"start":{"line":152,"column":4},"end":{"line":152,"column":81}},{"start":{"line":152,"column":4},"end":{"line":152,"column":81}}],"line":152}},"s":{"0":6,"1":6,"2":6,"3":6,"4":1,"5":0,"6":1,"7":2,"8":5,"9":0,"10":5,"11":5,"12":6,"13":1,"14":1,"15":4,"16":4,"17":4,"18":4,"19":1,"20":0,"21":0,"22":1,"23":1,"24":2,"25":1,"26":1,"27":1,"28":0,"29":1,"30":1,"31":2,"32":1,"33":2,"34":1,"35":1,"36":1,"37":0,"38":0,"39":1,"40":1,"41":1,"42":6,"43":0,"44":6,"45":6,"46":6,"47":8,"48":6,"49":6,"50":6,"51":11,"52":11,"53":6,"54":5,"55":11,"56":11,"57":2,"58":0,"59":2,"60":2,"61":0,"62":2,"63":2,"64":2,"65":2,"66":0,"67":2,"68":2,"69":2,"70":2,"71":3,"72":3,"73":3,"74":3,"75":2},"f":{"0":6,"1":1,"2":2,"3":5,"4":6,"5":1,"6":2,"7":1,"8":2,"9":2,"10":1,"11":6,"12":11,"13":2,"14":2,"15":3},"b":{"0":[0,1],"1":[0,5],"2":[1,4],"3":[0,1],"4":[0,1],"5":[1,0],"6":[0,6],"7":[6,5],"8":[0,2],"9":[0,2],"10":[0,2]},"_coverageSchema":"1a1c01bbd47fc00a2c39e90264f33305004495a9","hash":"ed40c59961a9b4dd1410e9193eed9149d669faad"}
,"C:\\Users\\Kevin Cao\\Desktop\\UCSD\\ACADEMICS\\WI21\\CSE 110\\cse110-w21-group5\\source\\js\\timer.js": {"path":"C:\\Users\\Kevin Cao\\Desktop\\UCSD\\ACADEMICS\\WI21\\CSE 110\\cse110-w21-group5\\source\\js\\timer.js","statementMap":{"0":{"start":{"line":3,"column":20},"end":{"line":6,"column":1}},"1":{"start":{"line":8,"column":24},"end":{"line":11,"column":1}},"2":{"start":{"line":37,"column":4},"end":{"line":37,"column":25}},"3":{"start":{"line":38,"column":4},"end":{"line":38,"column":21}},"4":{"start":{"line":41,"column":4},"end":{"line":41,"column":30}},"5":{"start":{"line":42,"column":4},"end":{"line":42,"column":33}},"6":{"start":{"line":43,"column":4},"end":{"line":43,"column":32}},"7":{"start":{"line":44,"column":4},"end":{"line":44,"column":29}},"8":{"start":{"line":45,"column":4},"end":{"line":45,"column":41}},"9":{"start":{"line":46,"column":4},"end":{"line":46,"column":39}},"10":{"start":{"line":47,"column":4},"end":{"line":47,"column":47}},"11":{"start":{"line":48,"column":4},"end":{"line":48,"column":37}},"12":{"start":{"line":49,"column":4},"end":{"line":49,"column":41}},"13":{"start":{"line":52,"column":4},"end":{"line":52,"column":35}},"14":{"start":{"line":53,"column":4},"end":{"line":53,"column":41}},"15":{"start":{"line":54,"column":4},"end":{"line":54,"column":41}},"16":{"start":{"line":55,"column":4},"end":{"line":55,"column":37}},"17":{"start":{"line":56,"column":4},"end":{"line":56,"column":37}},"18":{"start":{"line":57,"column":4},"end":{"line":57,"column":35}},"19":{"start":{"line":58,"column":4},"end":{"line":58,"column":37}},"20":{"start":{"line":61,"column":4},"end":{"line":61,"column":27}},"21":{"start":{"line":62,"column":4},"end":{"line":62,"column":25}},"22":{"start":{"line":63,"column":4},"end":{"line":63,"column":25}},"23":{"start":{"line":70,"column":0},"end":{"line":94,"column":1}},"24":{"start":{"line":71,"column":4},"end":{"line":71,"column":59}},"25":{"start":{"line":71,"column":43},"end":{"line":71,"column":59}},"26":{"start":{"line":72,"column":4},"end":{"line":72,"column":25}},"27":{"start":{"line":74,"column":4},"end":{"line":74,"column":30}},"28":{"start":{"line":75,"column":4},"end":{"line":75,"column":33}},"29":{"start":{"line":77,"column":4},"end":{"line":77,"column":40}},"30":{"start":{"line":78,"column":4},"end":{"line":78,"column":32}},"31":{"start":{"line":80,"column":4},"end":{"line":80,"column":25}},"32":{"start":{"line":81,"column":4},"end":{"line":81,"column":25}},"33":{"start":{"line":82,"column":4},"end":{"line":82,"column":27}},"34":{"start":{"line":84,"column":4},"end":{"line":84,"column":41}},"35":{"start":{"line":87,"column":4},"end":{"line":93,"column":5}},"36":{"start":{"line":88,"column":8},"end":{"line":88,"column":23}},"37":{"start":{"line":89,"column":8},"end":{"line":89,"column":53}},"38":{"start":{"line":90,"column":8},"end":{"line":90,"column":57}},"39":{"start":{"line":91,"column":8},"end":{"line":91,"column":39}},"40":{"start":{"line":92,"column":8},"end":{"line":92,"column":62}},"41":{"start":{"line":100,"column":0},"end":{"line":119,"column":1}},"42":{"start":{"line":101,"column":4},"end":{"line":101,"column":68}},"43":{"start":{"line":101,"column":31},"end":{"line":101,"column":68}},"44":{"start":{"line":105,"column":4},"end":{"line":118,"column":5}},"45":{"start":{"line":106,"column":8},"end":{"line":106,"column":31}},"46":{"start":{"line":107,"column":8},"end":{"line":107,"column":32}},"47":{"start":{"line":108,"column":8},"end":{"line":108,"column":60}},"48":{"start":{"line":109,"column":11},"end":{"line":118,"column":5}},"49":{"start":{"line":110,"column":8},"end":{"line":110,"column":21}},"50":{"start":{"line":111,"column":8},"end":{"line":111,"column":30}},"51":{"start":{"line":112,"column":11},"end":{"line":118,"column":5}},"52":{"start":{"line":113,"column":8},"end":{"line":113,"column":21}},"53":{"start":{"line":114,"column":8},"end":{"line":114,"column":31}},"54":{"start":{"line":115,"column":11},"end":{"line":118,"column":5}},"55":{"start":{"line":116,"column":8},"end":{"line":116,"column":21}},"56":{"start":{"line":117,"column":8},"end":{"line":117,"column":28}},"57":{"start":{"line":125,"column":0},"end":{"line":139,"column":1}},"58":{"start":{"line":126,"column":16},"end":{"line":126,"column":26}},"59":{"start":{"line":127,"column":28},"end":{"line":127,"column":62}},"60":{"start":{"line":128,"column":4},"end":{"line":128,"column":67}},"61":{"start":{"line":129,"column":4},"end":{"line":129,"column":39}},"62":{"start":{"line":132,"column":4},"end":{"line":132,"column":21}},"63":{"start":{"line":133,"column":4},"end":{"line":133,"column":72}},"64":{"start":{"line":134,"column":4},"end":{"line":134,"column":28}},"65":{"start":{"line":137,"column":4},"end":{"line":137,"column":67}},"66":{"start":{"line":138,"column":4},"end":{"line":138,"column":37}},"67":{"start":{"line":144,"column":0},"end":{"line":160,"column":1}},"68":{"start":{"line":146,"column":8},"end":{"line":146,"column":54}},"69":{"start":{"line":149,"column":14},"end":{"line":149,"column":24}},"70":{"start":{"line":151,"column":19},"end":{"line":151,"column":77}},"71":{"start":{"line":152,"column":4},"end":{"line":152,"column":49}},"72":{"start":{"line":153,"column":4},"end":{"line":153,"column":37}},"73":{"start":{"line":155,"column":4},"end":{"line":155,"column":95}},"74":{"start":{"line":156,"column":4},"end":{"line":159,"column":5}},"75":{"start":{"line":157,"column":8},"end":{"line":157,"column":45}},"76":{"start":{"line":158,"column":8},"end":{"line":158,"column":20}},"77":{"start":{"line":165,"column":0},"end":{"line":172,"column":1}},"78":{"start":{"line":166,"column":4},"end":{"line":169,"column":5}},"79":{"start":{"line":167,"column":8},"end":{"line":167,"column":44}},"80":{"start":{"line":168,"column":8},"end":{"line":168,"column":15}},"81":{"start":{"line":171,"column":4},"end":{"line":171,"column":51}},"82":{"start":{"line":177,"column":0},"end":{"line":197,"column":1}},"83":{"start":{"line":178,"column":4},"end":{"line":178,"column":24}},"84":{"start":{"line":179,"column":4},"end":{"line":179,"column":30}},"85":{"start":{"line":182,"column":4},"end":{"line":182,"column":49}},"86":{"start":{"line":183,"column":4},"end":{"line":183,"column":53}},"87":{"start":{"line":184,"column":4},"end":{"line":184,"column":47}},"88":{"start":{"line":187,"column":4},"end":{"line":187,"column":19}},"89":{"start":{"line":190,"column":4},"end":{"line":192,"column":5}},"90":{"start":{"line":191,"column":8},"end":{"line":191,"column":53}},"91":{"start":{"line":194,"column":4},"end":{"line":196,"column":5}},"92":{"start":{"line":195,"column":8},"end":{"line":195,"column":75}},"93":{"start":{"line":202,"column":0},"end":{"line":214,"column":1}},"94":{"start":{"line":204,"column":4},"end":{"line":204,"column":49}},"95":{"start":{"line":205,"column":4},"end":{"line":205,"column":53}},"96":{"start":{"line":206,"column":4},"end":{"line":206,"column":48}},"97":{"start":{"line":208,"column":4},"end":{"line":210,"column":5}},"98":{"start":{"line":209,"column":8},"end":{"line":209,"column":53}},"99":{"start":{"line":212,"column":4},"end":{"line":212,"column":31}},"100":{"start":{"line":213,"column":4},"end":{"line":213,"column":36}},"101":{"start":{"line":219,"column":0},"end":{"line":231,"column":1}},"102":{"start":{"line":221,"column":4},"end":{"line":221,"column":49}},"103":{"start":{"line":222,"column":4},"end":{"line":222,"column":53}},"104":{"start":{"line":223,"column":4},"end":{"line":223,"column":48}},"105":{"start":{"line":225,"column":4},"end":{"line":227,"column":5}},"106":{"start":{"line":226,"column":8},"end":{"line":226,"column":53}},"107":{"start":{"line":229,"column":4},"end":{"line":229,"column":30}},"108":{"start":{"line":230,"column":4},"end":{"line":230,"column":35}},"109":{"start":{"line":243,"column":0},"end":{"line":265,"column":1}},"110":{"start":{"line":245,"column":4},"end":{"line":262,"column":5}},"111":{"start":{"line":247,"column":12},"end":{"line":247,"column":141}},"112":{"start":{"line":248,"column":12},"end":{"line":248,"column":18}},"113":{"start":{"line":250,"column":12},"end":{"line":250,"column":144}},"114":{"start":{"line":251,"column":12},"end":{"line":251,"column":18}},"115":{"start":{"line":253,"column":12},"end":{"line":253,"column":143}},"116":{"start":{"line":254,"column":12},"end":{"line":254,"column":18}},"117":{"start":{"line":256,"column":12},"end":{"line":256,"column":141}},"118":{"start":{"line":257,"column":12},"end":{"line":257,"column":18}},"119":{"start":{"line":259,"column":12},"end":{"line":259,"column":141}},"120":{"start":{"line":261,"column":12},"end":{"line":261,"column":141}},"121":{"start":{"line":264,"column":4},"end":{"line":264,"column":44}},"122":{"start":{"line":270,"column":0},"end":{"line":274,"column":1}},"123":{"start":{"line":271,"column":4},"end":{"line":271,"column":37}},"124":{"start":{"line":272,"column":4},"end":{"line":272,"column":32}},"125":{"start":{"line":273,"column":4},"end":{"line":273,"column":28}},"126":{"start":{"line":277,"column":0},"end":{"line":277,"column":23}}},"fnMap":{"0":{"name":"timer","decl":{"start":{"line":21,"column":9},"end":{"line":21,"column":14}},"loc":{"start":{"line":35,"column":2},"end":{"line":64,"column":1}},"line":35},"1":{"name":"(anonymous_1)","decl":{"start":{"line":70,"column":24},"end":{"line":70,"column":25}},"loc":{"start":{"line":70,"column":49},"end":{"line":94,"column":1}},"line":70},"2":{"name":"(anonymous_2)","decl":{"start":{"line":100,"column":23},"end":{"line":100,"column":24}},"loc":{"start":{"line":100,"column":48},"end":{"line":119,"column":1}},"line":100},"3":{"name":"(anonymous_3)","decl":{"start":{"line":125,"column":24},"end":{"line":125,"column":25}},"loc":{"start":{"line":125,"column":49},"end":{"line":139,"column":1}},"line":125},"4":{"name":"(anonymous_4)","decl":{"start":{"line":144,"column":28},"end":{"line":144,"column":29}},"loc":{"start":{"line":144,"column":40},"end":{"line":160,"column":1}},"line":144},"5":{"name":"timerPad","decl":{"start":{"line":145,"column":13},"end":{"line":145,"column":21}},"loc":{"start":{"line":145,"column":34},"end":{"line":147,"column":5}},"line":145},"6":{"name":"(anonymous_6)","decl":{"start":{"line":165,"column":27},"end":{"line":165,"column":28}},"loc":{"start":{"line":165,"column":38},"end":{"line":172,"column":1}},"line":165},"7":{"name":"(anonymous_7)","decl":{"start":{"line":177,"column":31},"end":{"line":177,"column":32}},"loc":{"start":{"line":177,"column":43},"end":{"line":197,"column":1}},"line":177},"8":{"name":"(anonymous_8)","decl":{"start":{"line":202,"column":34},"end":{"line":202,"column":35}},"loc":{"start":{"line":202,"column":46},"end":{"line":214,"column":1}},"line":202},"9":{"name":"(anonymous_9)","decl":{"start":{"line":219,"column":33},"end":{"line":219,"column":34}},"loc":{"start":{"line":219,"column":45},"end":{"line":231,"column":1}},"line":219},"10":{"name":"(anonymous_10)","decl":{"start":{"line":243,"column":35},"end":{"line":243,"column":36}},"loc":{"start":{"line":243,"column":47},"end":{"line":265,"column":1}},"line":243},"11":{"name":"(anonymous_11)","decl":{"start":{"line":270,"column":30},"end":{"line":270,"column":31}},"loc":{"start":{"line":270,"column":50},"end":{"line":274,"column":1}},"line":270}},"branchMap":{"0":{"loc":{"start":{"line":29,"column":4},"end":{"line":29,"column":17}},"type":"default-arg","locations":[{"start":{"line":29,"column":15},"end":{"line":29,"column":17}}],"line":29},"1":{"loc":{"start":{"line":30,"column":4},"end":{"line":30,"column":22}},"type":"default-arg","locations":[{"start":{"line":30,"column":21},"end":{"line":30,"column":22}}],"line":30},"2":{"loc":{"start":{"line":31,"column":4},"end":{"line":31,"column":22}},"type":"default-arg","locations":[{"start":{"line":31,"column":20},"end":{"line":31,"column":22}}],"line":31},"3":{"loc":{"start":{"line":32,"column":4},"end":{"line":32,"column":25}},"type":"default-arg","locations":[{"start":{"line":32,"column":24},"end":{"line":32,"column":25}}],"line":32},"4":{"loc":{"start":{"line":33,"column":4},"end":{"line":33,"column":23}},"type":"default-arg","locations":[{"start":{"line":33,"column":19},"end":{"line":33,"column":23}}],"line":33},"5":{"loc":{"start":{"line":34,"column":4},"end":{"line":34,"column":25}},"type":"default-arg","locations":[{"start":{"line":34,"column":21},"end":{"line":34,"column":25}}],"line":34},"6":{"loc":{"start":{"line":70,"column":34},"end":{"line":70,"column":47}},"type":"default-arg","locations":[{"start":{"line":70,"column":42},"end":{"line":70,"column":47}}],"line":70},"7":{"loc":{"start":{"line":71,"column":4},"end":{"line":71,"column":59}},"type":"if","locations":[{"start":{"line":71,"column":4},"end":{"line":71,"column":59}},{"start":{"line":71,"column":4},"end":{"line":71,"column":59}}],"line":71},"8":{"loc":{"start":{"line":71,"column":8},"end":{"line":71,"column":41}},"type":"binary-expr","locations":[{"start":{"line":71,"column":8},"end":{"line":71,"column":13}},{"start":{"line":71,"column":17},"end":{"line":71,"column":41}}],"line":71},"9":{"loc":{"start":{"line":87,"column":4},"end":{"line":93,"column":5}},"type":"if","locations":[{"start":{"line":87,"column":4},"end":{"line":93,"column":5}},{"start":{"line":87,"column":4},"end":{"line":93,"column":5}}],"line":87},"10":{"loc":{"start":{"line":100,"column":33},"end":{"line":100,"column":46}},"type":"default-arg","locations":[{"start":{"line":100,"column":41},"end":{"line":100,"column":46}}],"line":100},"11":{"loc":{"start":{"line":101,"column":4},"end":{"line":101,"column":68}},"type":"if","locations":[{"start":{"line":101,"column":4},"end":{"line":101,"column":68}},{"start":{"line":101,"column":4},"end":{"line":101,"column":68}}],"line":101},"12":{"loc":{"start":{"line":105,"column":4},"end":{"line":118,"column":5}},"type":"if","locations":[{"start":{"line":105,"column":4},"end":{"line":118,"column":5}},{"start":{"line":105,"column":4},"end":{"line":118,"column":5}}],"line":105},"13":{"loc":{"start":{"line":109,"column":11},"end":{"line":118,"column":5}},"type":"if","locations":[{"start":{"line":109,"column":11},"end":{"line":118,"column":5}},{"start":{"line":109,"column":11},"end":{"line":118,"column":5}}],"line":109},"14":{"loc":{"start":{"line":109,"column":15},"end":{"line":109,"column":81}},"type":"binary-expr","locations":[{"start":{"line":109,"column":15},"end":{"line":109,"column":35}},{"start":{"line":109,"column":39},"end":{"line":109,"column":81}}],"line":109},"15":{"loc":{"start":{"line":112,"column":11},"end":{"line":118,"column":5}},"type":"if","locations":[{"start":{"line":112,"column":11},"end":{"line":118,"column":5}},{"start":{"line":112,"column":11},"end":{"line":118,"column":5}}],"line":112},"16":{"loc":{"start":{"line":115,"column":11},"end":{"line":118,"column":5}},"type":"if","locations":[{"start":{"line":115,"column":11},"end":{"line":118,"column":5}},{"start":{"line":115,"column":11},"end":{"line":118,"column":5}}],"line":115},"17":{"loc":{"start":{"line":115,"column":15},"end":{"line":115,"column":72}},"type":"binary-expr","locations":[{"start":{"line":115,"column":15},"end":{"line":115,"column":42}},{"start":{"line":115,"column":46},"end":{"line":115,"column":72}}],"line":115},"18":{"loc":{"start":{"line":156,"column":4},"end":{"line":159,"column":5}},"type":"if","locations":[{"start":{"line":156,"column":4},"end":{"line":159,"column":5}},{"start":{"line":156,"column":4},"end":{"line":159,"column":5}}],"line":156},"19":{"loc":{"start":{"line":156,"column":8},"end":{"line":156,"column":46}},"type":"binary-expr","locations":[{"start":{"line":156,"column":8},"end":{"line":156,"column":25}},{"start":{"line":156,"column":29},"end":{"line":156,"column":46}}],"line":156},"20":{"loc":{"start":{"line":166,"column":4},"end":{"line":169,"column":5}},"type":"if","locations":[{"start":{"line":166,"column":4},"end":{"line":169,"column":5}},{"start":{"line":166,"column":4},"end":{"line":169,"column":5}}],"line":166},"21":{"loc":{"start":{"line":190,"column":4},"end":{"line":192,"column":5}},"type":"if","locations":[{"start":{"line":190,"column":4},"end":{"line":192,"column":5}},{"start":{"line":190,"column":4},"end":{"line":192,"column":5}}],"line":190},"22":{"loc":{"start":{"line":194,"column":4},"end":{"line":196,"column":5}},"type":"if","locations":[{"start":{"line":194,"column":4},"end":{"line":196,"column":5}},{"start":{"line":194,"column":4},"end":{"line":196,"column":5}}],"line":194},"23":{"loc":{"start":{"line":208,"column":4},"end":{"line":210,"column":5}},"type":"if","locations":[{"start":{"line":208,"column":4},"end":{"line":210,"column":5}},{"start":{"line":208,"column":4},"end":{"line":210,"column":5}}],"line":208},"24":{"loc":{"start":{"line":225,"column":4},"end":{"line":227,"column":5}},"type":"if","locations":[{"start":{"line":225,"column":4},"end":{"line":227,"column":5}},{"start":{"line":225,"column":4},"end":{"line":227,"column":5}}],"line":225},"25":{"loc":{"start":{"line":245,"column":4},"end":{"line":262,"column":5}},"type":"switch","locations":[{"start":{"line":246,"column":8},"end":{"line":248,"column":18}},{"start":{"line":249,"column":8},"end":{"line":251,"column":18}},{"start":{"line":252,"column":8},"end":{"line":254,"column":18}},{"start":{"line":255,"column":8},"end":{"line":257,"column":18}},{"start":{"line":258,"column":8},"end":{"line":259,"column":141}},{"start":{"line":260,"column":8},"end":{"line":261,"column":141}}],"line":245}},"s":{"0":1,"1":1,"2":6,"3":6,"4":6,"5":6,"6":6,"7":6,"8":6,"9":6,"10":6,"11":6,"12":6,"13":6,"14":6,"15":6,"16":6,"17":6,"18":6,"19":6,"20":6,"21":6,"22":6,"23":1,"24":41,"25":0,"26":41,"27":41,"28":41,"29":41,"30":41,"31":41,"32":41,"33":41,"34":41,"35":41,"36":0,"37":0,"38":0,"39":0,"40":0,"41":1,"42":41,"43":41,"44":41,"45":1,"46":1,"47":1,"48":40,"49":4,"50":4,"51":36,"52":16,"53":16,"54":20,"55":20,"56":20,"57":1,"58":45,"59":45,"60":45,"61":45,"62":45,"63":45,"64":45,"65":45,"66":45,"67":1,"68":155178,"69":77589,"70":77589,"71":77589,"72":77589,"73":77589,"74":77589,"75":40,"76":40,"77":1,"78":30353,"79":1,"80":1,"81":30352,"82":1,"83":25,"84":25,"85":25,"86":25,"87":25,"88":25,"89":25,"90":25,"91":25,"92":25,"93":1,"94":16,"95":16,"96":16,"97":16,"98":16,"99":16,"100":16,"101":1,"102":4,"103":4,"104":4,"105":4,"106":4,"107":4,"108":4,"109":1,"110":46,"111":25,"112":25,"113":16,"114":16,"115":4,"116":4,"117":1,"118":1,"119":0,"120":0,"121":46,"122":1,"123":0,"124":0,"125":0,"126":1},"f":{"0":6,"1":41,"2":41,"3":45,"4":77589,"5":155178,"6":30353,"7":25,"8":16,"9":4,"10":46,"11":0},"b":{"0":[6],"1":[6],"2":[6],"3":[6],"4":[6],"5":[6],"6":[41],"7":[0,41],"8":[41,0],"9":[0,41],"10":[40],"11":[41,0],"12":[1,40],"13":[4,36],"14":[40,20],"15":[16,20],"16":[20,0],"17":[20,4],"18":[40,77549],"19":[77589,4760],"20":[1,30352],"21":[25,0],"22":[25,0],"23":[16,0],"24":[4,0],"25":[25,16,4,1,0,0]},"_coverageSchema":"1a1c01bbd47fc00a2c39e90264f33305004495a9","hash":"0d56207ce46ba7b486be145b77e30709b1f8057e"}
}
