{"C:\\Users\\Kevin Cao\\Desktop\\UCSD\\ACADEMICS\\WI21\\CSE 110\\cse110-w21-group5\\source\\js\\pomodoro.js": {"path":"C:\\Users\\Kevin Cao\\Desktop\\UCSD\\ACADEMICS\\WI21\\CSE 110\\cse110-w21-group5\\source\\js\\pomodoro.js","statementMap":{"0":{"start":{"line":7,"column":4},"end":{"line":20,"column":5}},"1":{"start":{"line":9,"column":12},"end":{"line":9,"column":26}},"2":{"start":{"line":11,"column":12},"end":{"line":11,"column":33}},"3":{"start":{"line":13,"column":12},"end":{"line":13,"column":32}},"4":{"start":{"line":15,"column":12},"end":{"line":15,"column":29}},"5":{"start":{"line":17,"column":12},"end":{"line":17,"column":27}},"6":{"start":{"line":19,"column":12},"end":{"line":19,"column":29}},"7":{"start":{"line":23,"column":0},"end":{"line":26,"column":1}},"8":{"start":{"line":24,"column":4},"end":{"line":24,"column":25}},"9":{"start":{"line":25,"column":4},"end":{"line":25,"column":21}},"10":{"start":{"line":30,"column":19},"end":{"line":30,"column":51}},"11":{"start":{"line":31,"column":18},"end":{"line":31,"column":49}},"12":{"start":{"line":32,"column":19},"end":{"line":32,"column":51}},"13":{"start":{"line":35,"column":22},"end":{"line":35,"column":53}},"14":{"start":{"line":36,"column":25},"end":{"line":36,"column":67}},"15":{"start":{"line":37,"column":23},"end":{"line":37,"column":63}},"16":{"start":{"line":38,"column":23},"end":{"line":38,"column":63}},"17":{"start":{"line":39,"column":22},"end":{"line":39,"column":68}},"18":{"start":{"line":40,"column":23},"end":{"line":40,"column":69}},"19":{"start":{"line":41,"column":18},"end":{"line":41,"column":56}},"20":{"start":{"line":42,"column":20},"end":{"line":42,"column":60}},"21":{"start":{"line":45,"column":20},"end":{"line":45,"column":56}},"22":{"start":{"line":46,"column":22},"end":{"line":46,"column":61}},"23":{"start":{"line":47,"column":22},"end":{"line":47,"column":61}},"24":{"start":{"line":48,"column":21},"end":{"line":48,"column":59}},"25":{"start":{"line":49,"column":22},"end":{"line":49,"column":61}},"26":{"start":{"line":50,"column":24},"end":{"line":50,"column":66}},"27":{"start":{"line":51,"column":26},"end":{"line":51,"column":70}},"28":{"start":{"line":52,"column":20},"end":{"line":52,"column":57}},"29":{"start":{"line":53,"column":25},"end":{"line":53,"column":70}},"30":{"start":{"line":54,"column":26},"end":{"line":54,"column":70}},"31":{"start":{"line":55,"column":22},"end":{"line":55,"column":61}},"32":{"start":{"line":58,"column":18},"end":{"line":58,"column":53}},"33":{"start":{"line":59,"column":24},"end":{"line":59,"column":65}},"34":{"start":{"line":60,"column":24},"end":{"line":60,"column":65}},"35":{"start":{"line":61,"column":29},"end":{"line":61,"column":76}},"36":{"start":{"line":62,"column":26},"end":{"line":62,"column":70}},"37":{"start":{"line":63,"column":29},"end":{"line":63,"column":76}},"38":{"start":{"line":64,"column":21},"end":{"line":64,"column":59}},"39":{"start":{"line":67,"column":20},"end":{"line":67,"column":57}},"40":{"start":{"line":68,"column":22},"end":{"line":68,"column":61}},"41":{"start":{"line":69,"column":21},"end":{"line":69,"column":59}},"42":{"start":{"line":70,"column":22},"end":{"line":70,"column":61}},"43":{"start":{"line":71,"column":22},"end":{"line":71,"column":61}},"44":{"start":{"line":74,"column":31},"end":{"line":74,"column":79}},"45":{"start":{"line":75,"column":19},"end":{"line":75,"column":55}},"46":{"start":{"line":76,"column":24},"end":{"line":76,"column":66}},"47":{"start":{"line":77,"column":22},"end":{"line":77,"column":60}},"48":{"start":{"line":78,"column":17},"end":{"line":78,"column":51}},"49":{"start":{"line":81,"column":4},"end":{"line":81,"column":90}},"50":{"start":{"line":81,"column":52},"end":{"line":81,"column":90}},"51":{"start":{"line":82,"column":4},"end":{"line":82,"column":93}},"52":{"start":{"line":82,"column":54},"end":{"line":82,"column":93}},"53":{"start":{"line":83,"column":4},"end":{"line":83,"column":92}},"54":{"start":{"line":83,"column":53},"end":{"line":83,"column":92}},"55":{"start":{"line":84,"column":4},"end":{"line":84,"column":93}},"56":{"start":{"line":84,"column":54},"end":{"line":84,"column":93}},"57":{"start":{"line":87,"column":4},"end":{"line":87,"column":56}},"58":{"start":{"line":88,"column":4},"end":{"line":88,"column":60}},"59":{"start":{"line":89,"column":4},"end":{"line":89,"column":58}},"60":{"start":{"line":90,"column":4},"end":{"line":90,"column":60}},"61":{"start":{"line":93,"column":4},"end":{"line":101,"column":7}},"62":{"start":{"line":94,"column":8},"end":{"line":94,"column":27}},"63":{"start":{"line":95,"column":8},"end":{"line":100,"column":9}},"64":{"start":{"line":96,"column":12},"end":{"line":96,"column":63}},"65":{"start":{"line":97,"column":12},"end":{"line":97,"column":67}},"66":{"start":{"line":98,"column":12},"end":{"line":98,"column":65}},"67":{"start":{"line":99,"column":12},"end":{"line":99,"column":67}},"68":{"start":{"line":104,"column":4},"end":{"line":116,"column":6}},"69":{"start":{"line":118,"column":4},"end":{"line":118,"column":28}},"70":{"start":{"line":120,"column":4},"end":{"line":139,"column":7}},"71":{"start":{"line":121,"column":22},"end":{"line":121,"column":54}},"72":{"start":{"line":122,"column":8},"end":{"line":122,"column":27}},"73":{"start":{"line":123,"column":8},"end":{"line":138,"column":9}},"74":{"start":{"line":125,"column":16},"end":{"line":125,"column":47}},"75":{"start":{"line":125,"column":30},"end":{"line":125,"column":47}},"76":{"start":{"line":126,"column":16},"end":{"line":126,"column":22}},"77":{"start":{"line":128,"column":16},"end":{"line":128,"column":45}},"78":{"start":{"line":128,"column":29},"end":{"line":128,"column":45}},"79":{"start":{"line":129,"column":16},"end":{"line":129,"column":22}},"80":{"start":{"line":131,"column":16},"end":{"line":131,"column":46}},"81":{"start":{"line":131,"column":29},"end":{"line":131,"column":46}},"82":{"start":{"line":132,"column":16},"end":{"line":132,"column":22}},"83":{"start":{"line":134,"column":16},"end":{"line":134,"column":34}},"84":{"start":{"line":135,"column":16},"end":{"line":135,"column":22}},"85":{"start":{"line":137,"column":16},"end":{"line":137,"column":22}},"86":{"start":{"line":141,"column":4},"end":{"line":152,"column":7}},"87":{"start":{"line":143,"column":8},"end":{"line":143,"column":75}},"88":{"start":{"line":144,"column":8},"end":{"line":144,"column":83}},"89":{"start":{"line":145,"column":8},"end":{"line":145,"column":81}},"90":{"start":{"line":146,"column":8},"end":{"line":146,"column":86}},"91":{"start":{"line":148,"column":8},"end":{"line":148,"column":35}},"92":{"start":{"line":149,"column":8},"end":{"line":149,"column":40}},"93":{"start":{"line":150,"column":8},"end":{"line":150,"column":40}},"94":{"start":{"line":151,"column":8},"end":{"line":151,"column":41}},"95":{"start":{"line":154,"column":4},"end":{"line":161,"column":7}},"96":{"start":{"line":156,"column":8},"end":{"line":159,"column":46}},"97":{"start":{"line":157,"column":12},"end":{"line":157,"column":45}},"98":{"start":{"line":159,"column":12},"end":{"line":159,"column":46}},"99":{"start":{"line":163,"column":4},"end":{"line":165,"column":7}},"100":{"start":{"line":164,"column":8},"end":{"line":164,"column":39}},"101":{"start":{"line":167,"column":4},"end":{"line":170,"column":7}},"102":{"start":{"line":168,"column":8},"end":{"line":168,"column":42}},"103":{"start":{"line":169,"column":8},"end":{"line":169,"column":42}},"104":{"start":{"line":172,"column":4},"end":{"line":174,"column":7}},"105":{"start":{"line":173,"column":8},"end":{"line":173,"column":42}},"106":{"start":{"line":176,"column":4},"end":{"line":183,"column":7}},"107":{"start":{"line":177,"column":8},"end":{"line":177,"column":32}},"108":{"start":{"line":180,"column":8},"end":{"line":180,"column":41}},"109":{"start":{"line":181,"column":8},"end":{"line":181,"column":39}},"110":{"start":{"line":182,"column":8},"end":{"line":182,"column":40}},"111":{"start":{"line":185,"column":4},"end":{"line":187,"column":7}},"112":{"start":{"line":186,"column":8},"end":{"line":186,"column":44}},"113":{"start":{"line":189,"column":4},"end":{"line":192,"column":7}},"114":{"start":{"line":190,"column":8},"end":{"line":190,"column":47}},"115":{"start":{"line":191,"column":8},"end":{"line":191,"column":44}},"116":{"start":{"line":194,"column":4},"end":{"line":202,"column":7}},"117":{"start":{"line":195,"column":8},"end":{"line":201,"column":9}},"118":{"start":{"line":196,"column":12},"end":{"line":196,"column":44}},"119":{"start":{"line":197,"column":12},"end":{"line":197,"column":52}},"120":{"start":{"line":199,"column":12},"end":{"line":199,"column":44}},"121":{"start":{"line":200,"column":12},"end":{"line":200,"column":53}},"122":{"start":{"line":204,"column":4},"end":{"line":207,"column":7}},"123":{"start":{"line":205,"column":8},"end":{"line":205,"column":42}},"124":{"start":{"line":206,"column":8},"end":{"line":206,"column":31}},"125":{"start":{"line":209,"column":4},"end":{"line":220,"column":7}},"126":{"start":{"line":210,"column":8},"end":{"line":219,"column":9}},"127":{"start":{"line":211,"column":12},"end":{"line":215,"column":15}},"128":{"start":{"line":216,"column":12},"end":{"line":216,"column":49}},"129":{"start":{"line":218,"column":12},"end":{"line":218,"column":50}},"130":{"start":{"line":222,"column":4},"end":{"line":224,"column":7}},"131":{"start":{"line":223,"column":8},"end":{"line":223,"column":45}},"132":{"start":{"line":226,"column":4},"end":{"line":228,"column":7}},"133":{"start":{"line":227,"column":8},"end":{"line":227,"column":43}},"134":{"start":{"line":230,"column":4},"end":{"line":232,"column":7}},"135":{"start":{"line":231,"column":8},"end":{"line":231,"column":47}},"136":{"start":{"line":234,"column":4},"end":{"line":236,"column":7}},"137":{"start":{"line":235,"column":8},"end":{"line":235,"column":47}},"138":{"start":{"line":238,"column":4},"end":{"line":240,"column":7}},"139":{"start":{"line":239,"column":8},"end":{"line":239,"column":47}},"140":{"start":{"line":242,"column":4},"end":{"line":255,"column":7}},"141":{"start":{"line":243,"column":28},"end":{"line":243,"column":67}},"142":{"start":{"line":245,"column":8},"end":{"line":254,"column":9}},"143":{"start":{"line":246,"column":12},"end":{"line":250,"column":15}},"144":{"start":{"line":251,"column":12},"end":{"line":251,"column":47}},"145":{"start":{"line":253,"column":12},"end":{"line":253,"column":50}},"146":{"start":{"line":258,"column":4},"end":{"line":260,"column":7}},"147":{"start":{"line":258,"column":53},"end":{"line":260,"column":5}},"148":{"start":{"line":259,"column":8},"end":{"line":259,"column":28}},"149":{"start":{"line":268,"column":4},"end":{"line":268,"column":60}},"150":{"start":{"line":269,"column":4},"end":{"line":273,"column":7}},"151":{"start":{"line":274,"column":21},"end":{"line":274,"column":37}},"152":{"start":{"line":275,"column":4},"end":{"line":275,"column":60}},"153":{"start":{"line":276,"column":4},"end":{"line":279,"column":7}},"154":{"start":{"line":282,"column":0},"end":{"line":286,"column":1}}},"fnMap":{"0":{"name":"convertStatusTextToState","decl":{"start":{"line":6,"column":9},"end":{"line":6,"column":33}},"loc":{"start":{"line":6,"column":46},"end":{"line":21,"column":1}},"line":6},"1":{"name":"(anonymous_1)","decl":{"start":{"line":23,"column":16},"end":{"line":23,"column":17}},"loc":{"start":{"line":23,"column":28},"end":{"line":26,"column":1}},"line":23},"2":{"name":"initializePage","decl":{"start":{"line":28,"column":9},"end":{"line":28,"column":23}},"loc":{"start":{"line":28,"column":26},"end":{"line":261,"column":1}},"line":28},"3":{"name":"(anonymous_3)","decl":{"start":{"line":93,"column":42},"end":{"line":93,"column":43}},"loc":{"start":{"line":93,"column":47},"end":{"line":101,"column":5}},"line":93},"4":{"name":"(anonymous_4)","decl":{"start":{"line":120,"column":40},"end":{"line":120,"column":41}},"loc":{"start":{"line":120,"column":45},"end":{"line":139,"column":5}},"line":120},"5":{"name":"(anonymous_5)","decl":{"start":{"line":141,"column":39},"end":{"line":141,"column":40}},"loc":{"start":{"line":141,"column":44},"end":{"line":152,"column":5}},"line":141},"6":{"name":"(anonymous_6)","decl":{"start":{"line":154,"column":38},"end":{"line":154,"column":39}},"loc":{"start":{"line":154,"column":43},"end":{"line":161,"column":5}},"line":154},"7":{"name":"(anonymous_7)","decl":{"start":{"line":163,"column":38},"end":{"line":163,"column":39}},"loc":{"start":{"line":163,"column":43},"end":{"line":165,"column":5}},"line":163},"8":{"name":"(anonymous_8)","decl":{"start":{"line":167,"column":37},"end":{"line":167,"column":38}},"loc":{"start":{"line":167,"column":42},"end":{"line":170,"column":5}},"line":167},"9":{"name":"(anonymous_9)","decl":{"start":{"line":172,"column":44},"end":{"line":172,"column":45}},"loc":{"start":{"line":172,"column":49},"end":{"line":174,"column":5}},"line":172},"10":{"name":"(anonymous_10)","decl":{"start":{"line":176,"column":39},"end":{"line":176,"column":40}},"loc":{"start":{"line":176,"column":44},"end":{"line":183,"column":5}},"line":176},"11":{"name":"(anonymous_11)","decl":{"start":{"line":185,"column":38},"end":{"line":185,"column":39}},"loc":{"start":{"line":185,"column":44},"end":{"line":187,"column":5}},"line":185},"12":{"name":"(anonymous_12)","decl":{"start":{"line":189,"column":46},"end":{"line":189,"column":47}},"loc":{"start":{"line":189,"column":52},"end":{"line":192,"column":5}},"line":189},"13":{"name":"(anonymous_13)","decl":{"start":{"line":194,"column":40},"end":{"line":194,"column":41}},"loc":{"start":{"line":194,"column":46},"end":{"line":202,"column":5}},"line":194},"14":{"name":"(anonymous_14)","decl":{"start":{"line":204,"column":41},"end":{"line":204,"column":42}},"loc":{"start":{"line":204,"column":47},"end":{"line":207,"column":5}},"line":204},"15":{"name":"(anonymous_15)","decl":{"start":{"line":209,"column":44},"end":{"line":209,"column":45}},"loc":{"start":{"line":209,"column":50},"end":{"line":220,"column":5}},"line":209},"16":{"name":"(anonymous_16)","decl":{"start":{"line":222,"column":46},"end":{"line":222,"column":47}},"loc":{"start":{"line":222,"column":52},"end":{"line":224,"column":5}},"line":222},"17":{"name":"(anonymous_17)","decl":{"start":{"line":226,"column":45},"end":{"line":226,"column":46}},"loc":{"start":{"line":226,"column":51},"end":{"line":228,"column":5}},"line":226},"18":{"name":"(anonymous_18)","decl":{"start":{"line":230,"column":49},"end":{"line":230,"column":50}},"loc":{"start":{"line":230,"column":55},"end":{"line":232,"column":5}},"line":230},"19":{"name":"(anonymous_19)","decl":{"start":{"line":234,"column":49},"end":{"line":234,"column":50}},"loc":{"start":{"line":234,"column":55},"end":{"line":236,"column":5}},"line":234},"20":{"name":"(anonymous_20)","decl":{"start":{"line":238,"column":41},"end":{"line":238,"column":42}},"loc":{"start":{"line":238,"column":47},"end":{"line":240,"column":5}},"line":238},"21":{"name":"(anonymous_21)","decl":{"start":{"line":242,"column":42},"end":{"line":242,"column":43}},"loc":{"start":{"line":242,"column":48},"end":{"line":255,"column":5}},"line":242},"22":{"name":"(anonymous_22)","decl":{"start":{"line":258,"column":47},"end":{"line":258,"column":48}},"loc":{"start":{"line":258,"column":53},"end":{"line":260,"column":5}},"line":258},"23":{"name":"(anonymous_23)","decl":{"start":{"line":258,"column":69},"end":{"line":258,"column":70}},"loc":{"start":{"line":258,"column":82},"end":{"line":260,"column":5}},"line":258},"24":{"name":"changeProject","decl":{"start":{"line":267,"column":9},"end":{"line":267,"column":22}},"loc":{"start":{"line":267,"column":29},"end":{"line":280,"column":1}},"line":267}},"branchMap":{"0":{"loc":{"start":{"line":7,"column":4},"end":{"line":20,"column":5}},"type":"switch","locations":[{"start":{"line":8,"column":8},"end":{"line":9,"column":26}},{"start":{"line":10,"column":8},"end":{"line":11,"column":33}},{"start":{"line":12,"column":8},"end":{"line":13,"column":32}},{"start":{"line":14,"column":8},"end":{"line":15,"column":29}},{"start":{"line":16,"column":8},"end":{"line":17,"column":27}},{"start":{"line":18,"column":8},"end":{"line":19,"column":29}}],"line":7},"1":{"loc":{"start":{"line":81,"column":4},"end":{"line":81,"column":90}},"type":"if","locations":[{"start":{"line":81,"column":4},"end":{"line":81,"column":90}},{"start":{"line":81,"column":4},"end":{"line":81,"column":90}}],"line":81},"2":{"loc":{"start":{"line":82,"column":4},"end":{"line":82,"column":93}},"type":"if","locations":[{"start":{"line":82,"column":4},"end":{"line":82,"column":93}},{"start":{"line":82,"column":4},"end":{"line":82,"column":93}}],"line":82},"3":{"loc":{"start":{"line":83,"column":4},"end":{"line":83,"column":92}},"type":"if","locations":[{"start":{"line":83,"column":4},"end":{"line":83,"column":92}},{"start":{"line":83,"column":4},"end":{"line":83,"column":92}}],"line":83},"4":{"loc":{"start":{"line":84,"column":4},"end":{"line":84,"column":93}},"type":"if","locations":[{"start":{"line":84,"column":4},"end":{"line":84,"column":93}},{"start":{"line":84,"column":4},"end":{"line":84,"column":93}}],"line":84},"5":{"loc":{"start":{"line":95,"column":8},"end":{"line":100,"column":9}},"type":"if","locations":[{"start":{"line":95,"column":8},"end":{"line":100,"column":9}},{"start":{"line":95,"column":8},"end":{"line":100,"column":9}}],"line":95},"6":{"loc":{"start":{"line":123,"column":8},"end":{"line":138,"column":9}},"type":"switch","locations":[{"start":{"line":124,"column":12},"end":{"line":126,"column":22}},{"start":{"line":127,"column":12},"end":{"line":129,"column":22}},{"start":{"line":130,"column":12},"end":{"line":132,"column":22}},{"start":{"line":133,"column":12},"end":{"line":135,"column":22}},{"start":{"line":136,"column":12},"end":{"line":137,"column":22}}],"line":123},"7":{"loc":{"start":{"line":125,"column":16},"end":{"line":125,"column":47}},"type":"if","locations":[{"start":{"line":125,"column":16},"end":{"line":125,"column":47}},{"start":{"line":125,"column":16},"end":{"line":125,"column":47}}],"line":125},"8":{"loc":{"start":{"line":128,"column":16},"end":{"line":128,"column":45}},"type":"if","locations":[{"start":{"line":128,"column":16},"end":{"line":128,"column":45}},{"start":{"line":128,"column":16},"end":{"line":128,"column":45}}],"line":128},"9":{"loc":{"start":{"line":131,"column":16},"end":{"line":131,"column":46}},"type":"if","locations":[{"start":{"line":131,"column":16},"end":{"line":131,"column":46}},{"start":{"line":131,"column":16},"end":{"line":131,"column":46}}],"line":131},"10":{"loc":{"start":{"line":156,"column":8},"end":{"line":159,"column":46}},"type":"if","locations":[{"start":{"line":156,"column":8},"end":{"line":159,"column":46}},{"start":{"line":156,"column":8},"end":{"line":159,"column":46}}],"line":156},"11":{"loc":{"start":{"line":195,"column":8},"end":{"line":201,"column":9}},"type":"if","locations":[{"start":{"line":195,"column":8},"end":{"line":201,"column":9}},{"start":{"line":195,"column":8},"end":{"line":201,"column":9}}],"line":195},"12":{"loc":{"start":{"line":195,"column":12},"end":{"line":195,"column":81}},"type":"binary-expr","locations":[{"start":{"line":195,"column":12},"end":{"line":195,"column":45}},{"start":{"line":195,"column":49},"end":{"line":195,"column":81}}],"line":195},"13":{"loc":{"start":{"line":210,"column":8},"end":{"line":219,"column":9}},"type":"if","locations":[{"start":{"line":210,"column":8},"end":{"line":219,"column":9}},{"start":{"line":210,"column":8},"end":{"line":219,"column":9}}],"line":210},"14":{"loc":{"start":{"line":245,"column":8},"end":{"line":254,"column":9}},"type":"if","locations":[{"start":{"line":245,"column":8},"end":{"line":254,"column":9}},{"start":{"line":245,"column":8},"end":{"line":254,"column":9}}],"line":245}},"s":{"0":6,"1":1,"2":1,"3":1,"4":1,"5":1,"6":1,"7":2,"8":2,"9":0,"10":0,"11":0,"12":0,"13":0,"14":0,"15":0,"16":0,"17":0,"18":0,"19":0,"20":0,"21":0,"22":0,"23":0,"24":0,"25":0,"26":0,"27":0,"28":0,"29":0,"30":0,"31":0,"32":0,"33":0,"34":0,"35":0,"36":0,"37":0,"38":0,"39":0,"40":0,"41":0,"42":0,"43":0,"44":0,"45":0,"46":0,"47":0,"48":0,"49":0,"50":0,"51":0,"52":0,"53":0,"54":0,"55":0,"56":0,"57":0,"58":0,"59":0,"60":0,"61":0,"62":0,"63":0,"64":0,"65":0,"66":0,"67":0,"68":0,"69":0,"70":0,"71":0,"72":0,"73":0,"74":0,"75":0,"76":0,"77":0,"78":0,"79":0,"80":0,"81":0,"82":0,"83":0,"84":0,"85":0,"86":0,"87":0,"88":0,"89":0,"90":0,"91":0,"92":0,"93":0,"94":0,"95":0,"96":0,"97":0,"98":0,"99":0,"100":0,"101":0,"102":0,"103":0,"104":0,"105":0,"106":0,"107":0,"108":0,"109":0,"110":0,"111":0,"112":0,"113":0,"114":0,"115":0,"116":0,"117":0,"118":0,"119":0,"120":0,"121":0,"122":0,"123":0,"124":0,"125":0,"126":0,"127":0,"128":0,"129":0,"130":0,"131":0,"132":0,"133":0,"134":0,"135":0,"136":0,"137":0,"138":0,"139":0,"140":0,"141":0,"142":0,"143":0,"144":0,"145":0,"146":0,"147":0,"148":0,"149":0,"150":0,"151":0,"152":0,"153":0,"154":2},"f":{"0":6,"1":2,"2":0,"3":0,"4":0,"5":0,"6":0,"7":0,"8":0,"9":0,"10":0,"11":0,"12":0,"13":0,"14":0,"15":0,"16":0,"17":0,"18":0,"19":0,"20":0,"21":0,"22":0,"23":0,"24":0},"b":{"0":[1,1,1,1,1,1],"1":[0,0],"2":[0,0],"3":[0,0],"4":[0,0],"5":[0,0],"6":[0,0,0,0,0],"7":[0,0],"8":[0,0],"9":[0,0],"10":[0,0],"11":[0,0],"12":[0,0],"13":[0,0],"14":[0,0]},"_coverageSchema":"1a1c01bbd47fc00a2c39e90264f33305004495a9","hash":"f437227513a202a3060f145f1f082af5bee109f4"}
,"C:\\Users\\Kevin Cao\\Desktop\\UCSD\\ACADEMICS\\WI21\\CSE 110\\cse110-w21-group5\\source\\js\\project.js": {"path":"C:\\Users\\Kevin Cao\\Desktop\\UCSD\\ACADEMICS\\WI21\\CSE 110\\cse110-w21-group5\\source\\js\\project.js","statementMap":{"0":{"start":{"line":5,"column":21},"end":{"line":5,"column":80}},"1":{"start":{"line":6,"column":4},"end":{"line":6,"column":52}},"2":{"start":{"line":7,"column":4},"end":{"line":7,"column":57}},"3":{"start":{"line":8,"column":4},"end":{"line":8,"column":49}},"4":{"start":{"line":15,"column":4},"end":{"line":15,"column":78}},"5":{"start":{"line":15,"column":53},"end":{"line":15,"column":78}},"6":{"start":{"line":16,"column":4},"end":{"line":16,"column":59}},"7":{"start":{"line":24,"column":4},"end":{"line":24,"column":78}},"8":{"start":{"line":24,"column":53},"end":{"line":24,"column":78}},"9":{"start":{"line":25,"column":4},"end":{"line":25,"column":98}},"10":{"start":{"line":25,"column":75},"end":{"line":25,"column":96}},"11":{"start":{"line":33,"column":4},"end":{"line":33,"column":78}},"12":{"start":{"line":33,"column":53},"end":{"line":33,"column":78}},"13":{"start":{"line":34,"column":22},"end":{"line":34,"column":69}},"14":{"start":{"line":35,"column":4},"end":{"line":43,"column":5}},"15":{"start":{"line":35,"column":30},"end":{"line":35,"column":53}},"16":{"start":{"line":36,"column":8},"end":{"line":36,"column":56}},"17":{"start":{"line":37,"column":8},"end":{"line":37,"column":21}},"18":{"start":{"line":39,"column":8},"end":{"line":39,"column":34}},"19":{"start":{"line":40,"column":8},"end":{"line":40,"column":73}},"20":{"start":{"line":41,"column":8},"end":{"line":41,"column":29}},"21":{"start":{"line":42,"column":8},"end":{"line":42,"column":20}},"22":{"start":{"line":51,"column":4},"end":{"line":54,"column":5}},"23":{"start":{"line":52,"column":8},"end":{"line":52,"column":33}},"24":{"start":{"line":53,"column":8},"end":{"line":53,"column":21}},"25":{"start":{"line":55,"column":22},"end":{"line":55,"column":69}},"26":{"start":{"line":56,"column":4},"end":{"line":56,"column":110}},"27":{"start":{"line":56,"column":85},"end":{"line":56,"column":106}},"28":{"start":{"line":57,"column":4},"end":{"line":57,"column":25}},"29":{"start":{"line":58,"column":4},"end":{"line":58,"column":16}},"30":{"start":{"line":67,"column":4},"end":{"line":67,"column":24}},"31":{"start":{"line":68,"column":4},"end":{"line":68,"column":28}},"32":{"start":{"line":76,"column":4},"end":{"line":76,"column":64}},"33":{"start":{"line":77,"column":4},"end":{"line":77,"column":83}},"34":{"start":{"line":78,"column":4},"end":{"line":78,"column":62}},"35":{"start":{"line":85,"column":4},"end":{"line":85,"column":78}},"36":{"start":{"line":85,"column":53},"end":{"line":85,"column":78}},"37":{"start":{"line":87,"column":26},"end":{"line":87,"column":65}},"38":{"start":{"line":88,"column":20},"end":{"line":88,"column":66}},"39":{"start":{"line":90,"column":4},"end":{"line":92,"column":5}},"40":{"start":{"line":91,"column":8},"end":{"line":91,"column":64}},"41":{"start":{"line":94,"column":22},"end":{"line":94,"column":69}},"42":{"start":{"line":95,"column":4},"end":{"line":104,"column":7}},"43":{"start":{"line":96,"column":26},"end":{"line":96,"column":54}},"44":{"start":{"line":97,"column":8},"end":{"line":102,"column":16}},"45":{"start":{"line":103,"column":8},"end":{"line":103,"column":61}},"46":{"start":{"line":111,"column":4},"end":{"line":111,"column":81}},"47":{"start":{"line":111,"column":56},"end":{"line":111,"column":81}},"48":{"start":{"line":112,"column":4},"end":{"line":112,"column":62}},"49":{"start":{"line":120,"column":4},"end":{"line":120,"column":81}},"50":{"start":{"line":120,"column":56},"end":{"line":120,"column":81}},"51":{"start":{"line":121,"column":25},"end":{"line":121,"column":75}},"52":{"start":{"line":122,"column":4},"end":{"line":122,"column":59}},"53":{"start":{"line":122,"column":36},"end":{"line":122,"column":59}},"54":{"start":{"line":123,"column":4},"end":{"line":123,"column":37}},"55":{"start":{"line":124,"column":4},"end":{"line":124,"column":75}},"56":{"start":{"line":125,"column":4},"end":{"line":125,"column":28}},"57":{"start":{"line":132,"column":4},"end":{"line":132,"column":81}},"58":{"start":{"line":132,"column":56},"end":{"line":132,"column":81}},"59":{"start":{"line":133,"column":25},"end":{"line":133,"column":75}},"60":{"start":{"line":134,"column":18},"end":{"line":134,"column":53}},"61":{"start":{"line":136,"column":4},"end":{"line":136,"column":27}},"62":{"start":{"line":138,"column":4},"end":{"line":142,"column":7}},"63":{"start":{"line":139,"column":30},"end":{"line":139,"column":58}},"64":{"start":{"line":140,"column":8},"end":{"line":140,"column":48}},"65":{"start":{"line":141,"column":8},"end":{"line":141,"column":45}},"66":{"start":{"line":146,"column":0},"end":{"line":157,"column":2}}},"fnMap":{"0":{"name":"initializeLocalStorage","decl":{"start":{"line":4,"column":9},"end":{"line":4,"column":31}},"loc":{"start":{"line":4,"column":34},"end":{"line":9,"column":1}},"line":4},"1":{"name":"getAllProjects","decl":{"start":{"line":14,"column":9},"end":{"line":14,"column":23}},"loc":{"start":{"line":14,"column":26},"end":{"line":17,"column":1}},"line":14},"2":{"name":"getProject","decl":{"start":{"line":23,"column":9},"end":{"line":23,"column":19}},"loc":{"start":{"line":23,"column":26},"end":{"line":26,"column":1}},"line":23},"3":{"name":"(anonymous_3)","decl":{"start":{"line":25,"column":64},"end":{"line":25,"column":65}},"loc":{"start":{"line":25,"column":75},"end":{"line":25,"column":96}},"line":25},"4":{"name":"createProject","decl":{"start":{"line":32,"column":9},"end":{"line":32,"column":22}},"loc":{"start":{"line":32,"column":32},"end":{"line":44,"column":1}},"line":32},"5":{"name":"(anonymous_5)","decl":{"start":{"line":35,"column":25},"end":{"line":35,"column":26}},"loc":{"start":{"line":35,"column":30},"end":{"line":35,"column":53}},"line":35},"6":{"name":"deleteProject","decl":{"start":{"line":50,"column":9},"end":{"line":50,"column":22}},"loc":{"start":{"line":50,"column":29},"end":{"line":59,"column":1}},"line":50},"7":{"name":"(anonymous_7)","decl":{"start":{"line":56,"column":74},"end":{"line":56,"column":75}},"loc":{"start":{"line":56,"column":85},"end":{"line":56,"column":106}},"line":56},"8":{"name":"updateProject","decl":{"start":{"line":66,"column":9},"end":{"line":66,"column":22}},"loc":{"start":{"line":66,"column":39},"end":{"line":69,"column":1}},"line":66},"9":{"name":"editProject","decl":{"start":{"line":75,"column":9},"end":{"line":75,"column":20}},"loc":{"start":{"line":75,"column":27},"end":{"line":79,"column":1}},"line":75},"10":{"name":"refreshProjectList","decl":{"start":{"line":84,"column":9},"end":{"line":84,"column":27}},"loc":{"start":{"line":84,"column":30},"end":{"line":105,"column":1}},"line":84},"11":{"name":"(anonymous_11)","decl":{"start":{"line":95,"column":24},"end":{"line":95,"column":25}},"loc":{"start":{"line":95,"column":37},"end":{"line":104,"column":5}},"line":95},"12":{"name":"getAllDistractions","decl":{"start":{"line":110,"column":9},"end":{"line":110,"column":27}},"loc":{"start":{"line":110,"column":30},"end":{"line":113,"column":1}},"line":110},"13":{"name":"logDistraction","decl":{"start":{"line":119,"column":9},"end":{"line":119,"column":23}},"loc":{"start":{"line":119,"column":37},"end":{"line":126,"column":1}},"line":119},"14":{"name":"refreshDistractionLog","decl":{"start":{"line":131,"column":9},"end":{"line":131,"column":30}},"loc":{"start":{"line":131,"column":33},"end":{"line":143,"column":1}},"line":131},"15":{"name":"(anonymous_15)","decl":{"start":{"line":138,"column":27},"end":{"line":138,"column":28}},"loc":{"start":{"line":138,"column":44},"end":{"line":142,"column":5}},"line":138}},"branchMap":{"0":{"loc":{"start":{"line":15,"column":4},"end":{"line":15,"column":78}},"type":"if","locations":[{"start":{"line":15,"column":4},"end":{"line":15,"column":78}},{"start":{"line":15,"column":4},"end":{"line":15,"column":78}}],"line":15},"1":{"loc":{"start":{"line":24,"column":4},"end":{"line":24,"column":78}},"type":"if","locations":[{"start":{"line":24,"column":4},"end":{"line":24,"column":78}},{"start":{"line":24,"column":4},"end":{"line":24,"column":78}}],"line":24},"2":{"loc":{"start":{"line":33,"column":4},"end":{"line":33,"column":78}},"type":"if","locations":[{"start":{"line":33,"column":4},"end":{"line":33,"column":78}},{"start":{"line":33,"column":4},"end":{"line":33,"column":78}}],"line":33},"3":{"loc":{"start":{"line":35,"column":4},"end":{"line":43,"column":5}},"type":"if","locations":[{"start":{"line":35,"column":4},"end":{"line":43,"column":5}},{"start":{"line":35,"column":4},"end":{"line":43,"column":5}}],"line":35},"4":{"loc":{"start":{"line":51,"column":4},"end":{"line":54,"column":5}},"type":"if","locations":[{"start":{"line":51,"column":4},"end":{"line":54,"column":5}},{"start":{"line":51,"column":4},"end":{"line":54,"column":5}}],"line":51},"5":{"loc":{"start":{"line":85,"column":4},"end":{"line":85,"column":78}},"type":"if","locations":[{"start":{"line":85,"column":4},"end":{"line":85,"column":78}},{"start":{"line":85,"column":4},"end":{"line":85,"column":78}}],"line":85},"6":{"loc":{"start":{"line":111,"column":4},"end":{"line":111,"column":81}},"type":"if","locations":[{"start":{"line":111,"column":4},"end":{"line":111,"column":81}},{"start":{"line":111,"column":4},"end":{"line":111,"column":81}}],"line":111},"7":{"loc":{"start":{"line":120,"column":4},"end":{"line":120,"column":81}},"type":"if","locations":[{"start":{"line":120,"column":4},"end":{"line":120,"column":81}},{"start":{"line":120,"column":4},"end":{"line":120,"column":81}}],"line":120},"8":{"loc":{"start":{"line":122,"column":4},"end":{"line":122,"column":59}},"type":"if","locations":[{"start":{"line":122,"column":4},"end":{"line":122,"column":59}},{"start":{"line":122,"column":4},"end":{"line":122,"column":59}}],"line":122},"9":{"loc":{"start":{"line":132,"column":4},"end":{"line":132,"column":81}},"type":"if","locations":[{"start":{"line":132,"column":4},"end":{"line":132,"column":81}},{"start":{"line":132,"column":4},"end":{"line":132,"column":81}}],"line":132}},"s":{"0":7,"1":7,"2":7,"3":7,"4":2,"5":0,"6":2,"7":2,"8":0,"9":2,"10":4,"11":7,"12":0,"13":7,"14":7,"15":8,"16":1,"17":1,"18":6,"19":6,"20":6,"21":6,"22":2,"23":0,"24":0,"25":2,"26":2,"27":4,"28":2,"29":2,"30":1,"31":1,"32":1,"33":1,"34":1,"35":8,"36":0,"37":8,"38":8,"39":8,"40":10,"41":8,"42":8,"43":14,"44":14,"45":14,"46":3,"47":0,"48":3,"49":2,"50":0,"51":2,"52":2,"53":0,"54":2,"55":2,"56":2,"57":2,"58":0,"59":2,"60":2,"61":2,"62":2,"63":3,"64":3,"65":3,"66":2},"f":{"0":7,"1":2,"2":2,"3":4,"4":7,"5":8,"6":2,"7":4,"8":1,"9":1,"10":8,"11":14,"12":3,"13":2,"14":2,"15":3},"b":{"0":[0,2],"1":[0,2],"2":[0,7],"3":[1,6],"4":[0,2],"5":[0,8],"6":[0,3],"7":[0,2],"8":[0,2],"9":[0,2]},"_coverageSchema":"1a1c01bbd47fc00a2c39e90264f33305004495a9","hash":"00e1d958a4d8613db6f0b4992007e890000f7d5e"}
,"C:\\Users\\Kevin Cao\\Desktop\\UCSD\\ACADEMICS\\WI21\\CSE 110\\cse110-w21-group5\\source\\js\\timer.js": {"path":"C:\\Users\\Kevin Cao\\Desktop\\UCSD\\ACADEMICS\\WI21\\CSE 110\\cse110-w21-group5\\source\\js\\timer.js","statementMap":{"0":{"start":{"line":3,"column":20},"end":{"line":6,"column":1}},"1":{"start":{"line":30,"column":4},"end":{"line":30,"column":25}},"2":{"start":{"line":31,"column":4},"end":{"line":31,"column":21}},"3":{"start":{"line":34,"column":4},"end":{"line":34,"column":30}},"4":{"start":{"line":35,"column":4},"end":{"line":35,"column":33}},"5":{"start":{"line":36,"column":4},"end":{"line":36,"column":29}},"6":{"start":{"line":37,"column":4},"end":{"line":37,"column":41}},"7":{"start":{"line":38,"column":4},"end":{"line":38,"column":39}},"8":{"start":{"line":39,"column":4},"end":{"line":39,"column":47}},"9":{"start":{"line":42,"column":4},"end":{"line":42,"column":35}},"10":{"start":{"line":43,"column":4},"end":{"line":43,"column":41}},"11":{"start":{"line":44,"column":4},"end":{"line":44,"column":41}},"12":{"start":{"line":45,"column":4},"end":{"line":45,"column":37}},"13":{"start":{"line":46,"column":4},"end":{"line":46,"column":37}},"14":{"start":{"line":47,"column":4},"end":{"line":47,"column":35}},"15":{"start":{"line":48,"column":4},"end":{"line":48,"column":37}},"16":{"start":{"line":51,"column":4},"end":{"line":51,"column":27}},"17":{"start":{"line":52,"column":4},"end":{"line":52,"column":25}},"18":{"start":{"line":53,"column":4},"end":{"line":53,"column":25}},"19":{"start":{"line":60,"column":0},"end":{"line":80,"column":1}},"20":{"start":{"line":61,"column":4},"end":{"line":61,"column":59}},"21":{"start":{"line":61,"column":43},"end":{"line":61,"column":59}},"22":{"start":{"line":62,"column":4},"end":{"line":62,"column":25}},"23":{"start":{"line":64,"column":4},"end":{"line":64,"column":30}},"24":{"start":{"line":65,"column":4},"end":{"line":65,"column":33}},"25":{"start":{"line":66,"column":4},"end":{"line":66,"column":25}},"26":{"start":{"line":67,"column":4},"end":{"line":67,"column":25}},"27":{"start":{"line":68,"column":4},"end":{"line":68,"column":27}},"28":{"start":{"line":70,"column":4},"end":{"line":70,"column":41}},"29":{"start":{"line":73,"column":4},"end":{"line":79,"column":5}},"30":{"start":{"line":74,"column":8},"end":{"line":74,"column":23}},"31":{"start":{"line":75,"column":8},"end":{"line":75,"column":53}},"32":{"start":{"line":76,"column":8},"end":{"line":76,"column":57}},"33":{"start":{"line":77,"column":8},"end":{"line":77,"column":39}},"34":{"start":{"line":78,"column":8},"end":{"line":78,"column":62}},"35":{"start":{"line":86,"column":0},"end":{"line":105,"column":1}},"36":{"start":{"line":87,"column":4},"end":{"line":87,"column":68}},"37":{"start":{"line":87,"column":31},"end":{"line":87,"column":68}},"38":{"start":{"line":91,"column":4},"end":{"line":104,"column":5}},"39":{"start":{"line":92,"column":8},"end":{"line":92,"column":31}},"40":{"start":{"line":93,"column":8},"end":{"line":93,"column":32}},"41":{"start":{"line":94,"column":8},"end":{"line":94,"column":60}},"42":{"start":{"line":95,"column":11},"end":{"line":104,"column":5}},"43":{"start":{"line":96,"column":8},"end":{"line":96,"column":21}},"44":{"start":{"line":97,"column":8},"end":{"line":97,"column":30}},"45":{"start":{"line":98,"column":11},"end":{"line":104,"column":5}},"46":{"start":{"line":99,"column":8},"end":{"line":99,"column":21}},"47":{"start":{"line":100,"column":8},"end":{"line":100,"column":31}},"48":{"start":{"line":101,"column":11},"end":{"line":104,"column":5}},"49":{"start":{"line":102,"column":8},"end":{"line":102,"column":21}},"50":{"start":{"line":103,"column":8},"end":{"line":103,"column":28}},"51":{"start":{"line":111,"column":0},"end":{"line":125,"column":1}},"52":{"start":{"line":112,"column":16},"end":{"line":112,"column":26}},"53":{"start":{"line":113,"column":28},"end":{"line":113,"column":62}},"54":{"start":{"line":114,"column":4},"end":{"line":114,"column":67}},"55":{"start":{"line":115,"column":4},"end":{"line":115,"column":39}},"56":{"start":{"line":118,"column":4},"end":{"line":118,"column":67}},"57":{"start":{"line":119,"column":4},"end":{"line":119,"column":37}},"58":{"start":{"line":122,"column":4},"end":{"line":122,"column":21}},"59":{"start":{"line":123,"column":4},"end":{"line":123,"column":72}},"60":{"start":{"line":124,"column":4},"end":{"line":124,"column":28}},"61":{"start":{"line":130,"column":0},"end":{"line":146,"column":1}},"62":{"start":{"line":132,"column":8},"end":{"line":132,"column":54}},"63":{"start":{"line":135,"column":14},"end":{"line":135,"column":24}},"64":{"start":{"line":137,"column":19},"end":{"line":137,"column":77}},"65":{"start":{"line":138,"column":4},"end":{"line":138,"column":49}},"66":{"start":{"line":139,"column":4},"end":{"line":139,"column":37}},"67":{"start":{"line":141,"column":4},"end":{"line":141,"column":95}},"68":{"start":{"line":142,"column":4},"end":{"line":145,"column":5}},"69":{"start":{"line":143,"column":8},"end":{"line":143,"column":45}},"70":{"start":{"line":144,"column":8},"end":{"line":144,"column":20}},"71":{"start":{"line":151,"column":0},"end":{"line":163,"column":1}},"72":{"start":{"line":153,"column":4},"end":{"line":153,"column":49}},"73":{"start":{"line":154,"column":4},"end":{"line":154,"column":53}},"74":{"start":{"line":155,"column":4},"end":{"line":155,"column":47}},"75":{"start":{"line":158,"column":4},"end":{"line":158,"column":19}},"76":{"start":{"line":161,"column":4},"end":{"line":161,"column":24}},"77":{"start":{"line":162,"column":4},"end":{"line":162,"column":30}},"78":{"start":{"line":168,"column":0},"end":{"line":176,"column":1}},"79":{"start":{"line":170,"column":4},"end":{"line":170,"column":49}},"80":{"start":{"line":171,"column":4},"end":{"line":171,"column":53}},"81":{"start":{"line":172,"column":4},"end":{"line":172,"column":48}},"82":{"start":{"line":174,"column":4},"end":{"line":174,"column":31}},"83":{"start":{"line":175,"column":4},"end":{"line":175,"column":36}},"84":{"start":{"line":181,"column":0},"end":{"line":189,"column":1}},"85":{"start":{"line":183,"column":4},"end":{"line":183,"column":49}},"86":{"start":{"line":184,"column":4},"end":{"line":184,"column":53}},"87":{"start":{"line":185,"column":4},"end":{"line":185,"column":48}},"88":{"start":{"line":187,"column":4},"end":{"line":187,"column":30}},"89":{"start":{"line":188,"column":4},"end":{"line":188,"column":35}},"90":{"start":{"line":201,"column":0},"end":{"line":223,"column":1}},"91":{"start":{"line":203,"column":4},"end":{"line":220,"column":5}},"92":{"start":{"line":205,"column":12},"end":{"line":205,"column":134}},"93":{"start":{"line":206,"column":12},"end":{"line":206,"column":18}},"94":{"start":{"line":208,"column":12},"end":{"line":208,"column":137}},"95":{"start":{"line":209,"column":12},"end":{"line":209,"column":18}},"96":{"start":{"line":211,"column":12},"end":{"line":211,"column":136}},"97":{"start":{"line":212,"column":12},"end":{"line":212,"column":18}},"98":{"start":{"line":214,"column":12},"end":{"line":214,"column":134}},"99":{"start":{"line":215,"column":12},"end":{"line":215,"column":18}},"100":{"start":{"line":217,"column":12},"end":{"line":217,"column":134}},"101":{"start":{"line":219,"column":12},"end":{"line":219,"column":134}},"102":{"start":{"line":222,"column":4},"end":{"line":222,"column":44}},"103":{"start":{"line":228,"column":0},"end":{"line":232,"column":1}},"104":{"start":{"line":229,"column":4},"end":{"line":229,"column":37}},"105":{"start":{"line":230,"column":4},"end":{"line":230,"column":32}},"106":{"start":{"line":231,"column":4},"end":{"line":231,"column":28}},"107":{"start":{"line":235,"column":0},"end":{"line":235,"column":23}}},"fnMap":{"0":{"name":"timer","decl":{"start":{"line":16,"column":9},"end":{"line":16,"column":14}},"loc":{"start":{"line":28,"column":2},"end":{"line":54,"column":1}},"line":28},"1":{"name":"(anonymous_1)","decl":{"start":{"line":60,"column":24},"end":{"line":60,"column":25}},"loc":{"start":{"line":60,"column":49},"end":{"line":80,"column":1}},"line":60},"2":{"name":"(anonymous_2)","decl":{"start":{"line":86,"column":23},"end":{"line":86,"column":24}},"loc":{"start":{"line":86,"column":48},"end":{"line":105,"column":1}},"line":86},"3":{"name":"(anonymous_3)","decl":{"start":{"line":111,"column":24},"end":{"line":111,"column":25}},"loc":{"start":{"line":111,"column":49},"end":{"line":125,"column":1}},"line":111},"4":{"name":"(anonymous_4)","decl":{"start":{"line":130,"column":28},"end":{"line":130,"column":29}},"loc":{"start":{"line":130,"column":40},"end":{"line":146,"column":1}},"line":130},"5":{"name":"timerPad","decl":{"start":{"line":131,"column":13},"end":{"line":131,"column":21}},"loc":{"start":{"line":131,"column":34},"end":{"line":133,"column":5}},"line":131},"6":{"name":"(anonymous_6)","decl":{"start":{"line":151,"column":31},"end":{"line":151,"column":32}},"loc":{"start":{"line":151,"column":43},"end":{"line":163,"column":1}},"line":151},"7":{"name":"(anonymous_7)","decl":{"start":{"line":168,"column":34},"end":{"line":168,"column":35}},"loc":{"start":{"line":168,"column":46},"end":{"line":176,"column":1}},"line":168},"8":{"name":"(anonymous_8)","decl":{"start":{"line":181,"column":33},"end":{"line":181,"column":34}},"loc":{"start":{"line":181,"column":45},"end":{"line":189,"column":1}},"line":181},"9":{"name":"(anonymous_9)","decl":{"start":{"line":201,"column":35},"end":{"line":201,"column":36}},"loc":{"start":{"line":201,"column":47},"end":{"line":223,"column":1}},"line":201},"10":{"name":"(anonymous_10)","decl":{"start":{"line":228,"column":30},"end":{"line":228,"column":31}},"loc":{"start":{"line":228,"column":50},"end":{"line":232,"column":1}},"line":228}},"branchMap":{"0":{"loc":{"start":{"line":24,"column":4},"end":{"line":24,"column":17}},"type":"default-arg","locations":[{"start":{"line":24,"column":15},"end":{"line":24,"column":17}}],"line":24},"1":{"loc":{"start":{"line":25,"column":4},"end":{"line":25,"column":22}},"type":"default-arg","locations":[{"start":{"line":25,"column":21},"end":{"line":25,"column":22}}],"line":25},"2":{"loc":{"start":{"line":26,"column":4},"end":{"line":26,"column":22}},"type":"default-arg","locations":[{"start":{"line":26,"column":20},"end":{"line":26,"column":22}}],"line":26},"3":{"loc":{"start":{"line":27,"column":4},"end":{"line":27,"column":25}},"type":"default-arg","locations":[{"start":{"line":27,"column":24},"end":{"line":27,"column":25}}],"line":27},"4":{"loc":{"start":{"line":60,"column":34},"end":{"line":60,"column":47}},"type":"default-arg","locations":[{"start":{"line":60,"column":42},"end":{"line":60,"column":47}}],"line":60},"5":{"loc":{"start":{"line":61,"column":4},"end":{"line":61,"column":59}},"type":"if","locations":[{"start":{"line":61,"column":4},"end":{"line":61,"column":59}},{"start":{"line":61,"column":4},"end":{"line":61,"column":59}}],"line":61},"6":{"loc":{"start":{"line":61,"column":8},"end":{"line":61,"column":41}},"type":"binary-expr","locations":[{"start":{"line":61,"column":8},"end":{"line":61,"column":13}},{"start":{"line":61,"column":17},"end":{"line":61,"column":41}}],"line":61},"7":{"loc":{"start":{"line":73,"column":4},"end":{"line":79,"column":5}},"type":"if","locations":[{"start":{"line":73,"column":4},"end":{"line":79,"column":5}},{"start":{"line":73,"column":4},"end":{"line":79,"column":5}}],"line":73},"8":{"loc":{"start":{"line":86,"column":33},"end":{"line":86,"column":46}},"type":"default-arg","locations":[{"start":{"line":86,"column":41},"end":{"line":86,"column":46}}],"line":86},"9":{"loc":{"start":{"line":87,"column":4},"end":{"line":87,"column":68}},"type":"if","locations":[{"start":{"line":87,"column":4},"end":{"line":87,"column":68}},{"start":{"line":87,"column":4},"end":{"line":87,"column":68}}],"line":87},"10":{"loc":{"start":{"line":91,"column":4},"end":{"line":104,"column":5}},"type":"if","locations":[{"start":{"line":91,"column":4},"end":{"line":104,"column":5}},{"start":{"line":91,"column":4},"end":{"line":104,"column":5}}],"line":91},"11":{"loc":{"start":{"line":95,"column":11},"end":{"line":104,"column":5}},"type":"if","locations":[{"start":{"line":95,"column":11},"end":{"line":104,"column":5}},{"start":{"line":95,"column":11},"end":{"line":104,"column":5}}],"line":95},"12":{"loc":{"start":{"line":95,"column":15},"end":{"line":95,"column":81}},"type":"binary-expr","locations":[{"start":{"line":95,"column":15},"end":{"line":95,"column":35}},{"start":{"line":95,"column":39},"end":{"line":95,"column":81}}],"line":95},"13":{"loc":{"start":{"line":98,"column":11},"end":{"line":104,"column":5}},"type":"if","locations":[{"start":{"line":98,"column":11},"end":{"line":104,"column":5}},{"start":{"line":98,"column":11},"end":{"line":104,"column":5}}],"line":98},"14":{"loc":{"start":{"line":101,"column":11},"end":{"line":104,"column":5}},"type":"if","locations":[{"start":{"line":101,"column":11},"end":{"line":104,"column":5}},{"start":{"line":101,"column":11},"end":{"line":104,"column":5}}],"line":101},"15":{"loc":{"start":{"line":101,"column":15},"end":{"line":101,"column":72}},"type":"binary-expr","locations":[{"start":{"line":101,"column":15},"end":{"line":101,"column":42}},{"start":{"line":101,"column":46},"end":{"line":101,"column":72}}],"line":101},"16":{"loc":{"start":{"line":142,"column":4},"end":{"line":145,"column":5}},"type":"if","locations":[{"start":{"line":142,"column":4},"end":{"line":145,"column":5}},{"start":{"line":142,"column":4},"end":{"line":145,"column":5}}],"line":142},"17":{"loc":{"start":{"line":142,"column":8},"end":{"line":142,"column":46}},"type":"binary-expr","locations":[{"start":{"line":142,"column":8},"end":{"line":142,"column":25}},{"start":{"line":142,"column":29},"end":{"line":142,"column":46}}],"line":142},"18":{"loc":{"start":{"line":203,"column":4},"end":{"line":220,"column":5}},"type":"switch","locations":[{"start":{"line":204,"column":8},"end":{"line":206,"column":18}},{"start":{"line":207,"column":8},"end":{"line":209,"column":18}},{"start":{"line":210,"column":8},"end":{"line":212,"column":18}},{"start":{"line":213,"column":8},"end":{"line":215,"column":18}},{"start":{"line":216,"column":8},"end":{"line":217,"column":134}},{"start":{"line":218,"column":8},"end":{"line":219,"column":134}}],"line":203}},"s":{"0":1,"1":6,"2":6,"3":6,"4":6,"5":6,"6":6,"7":6,"8":6,"9":6,"10":6,"11":6,"12":6,"13":6,"14":6,"15":6,"16":6,"17":6,"18":6,"19":1,"20":41,"21":0,"22":41,"23":41,"24":41,"25":41,"26":41,"27":41,"28":41,"29":41,"30":0,"31":0,"32":0,"33":0,"34":0,"35":1,"36":41,"37":41,"38":41,"39":1,"40":1,"41":1,"42":40,"43":4,"44":4,"45":36,"46":16,"47":16,"48":20,"49":20,"50":20,"51":1,"52":45,"53":45,"54":45,"55":45,"56":45,"57":45,"58":45,"59":45,"60":45,"61":1,"62":155178,"63":77589,"64":77589,"65":77589,"66":77589,"67":77589,"68":77589,"69":40,"70":40,"71":1,"72":25,"73":25,"74":25,"75":25,"76":25,"77":25,"78":1,"79":16,"80":16,"81":16,"82":16,"83":16,"84":1,"85":4,"86":4,"87":4,"88":4,"89":4,"90":1,"91":46,"92":25,"93":25,"94":16,"95":16,"96":4,"97":4,"98":1,"99":1,"100":0,"101":0,"102":46,"103":1,"104":0,"105":0,"106":0,"107":1},"f":{"0":6,"1":41,"2":41,"3":45,"4":77589,"5":155178,"6":25,"7":16,"8":4,"9":46,"10":0},"b":{"0":[6],"1":[6],"2":[6],"3":[6],"4":[41],"5":[0,41],"6":[41,0],"7":[0,41],"8":[40],"9":[41,0],"10":[1,40],"11":[4,36],"12":[40,20],"13":[16,20],"14":[20,0],"15":[20,4],"16":[40,77549],"17":[77589,4760],"18":[25,16,4,1,0,0]},"_coverageSchema":"1a1c01bbd47fc00a2c39e90264f33305004495a9","hash":"06124c121c803be0ee9776fbe62c4d2715e91939"}
}
