TN:
SF:source\js\pomodoro.js
FN:6,convertStatusTextToState
FN:23,(anonymous_1)
FN:28,initializePage
FN:93,(anonymous_3)
FN:120,(anonymous_4)
FN:141,(anonymous_5)
FN:154,(anonymous_6)
FN:163,(anonymous_7)
FN:167,(anonymous_8)
FN:172,(anonymous_9)
FN:176,(anonymous_10)
FN:185,(anonymous_11)
FN:189,(anonymous_12)
FN:194,(anonymous_13)
FN:204,(anonymous_14)
FN:209,(anonymous_15)
FN:222,(anonymous_16)
FN:226,(anonymous_17)
FN:230,(anonymous_18)
FN:234,(anonymous_19)
FN:238,(anonymous_20)
FN:242,(anonymous_21)
FN:258,(anonymous_22)
FN:258,(anonymous_23)
FN:267,changeProject
FNF:25
FNH:2
FNDA:6,convertStatusTextToState
FNDA:2,(anonymous_1)
FNDA:0,initializePage
FNDA:0,(anonymous_3)
FNDA:0,(anonymous_4)
FNDA:0,(anonymous_5)
FNDA:0,(anonymous_6)
FNDA:0,(anonymous_7)
FNDA:0,(anonymous_8)
FNDA:0,(anonymous_9)
FNDA:0,(anonymous_10)
FNDA:0,(anonymous_11)
FNDA:0,(anonymous_12)
FNDA:0,(anonymous_13)
FNDA:0,(anonymous_14)
FNDA:0,(anonymous_15)
FNDA:0,(anonymous_16)
FNDA:0,(anonymous_17)
FNDA:0,(anonymous_18)
FNDA:0,(anonymous_19)
FNDA:0,(anonymous_20)
FNDA:0,(anonymous_21)
FNDA:0,(anonymous_22)
FNDA:0,(anonymous_23)
FNDA:0,changeProject
DA:7,6
DA:9,1
DA:11,1
DA:13,1
DA:15,1
DA:17,1
DA:19,1
DA:23,2
DA:24,2
DA:25,0
DA:30,0
DA:31,0
DA:32,0
DA:35,0
DA:36,0
DA:37,0
DA:38,0
DA:39,0
DA:40,0
DA:41,0
DA:42,0
DA:45,0
DA:46,0
DA:47,0
DA:48,0
DA:49,0
DA:50,0
DA:51,0
DA:52,0
DA:53,0
DA:54,0
DA:55,0
DA:58,0
DA:59,0
DA:60,0
DA:61,0
DA:62,0
DA:63,0
DA:64,0
DA:67,0
DA:68,0
DA:69,0
DA:70,0
DA:71,0
DA:74,0
DA:75,0
DA:76,0
DA:77,0
DA:78,0
DA:81,0
DA:82,0
DA:83,0
DA:84,0
DA:87,0
DA:88,0
DA:89,0
DA:90,0
DA:93,0
DA:94,0
DA:95,0
DA:96,0
DA:97,0
DA:98,0
DA:99,0
DA:104,0
DA:118,0
DA:120,0
DA:121,0
DA:122,0
DA:123,0
DA:125,0
DA:126,0
DA:128,0
DA:129,0
DA:131,0
DA:132,0
DA:134,0
DA:135,0
DA:137,0
DA:141,0
DA:143,0
DA:144,0
DA:145,0
DA:146,0
DA:148,0
DA:149,0
DA:150,0
DA:151,0
DA:154,0
DA:156,0
DA:157,0
DA:159,0
DA:163,0
DA:164,0
DA:167,0
DA:168,0
DA:169,0
DA:172,0
DA:173,0
DA:176,0
DA:177,0
DA:180,0
DA:181,0
DA:182,0
DA:185,0
DA:186,0
DA:189,0
DA:190,0
DA:191,0
DA:194,0
DA:195,0
DA:196,0
DA:197,0
DA:199,0
DA:200,0
DA:204,0
DA:205,0
DA:206,0
DA:209,0
DA:210,0
DA:211,0
DA:216,0
DA:218,0
DA:222,0
DA:223,0
DA:226,0
DA:227,0
DA:230,0
DA:231,0
DA:234,0
DA:235,0
DA:238,0
DA:239,0
DA:242,0
DA:243,0
DA:245,0
DA:246,0
DA:251,0
DA:253,0
DA:258,0
DA:259,0
DA:268,0
DA:269,0
DA:274,0
DA:275,0
DA:276,0
DA:282,2
LF:147
LH:10
BRDA:7,0,0,1
BRDA:7,0,1,1
BRDA:7,0,2,1
BRDA:7,0,3,1
BRDA:7,0,4,1
BRDA:7,0,5,1
BRDA:81,1,0,0
BRDA:81,1,1,0
BRDA:82,2,0,0
BRDA:82,2,1,0
BRDA:83,3,0,0
BRDA:83,3,1,0
BRDA:84,4,0,0
BRDA:84,4,1,0
BRDA:95,5,0,0
BRDA:95,5,1,0
BRDA:123,6,0,0
BRDA:123,6,1,0
BRDA:123,6,2,0
BRDA:123,6,3,0
BRDA:123,6,4,0
BRDA:125,7,0,0
BRDA:125,7,1,0
BRDA:128,8,0,0
BRDA:128,8,1,0
BRDA:131,9,0,0
BRDA:131,9,1,0
BRDA:156,10,0,0
BRDA:156,10,1,0
BRDA:195,11,0,0
BRDA:195,11,1,0
BRDA:195,12,0,0
BRDA:195,12,1,0
BRDA:210,13,0,0
BRDA:210,13,1,0
BRDA:245,14,0,0
BRDA:245,14,1,0
BRF:37
BRH:6
end_of_record
TN:
SF:source\js\project.js
FN:4,initializeLocalStorage
FN:14,getAllProjects
FN:23,getProject
FN:25,(anonymous_3)
FN:32,createProject
FN:35,(anonymous_5)
FN:50,deleteProject
FN:56,(anonymous_7)
FN:66,updateProject
FN:75,editProject
FN:84,refreshProjectList
FN:95,(anonymous_11)
FN:110,getAllDistractions
FN:119,logDistraction
FN:131,refreshDistractionLog
FN:138,(anonymous_15)
FNF:16
FNH:16
FNDA:7,initializeLocalStorage
FNDA:2,getAllProjects
FNDA:2,getProject
FNDA:4,(anonymous_3)
FNDA:7,createProject
FNDA:8,(anonymous_5)
FNDA:2,deleteProject
FNDA:4,(anonymous_7)
FNDA:1,updateProject
FNDA:1,editProject
FNDA:8,refreshProjectList
FNDA:14,(anonymous_11)
FNDA:3,getAllDistractions
FNDA:2,logDistraction
FNDA:2,refreshDistractionLog
FNDA:3,(anonymous_15)
DA:5,7
DA:6,7
DA:7,7
DA:8,7
DA:15,2
DA:16,2
DA:24,2
DA:25,4
DA:33,7
DA:34,7
DA:35,8
DA:36,1
DA:37,1
DA:39,6
DA:40,6
DA:41,6
DA:42,6
DA:51,2
DA:52,0
DA:53,0
DA:55,2
DA:56,4
DA:57,2
DA:58,2
DA:67,1
DA:68,1
DA:76,1
DA:77,1
DA:78,1
DA:85,8
DA:87,8
DA:88,8
DA:90,8
DA:91,10
DA:94,8
DA:95,8
DA:96,14
DA:97,14
DA:103,14
DA:111,3
DA:112,3
DA:120,2
DA:121,2
DA:122,2
DA:123,2
DA:124,2
DA:125,2
DA:132,2
DA:133,2
DA:134,2
DA:136,2
DA:138,2
DA:139,3
DA:140,3
DA:141,3
DA:146,2
LF:56
LH:54
BRDA:15,0,0,0
BRDA:15,0,1,2
BRDA:24,1,0,0
BRDA:24,1,1,2
BRDA:33,2,0,0
BRDA:33,2,1,7
BRDA:35,3,0,1
BRDA:35,3,1,6
BRDA:51,4,0,0
BRDA:51,4,1,2
BRDA:85,5,0,0
BRDA:85,5,1,8
BRDA:111,6,0,0
BRDA:111,6,1,3
BRDA:120,7,0,0
BRDA:120,7,1,2
BRDA:122,8,0,0
BRDA:122,8,1,2
BRDA:132,9,0,0
BRDA:132,9,1,2
BRF:20
BRH:11
end_of_record
TN:
SF:source\js\timer.js
FN:16,timer
FN:60,(anonymous_1)
FN:86,(anonymous_2)
FN:111,(anonymous_3)
FN:130,(anonymous_4)
FN:131,timerPad
FN:151,(anonymous_6)
FN:168,(anonymous_7)
FN:181,(anonymous_8)
FN:201,(anonymous_9)
FN:228,(anonymous_10)
FNF:11
FNH:10
FNDA:6,timer
FNDA:41,(anonymous_1)
FNDA:41,(anonymous_2)
FNDA:45,(anonymous_3)
FNDA:77589,(anonymous_4)
FNDA:155178,timerPad
FNDA:25,(anonymous_6)
FNDA:16,(anonymous_7)
FNDA:4,(anonymous_8)
FNDA:46,(anonymous_9)
FNDA:0,(anonymous_10)
DA:3,1
DA:30,6
DA:31,6
DA:34,6
DA:35,6
DA:36,6
DA:37,6
DA:38,6
DA:39,6
DA:42,6
DA:43,6
DA:44,6
DA:45,6
DA:46,6
DA:47,6
DA:48,6
DA:51,6
DA:52,6
DA:53,6
DA:60,1
DA:61,41
DA:62,41
DA:64,41
DA:65,41
DA:66,41
DA:67,41
DA:68,41
DA:70,41
DA:73,41
DA:74,0
DA:75,0
DA:76,0
DA:77,0
DA:78,0
DA:86,1
DA:87,41
DA:91,41
DA:92,1
DA:93,1
DA:94,1
DA:95,40
DA:96,4
DA:97,4
DA:98,36
DA:99,16
DA:100,16
DA:101,20
DA:102,20
DA:103,20
DA:111,1
DA:112,45
DA:113,45
DA:114,45
DA:115,45
DA:118,45
DA:119,45
DA:122,45
DA:123,45
DA:124,45
DA:130,1
DA:132,155178
DA:135,77589
DA:137,77589
DA:138,77589
DA:139,77589
DA:141,77589
DA:142,77589
DA:143,40
DA:144,40
DA:151,1
DA:153,25
DA:154,25
DA:155,25
DA:158,25
DA:161,25
DA:162,25
DA:168,1
DA:170,16
DA:171,16
DA:172,16
DA:174,16
DA:175,16
DA:181,1
DA:183,4
DA:184,4
DA:185,4
DA:187,4
DA:188,4
DA:201,1
DA:203,46
DA:205,25
DA:206,25
DA:208,16
DA:209,16
DA:211,4
DA:212,4
DA:214,1
DA:215,1
DA:217,0
DA:219,0
DA:222,46
DA:228,1
DA:229,0
DA:230,0
DA:231,0
DA:235,1
LF:106
LH:96
BRDA:24,0,0,6
BRDA:25,1,0,6
BRDA:26,2,0,6
BRDA:27,3,0,6
BRDA:60,4,0,41
BRDA:61,5,0,0
BRDA:61,5,1,41
BRDA:61,6,0,41
BRDA:61,6,1,0
BRDA:73,7,0,0
BRDA:73,7,1,41
BRDA:86,8,0,40
BRDA:87,9,0,41
BRDA:87,9,1,0
BRDA:91,10,0,1
BRDA:91,10,1,40
BRDA:95,11,0,4
BRDA:95,11,1,36
BRDA:95,12,0,40
BRDA:95,12,1,20
BRDA:98,13,0,16
BRDA:98,13,1,20
BRDA:101,14,0,20
BRDA:101,14,1,0
BRDA:101,15,0,20
BRDA:101,15,1,4
BRDA:142,16,0,40
BRDA:142,16,1,77549
BRDA:142,17,0,77589
BRDA:142,17,1,4760
BRDA:203,18,0,25
BRDA:203,18,1,16
BRDA:203,18,2,4
BRDA:203,18,3,1
BRDA:203,18,4,0
BRDA:203,18,5,0
BRF:36
BRH:29
end_of_record
