TN:
SF:source\js\pomodoro.js
FN:6,convertStatusTextToState
FN:23,(anonymous_1)
FN:28,initializePage
FN:105,(anonymous_3)
FN:139,(anonymous_4)
FN:160,(anonymous_5)
FN:177,(anonymous_6)
FN:186,(anonymous_7)
FN:190,(anonymous_8)
FN:195,(anonymous_9)
FN:199,(anonymous_10)
FN:208,(anonymous_11)
FN:212,(anonymous_12)
FN:217,(anonymous_13)
FN:227,(anonymous_14)
FN:232,(anonymous_15)
FN:245,(anonymous_16)
FN:249,(anonymous_17)
FN:253,(anonymous_18)
FN:257,(anonymous_19)
FN:261,(anonymous_20)
FN:265,(anonymous_21)
FN:281,(anonymous_22)
FN:281,(anonymous_23)
FN:290,changeProject
FNF:25
FNH:2
FNDA:6,convertStatusTextToState
FNDA:2,(anonymous_1)
FNDA:0,initializePage
FNDA:0,(anonymous_3)
FNDA:0,(anonymous_4)
FNDA:0,(anonymous_5)
FNDA:0,(anonymous_6)
FNDA:0,(anonymous_7)
FNDA:0,(anonymous_8)
FNDA:0,(anonymous_9)
FNDA:0,(anonymous_10)
FNDA:0,(anonymous_11)
FNDA:0,(anonymous_12)
FNDA:0,(anonymous_13)
FNDA:0,(anonymous_14)
FNDA:0,(anonymous_15)
FNDA:0,(anonymous_16)
FNDA:0,(anonymous_17)
FNDA:0,(anonymous_18)
FNDA:0,(anonymous_19)
FNDA:0,(anonymous_20)
FNDA:0,(anonymous_21)
FNDA:0,(anonymous_22)
FNDA:0,(anonymous_23)
FNDA:0,changeProject
DA:7,6
DA:9,1
DA:11,1
DA:13,1
DA:15,1
DA:17,1
DA:19,1
DA:23,2
DA:24,2
DA:25,0
DA:30,0
DA:31,0
DA:32,0
DA:35,0
DA:36,0
DA:37,0
DA:38,0
DA:39,0
DA:40,0
DA:41,0
DA:42,0
DA:45,0
DA:46,0
DA:47,0
DA:48,0
DA:49,0
DA:50,0
DA:51,0
DA:52,0
DA:53,0
DA:54,0
DA:55,0
DA:58,0
DA:59,0
DA:60,0
DA:61,0
DA:62,0
DA:63,0
DA:64,0
DA:67,0
DA:68,0
DA:69,0
DA:70,0
DA:71,0
DA:72,0
DA:73,0
DA:74,0
DA:77,0
DA:78,0
DA:79,0
DA:80,0
DA:81,0
DA:84,0
DA:85,0
DA:86,0
DA:87,0
DA:88,0
DA:89,0
DA:90,0
DA:93,0
DA:94,0
DA:95,0
DA:96,0
DA:97,0
DA:98,0
DA:99,0
DA:102,0
DA:105,0
DA:106,0
DA:107,0
DA:108,0
DA:109,0
DA:110,0
DA:111,0
DA:112,0
DA:114,0
DA:115,0
DA:117,0
DA:123,0
DA:137,0
DA:139,0
DA:140,0
DA:141,0
DA:142,0
DA:144,0
DA:145,0
DA:147,0
DA:148,0
DA:150,0
DA:151,0
DA:153,0
DA:154,0
DA:156,0
DA:160,0
DA:162,0
DA:163,0
DA:164,0
DA:165,0
DA:167,0
DA:168,0
DA:171,0
DA:172,0
DA:173,0
DA:174,0
DA:177,0
DA:179,0
DA:180,0
DA:182,0
DA:186,0
DA:187,0
DA:190,0
DA:191,0
DA:192,0
DA:195,0
DA:196,0
DA:199,0
DA:200,0
DA:203,0
DA:204,0
DA:205,0
DA:208,0
DA:209,0
DA:212,0
DA:213,0
DA:214,0
DA:217,0
DA:218,0
DA:219,0
DA:220,0
DA:222,0
DA:223,0
DA:227,0
DA:228,0
DA:229,0
DA:232,0
DA:233,0
DA:234,0
DA:239,0
DA:241,0
DA:245,0
DA:246,0
DA:249,0
DA:250,0
DA:253,0
DA:254,0
DA:257,0
DA:258,0
DA:261,0
DA:262,0
DA:265,0
DA:266,0
DA:268,0
DA:269,0
DA:274,0
DA:276,0
DA:281,0
DA:282,0
DA:291,0
DA:292,0
DA:293,0
DA:295,0
DA:296,0
DA:297,0
DA:298,0
DA:303,0
DA:304,0
DA:308,0
DA:310,0
DA:311,0
DA:312,0
DA:315,2
LF:171
LH:10
BRDA:7,0,0,1
BRDA:7,0,1,1
BRDA:7,0,2,1
BRDA:7,0,3,1
BRDA:7,0,4,1
BRDA:7,0,5,1
BRDA:84,1,0,0
BRDA:84,1,1,0
BRDA:85,2,0,0
BRDA:85,2,1,0
BRDA:86,3,0,0
BRDA:86,3,1,0
BRDA:87,4,0,0
BRDA:87,4,1,0
BRDA:88,5,0,0
BRDA:88,5,1,0
BRDA:89,6,0,0
BRDA:89,6,1,0
BRDA:90,7,0,0
BRDA:90,7,1,0
BRDA:102,8,0,0
BRDA:102,8,1,0
BRDA:107,9,0,0
BRDA:107,9,1,0
BRDA:117,10,0,0
BRDA:117,10,1,0
BRDA:142,11,0,0
BRDA:142,11,1,0
BRDA:142,11,2,0
BRDA:142,11,3,0
BRDA:142,11,4,0
BRDA:144,12,0,0
BRDA:144,12,1,0
BRDA:147,13,0,0
BRDA:147,13,1,0
BRDA:150,14,0,0
BRDA:150,14,1,0
BRDA:179,15,0,0
BRDA:179,15,1,0
BRDA:218,16,0,0
BRDA:218,16,1,0
BRDA:218,17,0,0
BRDA:218,17,1,0
BRDA:233,18,0,0
BRDA:233,18,1,0
BRDA:268,19,0,0
BRDA:268,19,1,0
BRF:47
BRH:6
end_of_record
TN:
SF:source\js\project.js
FN:4,initializeLocalStorage
FN:23,getProject
FN:25,(anonymous_2)
FN:32,createProject
FN:35,(anonymous_4)
FN:50,deleteProject
FN:56,(anonymous_6)
FN:66,updateProject
FN:69,(anonymous_8)
FN:70,(anonymous_9)
FN:84,editProject
FN:93,refreshProjectList
FN:105,(anonymous_12)
FN:139,logDistraction
FN:151,refreshDistractionLog
FN:158,(anonymous_15)
FNF:16
FNH:16
FNDA:6,initializeLocalStorage
FNDA:1,getProject
FNDA:2,(anonymous_2)
FNDA:5,createProject
FNDA:6,(anonymous_4)
FNDA:1,deleteProject
FNDA:2,(anonymous_6)
FNDA:1,updateProject
FNDA:2,(anonymous_8)
FNDA:2,(anonymous_9)
FNDA:1,editProject
FNDA:6,refreshProjectList
FNDA:11,(anonymous_12)
FNDA:2,logDistraction
FNDA:2,refreshDistractionLog
FNDA:3,(anonymous_15)
DA:5,6
DA:6,6
DA:7,6
DA:8,6
DA:24,1
DA:25,2
DA:33,5
DA:34,5
DA:35,6
DA:36,1
DA:37,1
DA:39,4
DA:40,4
DA:41,4
DA:42,4
DA:51,1
DA:52,0
DA:53,0
DA:55,1
DA:56,2
DA:57,1
DA:58,1
DA:67,1
DA:68,1
DA:69,2
DA:70,2
DA:71,1
DA:72,1
DA:73,1
DA:75,0
DA:76,0
DA:85,1
DA:86,1
DA:87,1
DA:94,6
DA:96,6
DA:97,6
DA:99,6
DA:100,8
DA:103,6
DA:104,6
DA:105,6
DA:106,11
DA:107,11
DA:108,6
DA:115,5
DA:122,11
DA:123,11
DA:140,2
DA:141,2
DA:142,2
DA:143,2
DA:144,2
DA:145,2
DA:152,2
DA:153,2
DA:154,2
DA:156,2
DA:158,2
DA:159,3
DA:160,3
DA:161,3
DA:162,3
DA:167,2
LF:64
LH:60
BRDA:24,0,0,0
BRDA:24,0,1,1
BRDA:33,1,0,0
BRDA:33,1,1,5
BRDA:35,2,0,1
BRDA:35,2,1,4
BRDA:51,3,0,0
BRDA:51,3,1,1
BRDA:67,4,0,0
BRDA:67,4,1,1
BRDA:69,5,0,1
BRDA:69,5,1,0
BRDA:94,6,0,0
BRDA:94,6,1,6
BRDA:107,7,0,6
BRDA:107,7,1,5
BRDA:140,8,0,0
BRDA:140,8,1,2
BRDA:142,9,0,0
BRDA:142,9,1,2
BRDA:152,10,0,0
BRDA:152,10,1,2
BRF:22
BRH:13
end_of_record
TN:
SF:source\js\timer.js
FN:21,timer
FN:70,(anonymous_1)
FN:100,(anonymous_2)
FN:125,(anonymous_3)
FN:144,(anonymous_4)
FN:145,timerPad
FN:165,(anonymous_6)
FN:177,(anonymous_7)
FN:202,(anonymous_8)
FN:219,(anonymous_9)
FN:243,(anonymous_10)
FN:270,(anonymous_11)
FNF:12
FNH:11
FNDA:6,timer
FNDA:41,(anonymous_1)
FNDA:41,(anonymous_2)
FNDA:45,(anonymous_3)
FNDA:77589,(anonymous_4)
FNDA:155178,timerPad
FNDA:30353,(anonymous_6)
FNDA:25,(anonymous_7)
FNDA:16,(anonymous_8)
FNDA:4,(anonymous_9)
FNDA:46,(anonymous_10)
FNDA:0,(anonymous_11)
DA:3,1
DA:8,1
DA:37,6
DA:38,6
DA:41,6
DA:42,6
DA:43,6
DA:44,6
DA:45,6
DA:46,6
DA:47,6
DA:48,6
DA:49,6
DA:52,6
DA:53,6
DA:54,6
DA:55,6
DA:56,6
DA:57,6
DA:58,6
DA:61,6
DA:62,6
DA:63,6
DA:70,1
DA:71,41
DA:72,41
DA:74,41
DA:75,41
DA:77,41
DA:78,41
DA:80,41
DA:81,41
DA:82,41
DA:84,41
DA:87,41
DA:88,0
DA:89,0
DA:90,0
DA:91,0
DA:92,0
DA:100,1
DA:101,41
DA:105,41
DA:106,1
DA:107,1
DA:108,1
DA:109,40
DA:110,4
DA:111,4
DA:112,36
DA:113,16
DA:114,16
DA:115,20
DA:116,20
DA:117,20
DA:125,1
DA:126,45
DA:127,45
DA:128,45
DA:129,45
DA:132,45
DA:133,45
DA:134,45
DA:137,45
DA:138,45
DA:144,1
DA:146,155178
DA:149,77589
DA:151,77589
DA:152,77589
DA:153,77589
DA:155,77589
DA:156,77589
DA:157,40
DA:158,40
DA:165,1
DA:166,30353
DA:167,1
DA:168,1
DA:171,30352
DA:177,1
DA:178,25
DA:179,25
DA:182,25
DA:183,25
DA:184,25
DA:187,25
DA:190,25
DA:191,25
DA:194,25
DA:195,25
DA:202,1
DA:204,16
DA:205,16
DA:206,16
DA:208,16
DA:209,16
DA:212,16
DA:213,16
DA:219,1
DA:221,4
DA:222,4
DA:223,4
DA:225,4
DA:226,4
DA:229,4
DA:230,4
DA:243,1
DA:245,46
DA:247,25
DA:248,25
DA:250,16
DA:251,16
DA:253,4
DA:254,4
DA:256,1
DA:257,1
DA:259,0
DA:261,0
DA:264,46
DA:270,1
DA:271,0
DA:272,0
DA:273,0
DA:277,1
LF:125
LH:115
BRDA:29,0,0,6
BRDA:30,1,0,6
BRDA:31,2,0,6
BRDA:32,3,0,6
BRDA:33,4,0,6
BRDA:34,5,0,6
BRDA:70,6,0,41
BRDA:71,7,0,0
BRDA:71,7,1,41
BRDA:71,8,0,41
BRDA:71,8,1,0
BRDA:87,9,0,0
BRDA:87,9,1,41
BRDA:100,10,0,40
BRDA:101,11,0,41
BRDA:101,11,1,0
BRDA:105,12,0,1
BRDA:105,12,1,40
BRDA:109,13,0,4
BRDA:109,13,1,36
BRDA:109,14,0,40
BRDA:109,14,1,20
BRDA:112,15,0,16
BRDA:112,15,1,20
BRDA:115,16,0,20
BRDA:115,16,1,0
BRDA:115,17,0,20
BRDA:115,17,1,4
BRDA:156,18,0,40
BRDA:156,18,1,77549
BRDA:156,19,0,77589
BRDA:156,19,1,4760
BRDA:166,20,0,1
BRDA:166,20,1,30352
BRDA:190,21,0,25
BRDA:190,21,1,0
BRDA:194,22,0,25
BRDA:194,22,1,0
BRDA:208,23,0,16
BRDA:208,23,1,0
BRDA:225,24,0,4
BRDA:225,24,1,0
BRDA:245,25,0,25
BRDA:245,25,1,16
BRDA:245,25,2,4
BRDA:245,25,3,1
BRDA:245,25,4,0
BRDA:245,25,5,0
BRF:48
BRH:37
end_of_record
